<?xml version="1.0" encoding="UTF-8"?>
<testsuite xmlns:xsi="http://www.w3.org/2001/XMLSchema-instance" xsi:noNamespaceSchemaLocation="https://maven.apache.org/surefire/maven-surefire-plugin/xsd/surefire-test-report-3.0.xsd" version="3.0" name="com.campaign.controller.CampaignControllerTest" time="0.343" tests="9" errors="0" skipped="0" failures="0">
  <properties>
    <property name="java.specification.version" value="17"/>
    <property name="sun.jnu.encoding" value="UTF-8"/>
    <property name="java.class.path" value="/Users/abdulbasithmohammed/Documents/java_projects/jenkins/campaign-service/target/test-classes:/Users/abdulbasithmohammed/Documents/java_projects/jenkins/campaign-service/target/classes:/Users/abdulbasithmohammed/.m2/repository/io/jsonwebtoken/jjwt-api/0.11.5/jjwt-api-0.11.5.jar:/Users/abdulbasithmohammed/.m2/repository/io/jsonwebtoken/jjwt-impl/0.11.5/jjwt-impl-0.11.5.jar:/Users/abdulbasithmohammed/.m2/repository/io/jsonwebtoken/jjwt-jackson/0.11.5/jjwt-jackson-0.11.5.jar:/Users/abdulbasithmohammed/.m2/repository/com/fasterxml/jackson/core/jackson-databind/2.15.4/jackson-databind-2.15.4.jar:/Users/abdulbasithmohammed/.m2/repository/com/fasterxml/jackson/core/jackson-annotations/2.15.4/jackson-annotations-2.15.4.jar:/Users/abdulbasithmohammed/.m2/repository/com/fasterxml/jackson/core/jackson-core/2.15.4/jackson-core-2.15.4.jar:/Users/abdulbasithmohammed/.m2/repository/org/springframework/boot/spring-boot-starter-security/3.2.3/spring-boot-starter-security-3.2.3.jar:/Users/abdulbasithmohammed/.m2/repository/org/springframework/boot/spring-boot-starter/3.2.3/spring-boot-starter-3.2.3.jar:/Users/abdulbasithmohammed/.m2/repository/org/springframework/boot/spring-boot/3.2.3/spring-boot-3.2.3.jar:/Users/abdulbasithmohammed/.m2/repository/org/springframework/boot/spring-boot-autoconfigure/3.2.3/spring-boot-autoconfigure-3.2.3.jar:/Users/abdulbasithmohammed/.m2/repository/org/springframework/boot/spring-boot-starter-logging/3.2.3/spring-boot-starter-logging-3.2.3.jar:/Users/abdulbasithmohammed/.m2/repository/ch/qos/logback/logback-classic/1.4.14/logback-classic-1.4.14.jar:/Users/abdulbasithmohammed/.m2/repository/ch/qos/logback/logback-core/1.4.14/logback-core-1.4.14.jar:/Users/abdulbasithmohammed/.m2/repository/org/apache/logging/log4j/log4j-to-slf4j/2.21.1/log4j-to-slf4j-2.21.1.jar:/Users/abdulbasithmohammed/.m2/repository/org/slf4j/jul-to-slf4j/2.0.12/jul-to-slf4j-2.0.12.jar:/Users/abdulbasithmohammed/.m2/repository/jakarta/annotation/jakarta.annotation-api/2.1.1/jakarta.annotation-api-2.1.1.jar:/Users/abdulbasithmohammed/.m2/repository/org/yaml/snakeyaml/2.2/snakeyaml-2.2.jar:/Users/abdulbasithmohammed/.m2/repository/org/springframework/spring-aop/6.1.4/spring-aop-6.1.4.jar:/Users/abdulbasithmohammed/.m2/repository/org/springframework/spring-beans/6.1.4/spring-beans-6.1.4.jar:/Users/abdulbasithmohammed/.m2/repository/org/springframework/security/spring-security-config/6.2.2/spring-security-config-6.2.2.jar:/Users/abdulbasithmohammed/.m2/repository/org/springframework/spring-context/6.1.4/spring-context-6.1.4.jar:/Users/abdulbasithmohammed/.m2/repository/org/springframework/security/spring-security-web/6.2.2/spring-security-web-6.2.2.jar:/Users/abdulbasithmohammed/.m2/repository/org/springframework/spring-expression/6.1.4/spring-expression-6.1.4.jar:/Users/abdulbasithmohammed/.m2/repository/org/springframework/security/spring-security-test/6.2.2/spring-security-test-6.2.2.jar:/Users/abdulbasithmohammed/.m2/repository/org/springframework/security/spring-security-core/6.2.2/spring-security-core-6.2.2.jar:/Users/abdulbasithmohammed/.m2/repository/org/springframework/security/spring-security-crypto/6.2.2/spring-security-crypto-6.2.2.jar:/Users/abdulbasithmohammed/.m2/repository/io/micrometer/micrometer-observation/1.12.3/micrometer-observation-1.12.3.jar:/Users/abdulbasithmohammed/.m2/repository/io/micrometer/micrometer-commons/1.12.3/micrometer-commons-1.12.3.jar:/Users/abdulbasithmohammed/.m2/repository/org/springframework/spring-core/6.1.4/spring-core-6.1.4.jar:/Users/abdulbasithmohammed/.m2/repository/org/springframework/spring-jcl/6.1.4/spring-jcl-6.1.4.jar:/Users/abdulbasithmohammed/.m2/repository/org/springframework/spring-test/6.1.4/spring-test-6.1.4.jar:/Users/abdulbasithmohammed/.m2/repository/org/springframework/boot/spring-boot-starter-data-jpa/3.2.3/spring-boot-starter-data-jpa-3.2.3.jar:/Users/abdulbasithmohammed/.m2/repository/org/springframework/boot/spring-boot-starter-aop/3.2.3/spring-boot-starter-aop-3.2.3.jar:/Users/abdulbasithmohammed/.m2/repository/org/aspectj/aspectjweaver/1.9.21/aspectjweaver-1.9.21.jar:/Users/abdulbasithmohammed/.m2/repository/org/springframework/boot/spring-boot-starter-jdbc/3.2.3/spring-boot-starter-jdbc-3.2.3.jar:/Users/abdulbasithmohammed/.m2/repository/com/zaxxer/HikariCP/5.0.1/HikariCP-5.0.1.jar:/Users/abdulbasithmohammed/.m2/repository/org/springframework/spring-jdbc/6.1.4/spring-jdbc-6.1.4.jar:/Users/abdulbasithmohammed/.m2/repository/org/hibernate/orm/hibernate-core/6.4.4.Final/hibernate-core-6.4.4.Final.jar:/Users/abdulbasithmohammed/.m2/repository/jakarta/persistence/jakarta.persistence-api/3.1.0/jakarta.persistence-api-3.1.0.jar:/Users/abdulbasithmohammed/.m2/repository/jakarta/transaction/jakarta.transaction-api/2.0.1/jakarta.transaction-api-2.0.1.jar:/Users/abdulbasithmohammed/.m2/repository/org/jboss/logging/jboss-logging/3.5.3.Final/jboss-logging-3.5.3.Final.jar:/Users/abdulbasithmohammed/.m2/repository/org/hibernate/common/hibernate-commons-annotations/6.0.6.Final/hibernate-commons-annotations-6.0.6.Final.jar:/Users/abdulbasithmohammed/.m2/repository/io/smallrye/jandex/3.1.2/jandex-3.1.2.jar:/Users/abdulbasithmohammed/.m2/repository/com/fasterxml/classmate/1.6.0/classmate-1.6.0.jar:/Users/abdulbasithmohammed/.m2/repository/net/bytebuddy/byte-buddy/1.14.12/byte-buddy-1.14.12.jar:/Users/abdulbasithmohammed/.m2/repository/org/glassfish/jaxb/jaxb-runtime/4.0.4/jaxb-runtime-4.0.4.jar:/Users/abdulbasithmohammed/.m2/repository/org/glassfish/jaxb/jaxb-core/4.0.4/jaxb-core-4.0.4.jar:/Users/abdulbasithmohammed/.m2/repository/org/eclipse/angus/angus-activation/2.0.1/angus-activation-2.0.1.jar:/Users/abdulbasithmohammed/.m2/repository/org/glassfish/jaxb/txw2/4.0.4/txw2-4.0.4.jar:/Users/abdulbasithmohammed/.m2/repository/com/sun/istack/istack-commons-runtime/4.1.2/istack-commons-runtime-4.1.2.jar:/Users/abdulbasithmohammed/.m2/repository/jakarta/inject/jakarta.inject-api/2.0.1/jakarta.inject-api-2.0.1.jar:/Users/abdulbasithmohammed/.m2/repository/org/antlr/antlr4-runtime/4.13.0/antlr4-runtime-4.13.0.jar:/Users/abdulbasithmohammed/.m2/repository/org/springframework/data/spring-data-jpa/3.2.3/spring-data-jpa-3.2.3.jar:/Users/abdulbasithmohammed/.m2/repository/org/springframework/data/spring-data-commons/3.2.3/spring-data-commons-3.2.3.jar:/Users/abdulbasithmohammed/.m2/repository/org/springframework/spring-orm/6.1.4/spring-orm-6.1.4.jar:/Users/abdulbasithmohammed/.m2/repository/org/springframework/spring-tx/6.1.4/spring-tx-6.1.4.jar:/Users/abdulbasithmohammed/.m2/repository/org/slf4j/slf4j-api/2.0.12/slf4j-api-2.0.12.jar:/Users/abdulbasithmohammed/.m2/repository/org/springframework/spring-aspects/6.1.4/spring-aspects-6.1.4.jar:/Users/abdulbasithmohammed/.m2/repository/org/springframework/boot/spring-boot-starter-web/3.2.3/spring-boot-starter-web-3.2.3.jar:/Users/abdulbasithmohammed/.m2/repository/org/springframework/boot/spring-boot-starter-json/3.2.3/spring-boot-starter-json-3.2.3.jar:/Users/abdulbasithmohammed/.m2/repository/com/fasterxml/jackson/datatype/jackson-datatype-jdk8/2.15.4/jackson-datatype-jdk8-2.15.4.jar:/Users/abdulbasithmohammed/.m2/repository/com/fasterxml/jackson/datatype/jackson-datatype-jsr310/2.15.4/jackson-datatype-jsr310-2.15.4.jar:/Users/abdulbasithmohammed/.m2/repository/com/fasterxml/jackson/module/jackson-module-parameter-names/2.15.4/jackson-module-parameter-names-2.15.4.jar:/Users/abdulbasithmohammed/.m2/repository/org/springframework/boot/spring-boot-starter-tomcat/3.2.3/spring-boot-starter-tomcat-3.2.3.jar:/Users/abdulbasithmohammed/.m2/repository/org/apache/tomcat/embed/tomcat-embed-core/10.1.19/tomcat-embed-core-10.1.19.jar:/Users/abdulbasithmohammed/.m2/repository/org/apache/tomcat/embed/tomcat-embed-el/10.1.19/tomcat-embed-el-10.1.19.jar:/Users/abdulbasithmohammed/.m2/repository/org/apache/tomcat/embed/tomcat-embed-websocket/10.1.19/tomcat-embed-websocket-10.1.19.jar:/Users/abdulbasithmohammed/.m2/repository/org/springframework/spring-web/6.1.4/spring-web-6.1.4.jar:/Users/abdulbasithmohammed/.m2/repository/org/springframework/spring-webmvc/6.1.4/spring-webmvc-6.1.4.jar:/Users/abdulbasithmohammed/.m2/repository/org/springframework/boot/spring-boot-starter-log4j2/3.2.3/spring-boot-starter-log4j2-3.2.3.jar:/Users/abdulbasithmohammed/.m2/repository/org/apache/logging/log4j/log4j-slf4j2-impl/2.21.1/log4j-slf4j2-impl-2.21.1.jar:/Users/abdulbasithmohammed/.m2/repository/org/apache/logging/log4j/log4j-api/2.21.1/log4j-api-2.21.1.jar:/Users/abdulbasithmohammed/.m2/repository/org/apache/logging/log4j/log4j-core/2.21.1/log4j-core-2.21.1.jar:/Users/abdulbasithmohammed/.m2/repository/org/apache/logging/log4j/log4j-jul/2.21.1/log4j-jul-2.21.1.jar:/Users/abdulbasithmohammed/.m2/repository/com/splunk/logging/splunk-library-javalogging/1.8.0/splunk-library-javalogging-1.8.0.jar:/Users/abdulbasithmohammed/.m2/repository/com/squareup/okhttp3/okhttp/4.12.0/okhttp-4.12.0.jar:/Users/abdulbasithmohammed/.m2/repository/com/squareup/okio/okio/3.6.0/okio-3.6.0.jar:/Users/abdulbasithmohammed/.m2/repository/com/squareup/okio/okio-jvm/3.6.0/okio-jvm-3.6.0.jar:/Users/abdulbasithmohammed/.m2/repository/org/jetbrains/kotlin/kotlin-stdlib-common/1.9.22/kotlin-stdlib-common-1.9.22.jar:/Users/abdulbasithmohammed/.m2/repository/org/jetbrains/kotlin/kotlin-stdlib-jdk8/1.9.22/kotlin-stdlib-jdk8-1.9.22.jar:/Users/abdulbasithmohammed/.m2/repository/org/jetbrains/kotlin/kotlin-stdlib/1.9.22/kotlin-stdlib-1.9.22.jar:/Users/abdulbasithmohammed/.m2/repository/org/jetbrains/annotations/13.0/annotations-13.0.jar:/Users/abdulbasithmohammed/.m2/repository/org/jetbrains/kotlin/kotlin-stdlib-jdk7/1.9.22/kotlin-stdlib-jdk7-1.9.22.jar:/Users/abdulbasithmohammed/.m2/repository/com/google/code/gson/gson/2.10.1/gson-2.10.1.jar:/Users/abdulbasithmohammed/.m2/repository/org/postgresql/postgresql/42.6.1/postgresql-42.6.1.jar:/Users/abdulbasithmohammed/.m2/repository/org/checkerframework/checker-qual/3.31.0/checker-qual-3.31.0.jar:/Users/abdulbasithmohammed/.m2/repository/org/projectlombok/lombok/1.18.30/lombok-1.18.30.jar:/Users/abdulbasithmohammed/.m2/repository/org/springframework/boot/spring-boot-starter-test/3.2.3/spring-boot-starter-test-3.2.3.jar:/Users/abdulbasithmohammed/.m2/repository/org/springframework/boot/spring-boot-test/3.2.3/spring-boot-test-3.2.3.jar:/Users/abdulbasithmohammed/.m2/repository/org/springframework/boot/spring-boot-test-autoconfigure/3.2.3/spring-boot-test-autoconfigure-3.2.3.jar:/Users/abdulbasithmohammed/.m2/repository/com/jayway/jsonpath/json-path/2.9.0/json-path-2.9.0.jar:/Users/abdulbasithmohammed/.m2/repository/jakarta/xml/bind/jakarta.xml.bind-api/4.0.1/jakarta.xml.bind-api-4.0.1.jar:/Users/abdulbasithmohammed/.m2/repository/jakarta/activation/jakarta.activation-api/2.1.2/jakarta.activation-api-2.1.2.jar:/Users/abdulbasithmohammed/.m2/repository/net/minidev/json-smart/2.5.0/json-smart-2.5.0.jar:/Users/abdulbasithmohammed/.m2/repository/net/minidev/accessors-smart/2.5.0/accessors-smart-2.5.0.jar:/Users/abdulbasithmohammed/.m2/repository/org/assertj/assertj-core/3.24.2/assertj-core-3.24.2.jar:/Users/abdulbasithmohammed/.m2/repository/org/awaitility/awaitility/4.2.0/awaitility-4.2.0.jar:/Users/abdulbasithmohammed/.m2/repository/org/hamcrest/hamcrest/2.2/hamcrest-2.2.jar:/Users/abdulbasithmohammed/.m2/repository/org/junit/jupiter/junit-jupiter/5.10.2/junit-jupiter-5.10.2.jar:/Users/abdulbasithmohammed/.m2/repository/org/junit/jupiter/junit-jupiter-api/5.10.2/junit-jupiter-api-5.10.2.jar:/Users/abdulbasithmohammed/.m2/repository/org/opentest4j/opentest4j/1.3.0/opentest4j-1.3.0.jar:/Users/abdulbasithmohammed/.m2/repository/org/junit/platform/junit-platform-commons/1.10.2/junit-platform-commons-1.10.2.jar:/Users/abdulbasithmohammed/.m2/repository/org/apiguardian/apiguardian-api/1.1.2/apiguardian-api-1.1.2.jar:/Users/abdulbasithmohammed/.m2/repository/org/junit/jupiter/junit-jupiter-params/5.10.2/junit-jupiter-params-5.10.2.jar:/Users/abdulbasithmohammed/.m2/repository/org/junit/jupiter/junit-jupiter-engine/5.10.2/junit-jupiter-engine-5.10.2.jar:/Users/abdulbasithmohammed/.m2/repository/org/junit/platform/junit-platform-engine/1.10.2/junit-platform-engine-1.10.2.jar:/Users/abdulbasithmohammed/.m2/repository/org/mockito/mockito-core/5.7.0/mockito-core-5.7.0.jar:/Users/abdulbasithmohammed/.m2/repository/net/bytebuddy/byte-buddy-agent/1.14.12/byte-buddy-agent-1.14.12.jar:/Users/abdulbasithmohammed/.m2/repository/org/objenesis/objenesis/3.3/objenesis-3.3.jar:/Users/abdulbasithmohammed/.m2/repository/org/mockito/mockito-junit-jupiter/5.7.0/mockito-junit-jupiter-5.7.0.jar:/Users/abdulbasithmohammed/.m2/repository/org/skyscreamer/jsonassert/1.5.1/jsonassert-1.5.1.jar:/Users/abdulbasithmohammed/.m2/repository/com/vaadin/external/google/android-json/0.0.20131108.vaadin1/android-json-0.0.20131108.vaadin1.jar:/Users/abdulbasithmohammed/.m2/repository/org/xmlunit/xmlunit-core/2.9.1/xmlunit-core-2.9.1.jar:/Users/abdulbasithmohammed/.m2/repository/org/springframework/cloud/spring-cloud-starter-vault-config/4.1.2/spring-cloud-starter-vault-config-4.1.2.jar:/Users/abdulbasithmohammed/.m2/repository/org/apache/httpcomponents/client5/httpclient5/5.2.3/httpclient5-5.2.3.jar:/Users/abdulbasithmohammed/.m2/repository/org/apache/httpcomponents/core5/httpcore5-h2/5.2.4/httpcore5-h2-5.2.4.jar:/Users/abdulbasithmohammed/.m2/repository/org/apache/httpcomponents/core5/httpcore5/5.2.4/httpcore5-5.2.4.jar:/Users/abdulbasithmohammed/.m2/repository/org/springframework/cloud/spring-cloud-starter/4.1.3/spring-cloud-starter-4.1.3.jar:/Users/abdulbasithmohammed/.m2/repository/org/springframework/cloud/spring-cloud-context/4.1.3/spring-cloud-context-4.1.3.jar:/Users/abdulbasithmohammed/.m2/repository/org/springframework/cloud/spring-cloud-commons/4.1.3/spring-cloud-commons-4.1.3.jar:/Users/abdulbasithmohammed/.m2/repository/org/springframework/security/spring-security-rsa/1.1.3/spring-security-rsa-1.1.3.jar:/Users/abdulbasithmohammed/.m2/repository/org/bouncycastle/bcprov-jdk18on/1.78/bcprov-jdk18on-1.78.jar:/Users/abdulbasithmohammed/.m2/repository/org/springframework/cloud/spring-cloud-vault-config/4.1.2/spring-cloud-vault-config-4.1.2.jar:/Users/abdulbasithmohammed/.m2/repository/org/springframework/vault/spring-vault-core/3.1.1/spring-vault-core-3.1.1.jar:/Users/abdulbasithmohammed/.m2/repository/org/jacoco/jacoco-maven-plugin/0.8.11/jacoco-maven-plugin-0.8.11.jar:/Users/abdulbasithmohammed/.m2/repository/org/codehaus/plexus/plexus-utils/3.0.24/plexus-utils-3.0.24.jar:/Users/abdulbasithmohammed/.m2/repository/org/apache/maven/shared/file-management/3.1.0/file-management-3.1.0.jar:/Users/abdulbasithmohammed/.m2/repository/commons-io/commons-io/2.11.0/commons-io-2.11.0.jar:/Users/abdulbasithmohammed/.m2/repository/org/apache/maven/reporting/maven-reporting-api/3.0/maven-reporting-api-3.0.jar:/Users/abdulbasithmohammed/.m2/repository/org/apache/maven/doxia/doxia-sink-api/1.0/doxia-sink-api-1.0.jar:/Users/abdulbasithmohammed/.m2/repository/org/jacoco/org.jacoco.agent/0.8.11/org.jacoco.agent-0.8.11-runtime.jar:/Users/abdulbasithmohammed/.m2/repository/org/jacoco/org.jacoco.core/0.8.11/org.jacoco.core-0.8.11.jar:/Users/abdulbasithmohammed/.m2/repository/org/ow2/asm/asm/9.6/asm-9.6.jar:/Users/abdulbasithmohammed/.m2/repository/org/ow2/asm/asm-commons/9.6/asm-commons-9.6.jar:/Users/abdulbasithmohammed/.m2/repository/org/ow2/asm/asm-tree/9.6/asm-tree-9.6.jar:/Users/abdulbasithmohammed/.m2/repository/org/jacoco/org.jacoco.report/0.8.11/org.jacoco.report-0.8.11.jar:"/>
    <property name="java.vm.vendor" value="Oracle Corporation"/>
    <property name="sun.arch.data.model" value="64"/>
    <property name="java.vendor.url" value="https://java.oracle.com/"/>
    <property name="user.timezone" value="America/Chicago"/>
    <property name="org.jboss.logging.provider" value="slf4j"/>
    <property name="os.name" value="Mac OS X"/>
    <property name="java.vm.specification.version" value="17"/>
    <property name="sun.java.launcher" value="SUN_STANDARD"/>
    <property name="user.country" value="US"/>
    <property name="sun.boot.library.path" value="/Library/Java/JavaVirtualMachines/jdk-17.jdk/Contents/Home/lib"/>
    <property name="sun.java.command" value="/Users/abdulbasithmohammed/Documents/java_projects/jenkins/campaign-service/target/surefire/surefirebooter-20240716175516568_3.jar /Users/abdulbasithmohammed/Documents/java_projects/jenkins/campaign-service/target/surefire 2024-07-16T17-55-16_536-jvmRun1 surefire-20240716175516568_1tmp surefire_0-20240716175516568_2tmp"/>
    <property name="http.nonProxyHosts" value="local|*.local|169.254/16|*.169.254/16"/>
    <property name="jdk.debug" value="release"/>
    <property name="surefire.test.class.path" value="/Users/abdulbasithmohammed/Documents/java_projects/jenkins/campaign-service/target/test-classes:/Users/abdulbasithmohammed/Documents/java_projects/jenkins/campaign-service/target/classes:/Users/abdulbasithmohammed/.m2/repository/io/jsonwebtoken/jjwt-api/0.11.5/jjwt-api-0.11.5.jar:/Users/abdulbasithmohammed/.m2/repository/io/jsonwebtoken/jjwt-impl/0.11.5/jjwt-impl-0.11.5.jar:/Users/abdulbasithmohammed/.m2/repository/io/jsonwebtoken/jjwt-jackson/0.11.5/jjwt-jackson-0.11.5.jar:/Users/abdulbasithmohammed/.m2/repository/com/fasterxml/jackson/core/jackson-databind/2.15.4/jackson-databind-2.15.4.jar:/Users/abdulbasithmohammed/.m2/repository/com/fasterxml/jackson/core/jackson-annotations/2.15.4/jackson-annotations-2.15.4.jar:/Users/abdulbasithmohammed/.m2/repository/com/fasterxml/jackson/core/jackson-core/2.15.4/jackson-core-2.15.4.jar:/Users/abdulbasithmohammed/.m2/repository/org/springframework/boot/spring-boot-starter-security/3.2.3/spring-boot-starter-security-3.2.3.jar:/Users/abdulbasithmohammed/.m2/repository/org/springframework/boot/spring-boot-starter/3.2.3/spring-boot-starter-3.2.3.jar:/Users/abdulbasithmohammed/.m2/repository/org/springframework/boot/spring-boot/3.2.3/spring-boot-3.2.3.jar:/Users/abdulbasithmohammed/.m2/repository/org/springframework/boot/spring-boot-autoconfigure/3.2.3/spring-boot-autoconfigure-3.2.3.jar:/Users/abdulbasithmohammed/.m2/repository/org/springframework/boot/spring-boot-starter-logging/3.2.3/spring-boot-starter-logging-3.2.3.jar:/Users/abdulbasithmohammed/.m2/repository/ch/qos/logback/logback-classic/1.4.14/logback-classic-1.4.14.jar:/Users/abdulbasithmohammed/.m2/repository/ch/qos/logback/logback-core/1.4.14/logback-core-1.4.14.jar:/Users/abdulbasithmohammed/.m2/repository/org/apache/logging/log4j/log4j-to-slf4j/2.21.1/log4j-to-slf4j-2.21.1.jar:/Users/abdulbasithmohammed/.m2/repository/org/slf4j/jul-to-slf4j/2.0.12/jul-to-slf4j-2.0.12.jar:/Users/abdulbasithmohammed/.m2/repository/jakarta/annotation/jakarta.annotation-api/2.1.1/jakarta.annotation-api-2.1.1.jar:/Users/abdulbasithmohammed/.m2/repository/org/yaml/snakeyaml/2.2/snakeyaml-2.2.jar:/Users/abdulbasithmohammed/.m2/repository/org/springframework/spring-aop/6.1.4/spring-aop-6.1.4.jar:/Users/abdulbasithmohammed/.m2/repository/org/springframework/spring-beans/6.1.4/spring-beans-6.1.4.jar:/Users/abdulbasithmohammed/.m2/repository/org/springframework/security/spring-security-config/6.2.2/spring-security-config-6.2.2.jar:/Users/abdulbasithmohammed/.m2/repository/org/springframework/spring-context/6.1.4/spring-context-6.1.4.jar:/Users/abdulbasithmohammed/.m2/repository/org/springframework/security/spring-security-web/6.2.2/spring-security-web-6.2.2.jar:/Users/abdulbasithmohammed/.m2/repository/org/springframework/spring-expression/6.1.4/spring-expression-6.1.4.jar:/Users/abdulbasithmohammed/.m2/repository/org/springframework/security/spring-security-test/6.2.2/spring-security-test-6.2.2.jar:/Users/abdulbasithmohammed/.m2/repository/org/springframework/security/spring-security-core/6.2.2/spring-security-core-6.2.2.jar:/Users/abdulbasithmohammed/.m2/repository/org/springframework/security/spring-security-crypto/6.2.2/spring-security-crypto-6.2.2.jar:/Users/abdulbasithmohammed/.m2/repository/io/micrometer/micrometer-observation/1.12.3/micrometer-observation-1.12.3.jar:/Users/abdulbasithmohammed/.m2/repository/io/micrometer/micrometer-commons/1.12.3/micrometer-commons-1.12.3.jar:/Users/abdulbasithmohammed/.m2/repository/org/springframework/spring-core/6.1.4/spring-core-6.1.4.jar:/Users/abdulbasithmohammed/.m2/repository/org/springframework/spring-jcl/6.1.4/spring-jcl-6.1.4.jar:/Users/abdulbasithmohammed/.m2/repository/org/springframework/spring-test/6.1.4/spring-test-6.1.4.jar:/Users/abdulbasithmohammed/.m2/repository/org/springframework/boot/spring-boot-starter-data-jpa/3.2.3/spring-boot-starter-data-jpa-3.2.3.jar:/Users/abdulbasithmohammed/.m2/repository/org/springframework/boot/spring-boot-starter-aop/3.2.3/spring-boot-starter-aop-3.2.3.jar:/Users/abdulbasithmohammed/.m2/repository/org/aspectj/aspectjweaver/1.9.21/aspectjweaver-1.9.21.jar:/Users/abdulbasithmohammed/.m2/repository/org/springframework/boot/spring-boot-starter-jdbc/3.2.3/spring-boot-starter-jdbc-3.2.3.jar:/Users/abdulbasithmohammed/.m2/repository/com/zaxxer/HikariCP/5.0.1/HikariCP-5.0.1.jar:/Users/abdulbasithmohammed/.m2/repository/org/springframework/spring-jdbc/6.1.4/spring-jdbc-6.1.4.jar:/Users/abdulbasithmohammed/.m2/repository/org/hibernate/orm/hibernate-core/6.4.4.Final/hibernate-core-6.4.4.Final.jar:/Users/abdulbasithmohammed/.m2/repository/jakarta/persistence/jakarta.persistence-api/3.1.0/jakarta.persistence-api-3.1.0.jar:/Users/abdulbasithmohammed/.m2/repository/jakarta/transaction/jakarta.transaction-api/2.0.1/jakarta.transaction-api-2.0.1.jar:/Users/abdulbasithmohammed/.m2/repository/org/jboss/logging/jboss-logging/3.5.3.Final/jboss-logging-3.5.3.Final.jar:/Users/abdulbasithmohammed/.m2/repository/org/hibernate/common/hibernate-commons-annotations/6.0.6.Final/hibernate-commons-annotations-6.0.6.Final.jar:/Users/abdulbasithmohammed/.m2/repository/io/smallrye/jandex/3.1.2/jandex-3.1.2.jar:/Users/abdulbasithmohammed/.m2/repository/com/fasterxml/classmate/1.6.0/classmate-1.6.0.jar:/Users/abdulbasithmohammed/.m2/repository/net/bytebuddy/byte-buddy/1.14.12/byte-buddy-1.14.12.jar:/Users/abdulbasithmohammed/.m2/repository/org/glassfish/jaxb/jaxb-runtime/4.0.4/jaxb-runtime-4.0.4.jar:/Users/abdulbasithmohammed/.m2/repository/org/glassfish/jaxb/jaxb-core/4.0.4/jaxb-core-4.0.4.jar:/Users/abdulbasithmohammed/.m2/repository/org/eclipse/angus/angus-activation/2.0.1/angus-activation-2.0.1.jar:/Users/abdulbasithmohammed/.m2/repository/org/glassfish/jaxb/txw2/4.0.4/txw2-4.0.4.jar:/Users/abdulbasithmohammed/.m2/repository/com/sun/istack/istack-commons-runtime/4.1.2/istack-commons-runtime-4.1.2.jar:/Users/abdulbasithmohammed/.m2/repository/jakarta/inject/jakarta.inject-api/2.0.1/jakarta.inject-api-2.0.1.jar:/Users/abdulbasithmohammed/.m2/repository/org/antlr/antlr4-runtime/4.13.0/antlr4-runtime-4.13.0.jar:/Users/abdulbasithmohammed/.m2/repository/org/springframework/data/spring-data-jpa/3.2.3/spring-data-jpa-3.2.3.jar:/Users/abdulbasithmohammed/.m2/repository/org/springframework/data/spring-data-commons/3.2.3/spring-data-commons-3.2.3.jar:/Users/abdulbasithmohammed/.m2/repository/org/springframework/spring-orm/6.1.4/spring-orm-6.1.4.jar:/Users/abdulbasithmohammed/.m2/repository/org/springframework/spring-tx/6.1.4/spring-tx-6.1.4.jar:/Users/abdulbasithmohammed/.m2/repository/org/slf4j/slf4j-api/2.0.12/slf4j-api-2.0.12.jar:/Users/abdulbasithmohammed/.m2/repository/org/springframework/spring-aspects/6.1.4/spring-aspects-6.1.4.jar:/Users/abdulbasithmohammed/.m2/repository/org/springframework/boot/spring-boot-starter-web/3.2.3/spring-boot-starter-web-3.2.3.jar:/Users/abdulbasithmohammed/.m2/repository/org/springframework/boot/spring-boot-starter-json/3.2.3/spring-boot-starter-json-3.2.3.jar:/Users/abdulbasithmohammed/.m2/repository/com/fasterxml/jackson/datatype/jackson-datatype-jdk8/2.15.4/jackson-datatype-jdk8-2.15.4.jar:/Users/abdulbasithmohammed/.m2/repository/com/fasterxml/jackson/datatype/jackson-datatype-jsr310/2.15.4/jackson-datatype-jsr310-2.15.4.jar:/Users/abdulbasithmohammed/.m2/repository/com/fasterxml/jackson/module/jackson-module-parameter-names/2.15.4/jackson-module-parameter-names-2.15.4.jar:/Users/abdulbasithmohammed/.m2/repository/org/springframework/boot/spring-boot-starter-tomcat/3.2.3/spring-boot-starter-tomcat-3.2.3.jar:/Users/abdulbasithmohammed/.m2/repository/org/apache/tomcat/embed/tomcat-embed-core/10.1.19/tomcat-embed-core-10.1.19.jar:/Users/abdulbasithmohammed/.m2/repository/org/apache/tomcat/embed/tomcat-embed-el/10.1.19/tomcat-embed-el-10.1.19.jar:/Users/abdulbasithmohammed/.m2/repository/org/apache/tomcat/embed/tomcat-embed-websocket/10.1.19/tomcat-embed-websocket-10.1.19.jar:/Users/abdulbasithmohammed/.m2/repository/org/springframework/spring-web/6.1.4/spring-web-6.1.4.jar:/Users/abdulbasithmohammed/.m2/repository/org/springframework/spring-webmvc/6.1.4/spring-webmvc-6.1.4.jar:/Users/abdulbasithmohammed/.m2/repository/org/springframework/boot/spring-boot-starter-log4j2/3.2.3/spring-boot-starter-log4j2-3.2.3.jar:/Users/abdulbasithmohammed/.m2/repository/org/apache/logging/log4j/log4j-slf4j2-impl/2.21.1/log4j-slf4j2-impl-2.21.1.jar:/Users/abdulbasithmohammed/.m2/repository/org/apache/logging/log4j/log4j-api/2.21.1/log4j-api-2.21.1.jar:/Users/abdulbasithmohammed/.m2/repository/org/apache/logging/log4j/log4j-core/2.21.1/log4j-core-2.21.1.jar:/Users/abdulbasithmohammed/.m2/repository/org/apache/logging/log4j/log4j-jul/2.21.1/log4j-jul-2.21.1.jar:/Users/abdulbasithmohammed/.m2/repository/com/splunk/logging/splunk-library-javalogging/1.8.0/splunk-library-javalogging-1.8.0.jar:/Users/abdulbasithmohammed/.m2/repository/com/squareup/okhttp3/okhttp/4.12.0/okhttp-4.12.0.jar:/Users/abdulbasithmohammed/.m2/repository/com/squareup/okio/okio/3.6.0/okio-3.6.0.jar:/Users/abdulbasithmohammed/.m2/repository/com/squareup/okio/okio-jvm/3.6.0/okio-jvm-3.6.0.jar:/Users/abdulbasithmohammed/.m2/repository/org/jetbrains/kotlin/kotlin-stdlib-common/1.9.22/kotlin-stdlib-common-1.9.22.jar:/Users/abdulbasithmohammed/.m2/repository/org/jetbrains/kotlin/kotlin-stdlib-jdk8/1.9.22/kotlin-stdlib-jdk8-1.9.22.jar:/Users/abdulbasithmohammed/.m2/repository/org/jetbrains/kotlin/kotlin-stdlib/1.9.22/kotlin-stdlib-1.9.22.jar:/Users/abdulbasithmohammed/.m2/repository/org/jetbrains/annotations/13.0/annotations-13.0.jar:/Users/abdulbasithmohammed/.m2/repository/org/jetbrains/kotlin/kotlin-stdlib-jdk7/1.9.22/kotlin-stdlib-jdk7-1.9.22.jar:/Users/abdulbasithmohammed/.m2/repository/com/google/code/gson/gson/2.10.1/gson-2.10.1.jar:/Users/abdulbasithmohammed/.m2/repository/org/postgresql/postgresql/42.6.1/postgresql-42.6.1.jar:/Users/abdulbasithmohammed/.m2/repository/org/checkerframework/checker-qual/3.31.0/checker-qual-3.31.0.jar:/Users/abdulbasithmohammed/.m2/repository/org/projectlombok/lombok/1.18.30/lombok-1.18.30.jar:/Users/abdulbasithmohammed/.m2/repository/org/springframework/boot/spring-boot-starter-test/3.2.3/spring-boot-starter-test-3.2.3.jar:/Users/abdulbasithmohammed/.m2/repository/org/springframework/boot/spring-boot-test/3.2.3/spring-boot-test-3.2.3.jar:/Users/abdulbasithmohammed/.m2/repository/org/springframework/boot/spring-boot-test-autoconfigure/3.2.3/spring-boot-test-autoconfigure-3.2.3.jar:/Users/abdulbasithmohammed/.m2/repository/com/jayway/jsonpath/json-path/2.9.0/json-path-2.9.0.jar:/Users/abdulbasithmohammed/.m2/repository/jakarta/xml/bind/jakarta.xml.bind-api/4.0.1/jakarta.xml.bind-api-4.0.1.jar:/Users/abdulbasithmohammed/.m2/repository/jakarta/activation/jakarta.activation-api/2.1.2/jakarta.activation-api-2.1.2.jar:/Users/abdulbasithmohammed/.m2/repository/net/minidev/json-smart/2.5.0/json-smart-2.5.0.jar:/Users/abdulbasithmohammed/.m2/repository/net/minidev/accessors-smart/2.5.0/accessors-smart-2.5.0.jar:/Users/abdulbasithmohammed/.m2/repository/org/assertj/assertj-core/3.24.2/assertj-core-3.24.2.jar:/Users/abdulbasithmohammed/.m2/repository/org/awaitility/awaitility/4.2.0/awaitility-4.2.0.jar:/Users/abdulbasithmohammed/.m2/repository/org/hamcrest/hamcrest/2.2/hamcrest-2.2.jar:/Users/abdulbasithmohammed/.m2/repository/org/junit/jupiter/junit-jupiter/5.10.2/junit-jupiter-5.10.2.jar:/Users/abdulbasithmohammed/.m2/repository/org/junit/jupiter/junit-jupiter-api/5.10.2/junit-jupiter-api-5.10.2.jar:/Users/abdulbasithmohammed/.m2/repository/org/opentest4j/opentest4j/1.3.0/opentest4j-1.3.0.jar:/Users/abdulbasithmohammed/.m2/repository/org/junit/platform/junit-platform-commons/1.10.2/junit-platform-commons-1.10.2.jar:/Users/abdulbasithmohammed/.m2/repository/org/apiguardian/apiguardian-api/1.1.2/apiguardian-api-1.1.2.jar:/Users/abdulbasithmohammed/.m2/repository/org/junit/jupiter/junit-jupiter-params/5.10.2/junit-jupiter-params-5.10.2.jar:/Users/abdulbasithmohammed/.m2/repository/org/junit/jupiter/junit-jupiter-engine/5.10.2/junit-jupiter-engine-5.10.2.jar:/Users/abdulbasithmohammed/.m2/repository/org/junit/platform/junit-platform-engine/1.10.2/junit-platform-engine-1.10.2.jar:/Users/abdulbasithmohammed/.m2/repository/org/mockito/mockito-core/5.7.0/mockito-core-5.7.0.jar:/Users/abdulbasithmohammed/.m2/repository/net/bytebuddy/byte-buddy-agent/1.14.12/byte-buddy-agent-1.14.12.jar:/Users/abdulbasithmohammed/.m2/repository/org/objenesis/objenesis/3.3/objenesis-3.3.jar:/Users/abdulbasithmohammed/.m2/repository/org/mockito/mockito-junit-jupiter/5.7.0/mockito-junit-jupiter-5.7.0.jar:/Users/abdulbasithmohammed/.m2/repository/org/skyscreamer/jsonassert/1.5.1/jsonassert-1.5.1.jar:/Users/abdulbasithmohammed/.m2/repository/com/vaadin/external/google/android-json/0.0.20131108.vaadin1/android-json-0.0.20131108.vaadin1.jar:/Users/abdulbasithmohammed/.m2/repository/org/xmlunit/xmlunit-core/2.9.1/xmlunit-core-2.9.1.jar:/Users/abdulbasithmohammed/.m2/repository/org/springframework/cloud/spring-cloud-starter-vault-config/4.1.2/spring-cloud-starter-vault-config-4.1.2.jar:/Users/abdulbasithmohammed/.m2/repository/org/apache/httpcomponents/client5/httpclient5/5.2.3/httpclient5-5.2.3.jar:/Users/abdulbasithmohammed/.m2/repository/org/apache/httpcomponents/core5/httpcore5-h2/5.2.4/httpcore5-h2-5.2.4.jar:/Users/abdulbasithmohammed/.m2/repository/org/apache/httpcomponents/core5/httpcore5/5.2.4/httpcore5-5.2.4.jar:/Users/abdulbasithmohammed/.m2/repository/org/springframework/cloud/spring-cloud-starter/4.1.3/spring-cloud-starter-4.1.3.jar:/Users/abdulbasithmohammed/.m2/repository/org/springframework/cloud/spring-cloud-context/4.1.3/spring-cloud-context-4.1.3.jar:/Users/abdulbasithmohammed/.m2/repository/org/springframework/cloud/spring-cloud-commons/4.1.3/spring-cloud-commons-4.1.3.jar:/Users/abdulbasithmohammed/.m2/repository/org/springframework/security/spring-security-rsa/1.1.3/spring-security-rsa-1.1.3.jar:/Users/abdulbasithmohammed/.m2/repository/org/bouncycastle/bcprov-jdk18on/1.78/bcprov-jdk18on-1.78.jar:/Users/abdulbasithmohammed/.m2/repository/org/springframework/cloud/spring-cloud-vault-config/4.1.2/spring-cloud-vault-config-4.1.2.jar:/Users/abdulbasithmohammed/.m2/repository/org/springframework/vault/spring-vault-core/3.1.1/spring-vault-core-3.1.1.jar:/Users/abdulbasithmohammed/.m2/repository/org/jacoco/jacoco-maven-plugin/0.8.11/jacoco-maven-plugin-0.8.11.jar:/Users/abdulbasithmohammed/.m2/repository/org/codehaus/plexus/plexus-utils/3.0.24/plexus-utils-3.0.24.jar:/Users/abdulbasithmohammed/.m2/repository/org/apache/maven/shared/file-management/3.1.0/file-management-3.1.0.jar:/Users/abdulbasithmohammed/.m2/repository/commons-io/commons-io/2.11.0/commons-io-2.11.0.jar:/Users/abdulbasithmohammed/.m2/repository/org/apache/maven/reporting/maven-reporting-api/3.0/maven-reporting-api-3.0.jar:/Users/abdulbasithmohammed/.m2/repository/org/apache/maven/doxia/doxia-sink-api/1.0/doxia-sink-api-1.0.jar:/Users/abdulbasithmohammed/.m2/repository/org/jacoco/org.jacoco.agent/0.8.11/org.jacoco.agent-0.8.11-runtime.jar:/Users/abdulbasithmohammed/.m2/repository/org/jacoco/org.jacoco.core/0.8.11/org.jacoco.core-0.8.11.jar:/Users/abdulbasithmohammed/.m2/repository/org/ow2/asm/asm/9.6/asm-9.6.jar:/Users/abdulbasithmohammed/.m2/repository/org/ow2/asm/asm-commons/9.6/asm-commons-9.6.jar:/Users/abdulbasithmohammed/.m2/repository/org/ow2/asm/asm-tree/9.6/asm-tree-9.6.jar:/Users/abdulbasithmohammed/.m2/repository/org/jacoco/org.jacoco.report/0.8.11/org.jacoco.report-0.8.11.jar:"/>
    <property name="sun.cpu.endian" value="little"/>
    <property name="user.home" value="/Users/abdulbasithmohammed"/>
    <property name="user.language" value="en"/>
    <property name="java.specification.vendor" value="Oracle Corporation"/>
    <property name="java.version.date" value="2024-01-16"/>
    <property name="java.home" value="/Library/Java/JavaVirtualMachines/jdk-17.jdk/Contents/Home"/>
    <property name="file.separator" value="/"/>
    <property name="basedir" value="/Users/abdulbasithmohammed/Documents/java_projects/jenkins/campaign-service"/>
    <property name="java.vm.compressedOopsMode" value="Zero based"/>
    <property name="line.separator" value="&#10;"/>
    <property name="java.vm.specification.vendor" value="Oracle Corporation"/>
    <property name="java.specification.name" value="Java Platform API Specification"/>
    <property name="FILE_LOG_CHARSET" value="UTF-8"/>
    <property name="java.awt.headless" value="true"/>
    <property name="surefire.real.class.path" value="/Users/abdulbasithmohammed/Documents/java_projects/jenkins/campaign-service/target/surefire/surefirebooter-20240716175516568_3.jar"/>
    <property name="sun.management.compiler" value="HotSpot 64-Bit Tiered Compilers"/>
    <property name="ftp.nonProxyHosts" value="local|*.local|169.254/16|*.169.254/16"/>
    <property name="java.runtime.version" value="17.0.10+11-LTS-240"/>
    <property name="user.name" value="abdulbasithmohammed"/>
    <property name="path.separator" value=":"/>
    <property name="os.version" value="14.4"/>
    <property name="java.runtime.name" value="Java(TM) SE Runtime Environment"/>
    <property name="file.encoding" value="UTF-8"/>
    <property name="java.vm.name" value="Java HotSpot(TM) 64-Bit Server VM"/>
    <property name="localRepository" value="/Users/abdulbasithmohammed/.m2/repository"/>
    <property name="java.vendor.url.bug" value="https://bugreport.java.com/bugreport/"/>
    <property name="java.io.tmpdir" value="/var/folders/fr/s4wd8gn174x6z6wl5yz440sr0000gn/T/"/>
    <property name="java.version" value="17.0.10"/>
    <property name="user.dir" value="/Users/abdulbasithmohammed/Documents/java_projects/jenkins/campaign-service"/>
    <property name="os.arch" value="aarch64"/>
    <property name="java.vm.specification.name" value="Java Virtual Machine Specification"/>
    <property name="PID" value="87839"/>
    <property name="CONSOLE_LOG_CHARSET" value="UTF-8"/>
    <property name="native.encoding" value="UTF-8"/>
    <property name="java.library.path" value="/Users/abdulbasithmohammed/Library/Java/Extensions:/Library/Java/Extensions:/Network/Library/Java/Extensions:/System/Library/Java/Extensions:/usr/lib/java:."/>
    <property name="java.vm.info" value="mixed mode, sharing"/>
    <property name="java.vendor" value="Oracle Corporation"/>
    <property name="java.vm.version" value="17.0.10+11-LTS-240"/>
    <property name="sun.io.unicode.encoding" value="UnicodeBig"/>
    <property name="socksNonProxyHosts" value="local|*.local|169.254/16|*.169.254/16"/>
    <property name="java.class.version" value="61.0"/>
    <property name="LOGGED_APPLICATION_NAME" value="[campaign-dev] "/>
  </properties>
  <testcase name="testDeleteCampaignFound" classname="com.campaign.controller.CampaignControllerTest" time="0.014">
    <system-out><![CDATA[2024-07-16T17:55:20.142-05:00  INFO 87839 --- [campaign-dev] [           main] t.c.s.AnnotationConfigContextLoaderUtils : Could not detect default configuration classes for test class [com.campaign.controller.CampaignControllerTest]: CampaignControllerTest does not declare any static, non-private, non-final, nested classes annotated with @Configuration.
2024-07-16T17:55:20.146-05:00  INFO 87839 --- [campaign-dev] [           main] .b.t.c.SpringBootTestContextBootstrapper : Found @SpringBootConfiguration com.campaign.CampaignApplication for test class com.campaign.controller.CampaignControllerTest

  .   ____          _            __ _ _
 /\\ / ___'_ __ _ _(_)_ __  __ _ \ \ \ \
( ( )\___ | '_ | '_| | '_ \/ _` | \ \ \ \
 \\/  ___)| |_)| | | | | || (_| |  ) ) ) )
  '  |____| .__|_| |_|_| |_\__, | / / / /
 =========|_|==============|___/=/_/_/_/
 :: Spring Boot ::                (v3.2.3)

2024-07-16T17:55:20.226-05:00  INFO 87839 --- [campaign-dev] [           main] c.c.controller.CampaignControllerTest    : Starting CampaignControllerTest using Java 17.0.10 with PID 87839 (started by abdulbasithmohammed in /Users/abdulbasithmohammed/Documents/java_projects/jenkins/campaign-service)
2024-07-16T17:55:20.226-05:00  INFO 87839 --- [campaign-dev] [           main] c.c.controller.CampaignControllerTest    : The following 1 profile is active: "dev"
2024-07-16T17:55:20.227-05:00  INFO 87839 --- [campaign-dev] [           main] o.s.v.c.e.LeaseAwareVaultPropertySource  : Vault location [kv/campaign/dev] not resolvable: Not found
2024-07-16T17:55:20.227-05:00  INFO 87839 --- [campaign-dev] [           main] o.s.v.c.e.LeaseAwareVaultPropertySource  : Vault location [kv/application/dev] not resolvable: Not found
2024-07-16T17:55:20.227-05:00  INFO 87839 --- [campaign-dev] [           main] o.s.v.c.e.LeaseAwareVaultPropertySource  : Vault location [kv/application] not resolvable: Not found
2024-07-16T17:55:20.227-05:00  INFO 87839 --- [campaign-dev] [           main] o.s.v.c.e.LeaseAwareVaultPropertySource  : Vault location [kv/campaign-dev/dev] not resolvable: Not found
2024-07-16T17:55:20.414-05:00  WARN 87839 --- [campaign-dev] [           main] .s.s.UserDetailsServiceAutoConfiguration : 

Using generated security password: b4ffd8f5-9172-4013-ae0f-f77514ec152a

This generated password is for development use only. Your security configuration must be updated before running your application in production.

2024-07-16T17:55:20.419-05:00  INFO 87839 --- [campaign-dev] [           main] o.s.s.web.DefaultSecurityFilterChain     : Will secure any request with [org.springframework.security.web.session.DisableEncodeUrlFilter@71faec05, org.springframework.security.web.context.request.async.WebAsyncManagerIntegrationFilter@6b5b5f94, org.springframework.security.web.context.SecurityContextHolderFilter@24270e65, org.springframework.security.web.header.HeaderWriterFilter@72364ff1, org.springframework.web.filter.CorsFilter@22e494dc, org.springframework.security.web.csrf.CsrfFilter@4cf22d79, org.springframework.security.web.authentication.logout.LogoutFilter@40009de0, org.springframework.security.web.authentication.UsernamePasswordAuthenticationFilter@78363803, org.springframework.security.web.authentication.ui.DefaultLoginPageGeneratingFilter@3e7aa2c9, org.springframework.security.web.authentication.ui.DefaultLogoutPageGeneratingFilter@7484236d, org.springframework.security.web.authentication.www.BasicAuthenticationFilter@3c9d5578, org.springframework.security.web.savedrequest.RequestCacheAwareFilter@7963767d, org.springframework.security.web.servletapi.SecurityContextHolderAwareRequestFilter@7ef32321, org.springframework.security.web.authentication.AnonymousAuthenticationFilter@52b8633c, org.springframework.security.web.access.ExceptionTranslationFilter@76be352d, org.springframework.security.web.access.intercept.AuthorizationFilter@4c0ac628]
2024-07-16T17:55:20.422-05:00  INFO 87839 --- [campaign-dev] [           main] o.s.b.t.m.w.SpringBootMockServletContext : Initializing Spring TestDispatcherServlet ''
2024-07-16T17:55:20.422-05:00  INFO 87839 --- [campaign-dev] [           main] o.s.t.web.servlet.TestDispatcherServlet  : Initializing Servlet ''
2024-07-16T17:55:20.422-05:00  INFO 87839 --- [campaign-dev] [           main] o.s.t.web.servlet.TestDispatcherServlet  : Completed initialization in 0 ms
2024-07-16T17:55:20.427-05:00  INFO 87839 --- [campaign-dev] [           main] c.c.controller.CampaignControllerTest    : Started CampaignControllerTest in 0.279 seconds (process running for 3.826)
2024-07-16T17:55:20.436-05:00  INFO 87839 --- [campaign-dev] [           main] c.c.controller.CampaignController        : CampaignController: deleteCampaignById invoked: request id 1

MockHttpServletRequest:
      HTTP Method = DELETE
      Request URI = /v1/campaign/delete/1
       Parameters = {_csrf=[fALXYClLN4sUP5QHH2QZ_Jx-c62uq9z2M6HTDCh_z9oDvGSzGTHlVhEuA705B_AyKkktn_9GXpScnb7bAZPlPh4b9us12AbX]}
          Headers = [Content-Type:"application/json;charset=UTF-8"]
             Body = null
    Session Attrs = {SPRING_SECURITY_CONTEXT=SecurityContextImpl [Authentication=UsernamePasswordAuthenticationToken [Principal=org.springframework.security.core.userdetails.User [Username=user, Password=[PROTECTED], Enabled=true, AccountNonExpired=true, CredentialsNonExpired=true, AccountNonLocked=true, Granted Authorities=[ROLE_USER]], Credentials=[PROTECTED], Authenticated=true, Details=null, Granted Authorities=[ROLE_USER]]]}

Handler:
             Type = com.campaign.controller.CampaignController
           Method = com.campaign.controller.CampaignController#deleteCampaignById(int)

Async:
    Async started = false
     Async result = null

Resolved Exception:
             Type = null

ModelAndView:
        View name = null
             View = null
            Model = null

FlashMap:
       Attributes = null

MockHttpServletResponse:
           Status = 200
    Error message = null
          Headers = [Vary:"Origin", "Access-Control-Request-Method", "Access-Control-Request-Headers", Content-Type:"text/plain;charset=UTF-8", Content-Length:"48", X-Content-Type-Options:"nosniff", X-XSS-Protection:"0", Cache-Control:"no-cache, no-store, max-age=0, must-revalidate", Pragma:"no-cache", Expires:"0", X-Frame-Options:"DENY"]
     Content type = text/plain;charset=UTF-8
             Body = deleted the campaign with id : 1 successfully !!
    Forwarded URL = null
   Redirected URL = null
          Cookies = []
]]></system-out>
  </testcase>
  <testcase name="testUpdateCampaignFound" classname="com.campaign.controller.CampaignControllerTest" time="0.009">
    <system-out><![CDATA[
MockHttpServletRequest:
      HTTP Method = PATCH
      Request URI = /v1/campaign/update/1
       Parameters = {_csrf=[7sNyAD665xNorZo0T43lEe3WKUFj50w_Elh1G9BS2cpGspzl2KVDMwbYgXdFmflWLqDRcNnvBCMFgnkSd2xDLeE26_MjgK3V]}
          Headers = [Content-Type:"application/json;charset=UTF-8", Content-Length:"39"]
             Body = {
  "description" : "New Description"
}
    Session Attrs = {SPRING_SECURITY_CONTEXT=SecurityContextImpl [Authentication=UsernamePasswordAuthenticationToken [Principal=org.springframework.security.core.userdetails.User [Username=user, Password=[PROTECTED], Enabled=true, AccountNonExpired=true, CredentialsNonExpired=true, AccountNonLocked=true, Granted Authorities=[ROLE_USER]], Credentials=[PROTECTED], Authenticated=true, Details=null, Granted Authorities=[ROLE_USER]]]}

Handler:
             Type = com.campaign.controller.CampaignController
           Method = com.campaign.controller.CampaignController#updateCampaign(int, Map)

Async:
    Async started = false
     Async result = null

Resolved Exception:
             Type = null

ModelAndView:
        View name = null
             View = null
            Model = null

FlashMap:
       Attributes = null

MockHttpServletResponse:
           Status = 200
    Error message = null
          Headers = [Vary:"Origin", "Access-Control-Request-Method", "Access-Control-Request-Headers", Content-Type:"application/json", X-Content-Type-Options:"nosniff", X-XSS-Protection:"0", Cache-Control:"no-cache, no-store, max-age=0, must-revalidate", Pragma:"no-cache", Expires:"0", X-Frame-Options:"DENY"]
     Content type = application/json
             Body = {"id":1,"campaignName":"test campaign","description":"New Description","purpose":"some purpose","goalAmount":66300.0,"currentAmount":52.5}
    Forwarded URL = null
   Redirected URL = null
          Cookies = []
]]></system-out>
  </testcase>
  <testcase name="testCreateCampaign" classname="com.campaign.controller.CampaignControllerTest" time="0.006">
    <system-out><![CDATA[2024-07-16T17:55:20.457-05:00  INFO 87839 --- [campaign-dev] [           main] c.c.controller.CampaignController        : CampaignController: createCampaign invoked: request object {"id":1,"campaignName":"test campaign","description":"description","purpose":"some purpose","goalAmount":66300.0,"currentAmount":52.5}

MockHttpServletRequest:
      HTTP Method = POST
      Request URI = /v1/campaign/create
       Parameters = {_csrf=[mFLhxRYO7DDsIhB5Dzr_pOMCTEYfYt1KV3zsT_jg0rDoNKFn_mDW8C8-2QLBEyJKOBfLk4AxYX8nW7tnZUiJfcjW4oTQUsAD]}
          Headers = [Content-Type:"application/json;charset=UTF-8", Content-Length:"165"]
             Body = {
  "id" : 1,
  "campaignName" : "test campaign",
  "description" : "description",
  "purpose" : "some purpose",
  "goalAmount" : 66300.0,
  "currentAmount" : 52.5
}
    Session Attrs = {SPRING_SECURITY_CONTEXT=SecurityContextImpl [Authentication=UsernamePasswordAuthenticationToken [Principal=org.springframework.security.core.userdetails.User [Username=user, Password=[PROTECTED], Enabled=true, AccountNonExpired=true, CredentialsNonExpired=true, AccountNonLocked=true, Granted Authorities=[ROLE_USER]], Credentials=[PROTECTED], Authenticated=true, Details=null, Granted Authorities=[ROLE_USER]]]}

Handler:
             Type = com.campaign.controller.CampaignController
           Method = com.campaign.controller.CampaignController#createCampaign(Campaign)

Async:
    Async started = false
     Async result = null

Resolved Exception:
             Type = null

ModelAndView:
        View name = null
             View = null
            Model = null

FlashMap:
       Attributes = null

MockHttpServletResponse:
           Status = 200
    Error message = null
          Headers = [Vary:"Origin", "Access-Control-Request-Method", "Access-Control-Request-Headers", Content-Type:"application/json", X-Content-Type-Options:"nosniff", X-XSS-Protection:"0", Cache-Control:"no-cache, no-store, max-age=0, must-revalidate", Pragma:"no-cache", Expires:"0", X-Frame-Options:"DENY"]
     Content type = application/json
             Body = {"id":1,"campaignName":"test campaign","description":"description","purpose":"some purpose","goalAmount":66300.0,"currentAmount":52.5}
    Forwarded URL = null
   Redirected URL = null
          Cookies = []
]]></system-out>
  </testcase>
  <testcase name="testGetCampaignsNotFound" classname="com.campaign.controller.CampaignControllerTest" time="0.003">
    <system-out><![CDATA[
MockHttpServletRequest:
      HTTP Method = GET
      Request URI = /v1/campaign/get
       Parameters = {}
          Headers = [Content-Type:"application/json;charset=UTF-8"]
             Body = null
    Session Attrs = {SPRING_SECURITY_CONTEXT=SecurityContextImpl [Authentication=UsernamePasswordAuthenticationToken [Principal=org.springframework.security.core.userdetails.User [Username=user, Password=[PROTECTED], Enabled=true, AccountNonExpired=true, CredentialsNonExpired=true, AccountNonLocked=true, Granted Authorities=[ROLE_USER]], Credentials=[PROTECTED], Authenticated=true, Details=null, Granted Authorities=[ROLE_USER]]]}

Handler:
             Type = com.campaign.controller.CampaignController
           Method = com.campaign.controller.CampaignController#getCampaigns()

Async:
    Async started = false
     Async result = null

Resolved Exception:
             Type = com.campaign.exception.EntityNotFoundException

ModelAndView:
        View name = null
             View = null
            Model = null

FlashMap:
       Attributes = null

MockHttpServletResponse:
           Status = 404
    Error message = null
          Headers = [Vary:"Origin", "Access-Control-Request-Method", "Access-Control-Request-Headers", X-Content-Type-Options:"nosniff", X-XSS-Protection:"0", Cache-Control:"no-cache, no-store, max-age=0, must-revalidate", Pragma:"no-cache", Expires:"0", X-Frame-Options:"DENY"]
     Content type = null
             Body = 
    Forwarded URL = null
   Redirected URL = null
          Cookies = []
]]></system-out>
  </testcase>
  <testcase name="testGetCampaignByIdNotFound" classname="com.campaign.controller.CampaignControllerTest" time="0.004">
    <system-out><![CDATA[2024-07-16T17:55:20.465-05:00  INFO 87839 --- [campaign-dev] [           main] c.c.controller.CampaignController        : CampaignController: getCampaignById invoked: request id 2

MockHttpServletRequest:
      HTTP Method = GET
      Request URI = /v1/campaign/get/2
       Parameters = {}
          Headers = [Content-Type:"application/json;charset=UTF-8"]
             Body = null
    Session Attrs = {SPRING_SECURITY_CONTEXT=SecurityContextImpl [Authentication=UsernamePasswordAuthenticationToken [Principal=org.springframework.security.core.userdetails.User [Username=user, Password=[PROTECTED], Enabled=true, AccountNonExpired=true, CredentialsNonExpired=true, AccountNonLocked=true, Granted Authorities=[ROLE_USER]], Credentials=[PROTECTED], Authenticated=true, Details=null, Granted Authorities=[ROLE_USER]]]}

Handler:
             Type = com.campaign.controller.CampaignController
           Method = com.campaign.controller.CampaignController#getCampaignById(int)

Async:
    Async started = false
     Async result = null

Resolved Exception:
             Type = com.campaign.exception.EntityNotFoundException

ModelAndView:
        View name = null
             View = null
            Model = null

FlashMap:
       Attributes = null

MockHttpServletResponse:
           Status = 404
    Error message = null
          Headers = [Vary:"Origin", "Access-Control-Request-Method", "Access-Control-Request-Headers", X-Content-Type-Options:"nosniff", X-XSS-Protection:"0", Cache-Control:"no-cache, no-store, max-age=0, must-revalidate", Pragma:"no-cache", Expires:"0", X-Frame-Options:"DENY"]
     Content type = null
             Body = 
    Forwarded URL = null
   Redirected URL = null
          Cookies = []
]]></system-out>
  </testcase>
  <testcase name="testGetCampaignByIdFound" classname="com.campaign.controller.CampaignControllerTest" time="0.004">
    <system-out><![CDATA[2024-07-16T17:55:20.469-05:00  INFO 87839 --- [campaign-dev] [           main] c.c.controller.CampaignController        : CampaignController: getCampaignById invoked: request id 2

MockHttpServletRequest:
      HTTP Method = GET
      Request URI = /v1/campaign/get/2
       Parameters = {}
          Headers = [Content-Type:"application/json;charset=UTF-8"]
             Body = null
    Session Attrs = {SPRING_SECURITY_CONTEXT=SecurityContextImpl [Authentication=UsernamePasswordAuthenticationToken [Principal=org.springframework.security.core.userdetails.User [Username=user, Password=[PROTECTED], Enabled=true, AccountNonExpired=true, CredentialsNonExpired=true, AccountNonLocked=true, Granted Authorities=[ROLE_USER]], Credentials=[PROTECTED], Authenticated=true, Details=null, Granted Authorities=[ROLE_USER]]]}

Handler:
             Type = com.campaign.controller.CampaignController
           Method = com.campaign.controller.CampaignController#getCampaignById(int)

Async:
    Async started = false
     Async result = null

Resolved Exception:
             Type = null

ModelAndView:
        View name = null
             View = null
            Model = null

FlashMap:
       Attributes = null

MockHttpServletResponse:
           Status = 200
    Error message = null
          Headers = [Vary:"Origin", "Access-Control-Request-Method", "Access-Control-Request-Headers", Content-Type:"application/json", X-Content-Type-Options:"nosniff", X-XSS-Protection:"0", Cache-Control:"no-cache, no-store, max-age=0, must-revalidate", Pragma:"no-cache", Expires:"0", X-Frame-Options:"DENY"]
     Content type = application/json
             Body = {"id":2,"campaignName":"test1 campaign","description":"description 1","purpose":"some purpose 1","goalAmount":677000.0,"currentAmount":566.5}
    Forwarded URL = null
   Redirected URL = null
          Cookies = []
]]></system-out>
  </testcase>
  <testcase name="testGetCampaignsFound" classname="com.campaign.controller.CampaignControllerTest" time="0.005">
    <system-out><![CDATA[2024-07-16T17:55:20.475-05:00  INFO 87839 --- [campaign-dev] [           main] c.c.controller.CampaignController        : CampaignController: getCampaigns invoked: response object [{"id":1,"campaignName":"test campaign","description":"description","purpose":"some purpose","goalAmount":66300.0,"currentAmount":52.5},{"id":2,"campaignName":"test1 campaign","description":"description 1","purpose":"some purpose 1","goalAmount":677000.0,"currentAmount":566.5}]:

MockHttpServletRequest:
      HTTP Method = GET
      Request URI = /v1/campaign/get
       Parameters = {}
          Headers = [Content-Type:"application/json;charset=UTF-8"]
             Body = null
    Session Attrs = {SPRING_SECURITY_CONTEXT=SecurityContextImpl [Authentication=UsernamePasswordAuthenticationToken [Principal=org.springframework.security.core.userdetails.User [Username=user, Password=[PROTECTED], Enabled=true, AccountNonExpired=true, CredentialsNonExpired=true, AccountNonLocked=true, Granted Authorities=[ROLE_USER]], Credentials=[PROTECTED], Authenticated=true, Details=null, Granted Authorities=[ROLE_USER]]]}

Handler:
             Type = com.campaign.controller.CampaignController
           Method = com.campaign.controller.CampaignController#getCampaigns()

Async:
    Async started = false
     Async result = null

Resolved Exception:
             Type = null

ModelAndView:
        View name = null
             View = null
            Model = null

FlashMap:
       Attributes = null

MockHttpServletResponse:
           Status = 200
    Error message = null
          Headers = [Vary:"Origin", "Access-Control-Request-Method", "Access-Control-Request-Headers", Content-Type:"application/json", X-Content-Type-Options:"nosniff", X-XSS-Protection:"0", Cache-Control:"no-cache, no-store, max-age=0, must-revalidate", Pragma:"no-cache", Expires:"0", X-Frame-Options:"DENY"]
     Content type = application/json
             Body = [{"id":1,"campaignName":"test campaign","description":"description","purpose":"some purpose","goalAmount":66300.0,"currentAmount":52.5},{"id":2,"campaignName":"test1 campaign","description":"description 1","purpose":"some purpose 1","goalAmount":677000.0,"currentAmount":566.5}]
    Forwarded URL = null
   Redirected URL = null
          Cookies = []
]]></system-out>
  </testcase>
  <testcase name="testDeleteCampaignNotFound" classname="com.campaign.controller.CampaignControllerTest" time="0.002">
    <system-out><![CDATA[
MockHttpServletRequest:
      HTTP Method = DELETE
      Request URI = /v1/campaign/delete/100
       Parameters = {}
          Headers = [Content-Type:"application/json;charset=UTF-8"]
             Body = null
    Session Attrs = {org.springframework.security.web.csrf.HttpSessionCsrfTokenRepository.CSRF_TOKEN=org.springframework.security.web.csrf.DefaultCsrfToken@157a0109, SPRING_SECURITY_CONTEXT=SecurityContextImpl [Authentication=UsernamePasswordAuthenticationToken [Principal=org.springframework.security.core.userdetails.User [Username=user, Password=[PROTECTED], Enabled=true, AccountNonExpired=true, CredentialsNonExpired=true, AccountNonLocked=true, Granted Authorities=[ROLE_USER]], Credentials=[PROTECTED], Authenticated=true, Details=null, Granted Authorities=[ROLE_USER]]]}

Handler:
             Type = null

Async:
    Async started = false
     Async result = null

Resolved Exception:
             Type = null

ModelAndView:
        View name = null
             View = null
            Model = null

FlashMap:
       Attributes = null

MockHttpServletResponse:
           Status = 403
    Error message = Forbidden
          Headers = [Vary:"Origin", "Access-Control-Request-Method", "Access-Control-Request-Headers", X-Content-Type-Options:"nosniff", X-XSS-Protection:"0", Cache-Control:"no-cache, no-store, max-age=0, must-revalidate", Pragma:"no-cache", Expires:"0", X-Frame-Options:"DENY"]
     Content type = null
             Body = 
    Forwarded URL = null
   Redirected URL = null
          Cookies = []
]]></system-out>
  </testcase>
  <testcase name="testUpdateCampaignNotFound" classname="com.campaign.controller.CampaignControllerTest" time="0.002">
    <system-out><![CDATA[
MockHttpServletRequest:
      HTTP Method = PATCH
      Request URI = /v1/campaign/update/22
       Parameters = {}
          Headers = [Content-Type:"application/json;charset=UTF-8", Content-Length:"39"]
             Body = {
  "description" : "New Description"
}
    Session Attrs = {org.springframework.security.web.csrf.HttpSessionCsrfTokenRepository.CSRF_TOKEN=org.springframework.security.web.csrf.DefaultCsrfToken@27ed1d60, SPRING_SECURITY_CONTEXT=SecurityContextImpl [Authentication=UsernamePasswordAuthenticationToken [Principal=org.springframework.security.core.userdetails.User [Username=user, Password=[PROTECTED], Enabled=true, AccountNonExpired=true, CredentialsNonExpired=true, AccountNonLocked=true, Granted Authorities=[ROLE_USER]], Credentials=[PROTECTED], Authenticated=true, Details=null, Granted Authorities=[ROLE_USER]]]}

Handler:
             Type = null

Async:
    Async started = false
     Async result = null

Resolved Exception:
             Type = null

ModelAndView:
        View name = null
             View = null
            Model = null

FlashMap:
       Attributes = null

MockHttpServletResponse:
           Status = 403
    Error message = Forbidden
          Headers = [Vary:"Origin", "Access-Control-Request-Method", "Access-Control-Request-Headers", X-Content-Type-Options:"nosniff", X-XSS-Protection:"0", Cache-Control:"no-cache, no-store, max-age=0, must-revalidate", Pragma:"no-cache", Expires:"0", X-Frame-Options:"DENY"]
     Content type = null
             Body = 
    Forwarded URL = null
   Redirected URL = null
          Cookies = []
]]></system-out>
  </testcase>
</testsuite>