<?xml version="1.0" encoding="UTF-8"?>
<testsuite xmlns:xsi="http://www.w3.org/2001/XMLSchema-instance" xsi:noNamespaceSchemaLocation="https://maven.apache.org/surefire/maven-surefire-plugin/xsd/surefire-test-report-3.0.xsd" version="3.0" name="com.campaign.service.impl.CampaignServiceImplTest" time="0.115" tests="9" errors="0" skipped="0" failures="0">
  <properties>
    <property name="splunk.token" value="d54bd62a-3c6b-44a6-a19f-aea2ef1c8a93"/>
    <property name="java.specification.version" value="17"/>
    <property name="sun.jnu.encoding" value="UTF-8"/>
    <property name="java.class.path" value="/Users/abdulbasithmohammed/Documents/java_projects/jenkins/campaign-service/target/test-classes:/Users/abdulbasithmohammed/Documents/java_projects/jenkins/campaign-service/target/classes:/Users/abdulbasithmohammed/.m2/repository/io/jsonwebtoken/jjwt-api/0.11.5/jjwt-api-0.11.5.jar:/Users/abdulbasithmohammed/.m2/repository/io/jsonwebtoken/jjwt-impl/0.11.5/jjwt-impl-0.11.5.jar:/Users/abdulbasithmohammed/.m2/repository/io/jsonwebtoken/jjwt-jackson/0.11.5/jjwt-jackson-0.11.5.jar:/Users/abdulbasithmohammed/.m2/repository/com/fasterxml/jackson/core/jackson-databind/2.15.4/jackson-databind-2.15.4.jar:/Users/abdulbasithmohammed/.m2/repository/com/fasterxml/jackson/core/jackson-annotations/2.15.4/jackson-annotations-2.15.4.jar:/Users/abdulbasithmohammed/.m2/repository/com/fasterxml/jackson/core/jackson-core/2.15.4/jackson-core-2.15.4.jar:/Users/abdulbasithmohammed/.m2/repository/org/springframework/boot/spring-boot-starter-security/3.2.3/spring-boot-starter-security-3.2.3.jar:/Users/abdulbasithmohammed/.m2/repository/org/springframework/boot/spring-boot-starter/3.2.3/spring-boot-starter-3.2.3.jar:/Users/abdulbasithmohammed/.m2/repository/org/springframework/boot/spring-boot/3.2.3/spring-boot-3.2.3.jar:/Users/abdulbasithmohammed/.m2/repository/org/springframework/boot/spring-boot-autoconfigure/3.2.3/spring-boot-autoconfigure-3.2.3.jar:/Users/abdulbasithmohammed/.m2/repository/org/springframework/boot/spring-boot-starter-logging/3.2.3/spring-boot-starter-logging-3.2.3.jar:/Users/abdulbasithmohammed/.m2/repository/ch/qos/logback/logback-classic/1.4.14/logback-classic-1.4.14.jar:/Users/abdulbasithmohammed/.m2/repository/ch/qos/logback/logback-core/1.4.14/logback-core-1.4.14.jar:/Users/abdulbasithmohammed/.m2/repository/org/apache/logging/log4j/log4j-to-slf4j/2.21.1/log4j-to-slf4j-2.21.1.jar:/Users/abdulbasithmohammed/.m2/repository/org/slf4j/jul-to-slf4j/2.0.12/jul-to-slf4j-2.0.12.jar:/Users/abdulbasithmohammed/.m2/repository/jakarta/annotation/jakarta.annotation-api/2.1.1/jakarta.annotation-api-2.1.1.jar:/Users/abdulbasithmohammed/.m2/repository/org/yaml/snakeyaml/2.2/snakeyaml-2.2.jar:/Users/abdulbasithmohammed/.m2/repository/org/springframework/spring-aop/6.1.4/spring-aop-6.1.4.jar:/Users/abdulbasithmohammed/.m2/repository/org/springframework/spring-beans/6.1.4/spring-beans-6.1.4.jar:/Users/abdulbasithmohammed/.m2/repository/org/springframework/security/spring-security-config/6.2.2/spring-security-config-6.2.2.jar:/Users/abdulbasithmohammed/.m2/repository/org/springframework/spring-context/6.1.4/spring-context-6.1.4.jar:/Users/abdulbasithmohammed/.m2/repository/org/springframework/security/spring-security-web/6.2.2/spring-security-web-6.2.2.jar:/Users/abdulbasithmohammed/.m2/repository/org/springframework/spring-expression/6.1.4/spring-expression-6.1.4.jar:/Users/abdulbasithmohammed/.m2/repository/org/springframework/security/spring-security-test/6.2.2/spring-security-test-6.2.2.jar:/Users/abdulbasithmohammed/.m2/repository/org/springframework/security/spring-security-core/6.2.2/spring-security-core-6.2.2.jar:/Users/abdulbasithmohammed/.m2/repository/org/springframework/security/spring-security-crypto/6.2.2/spring-security-crypto-6.2.2.jar:/Users/abdulbasithmohammed/.m2/repository/io/micrometer/micrometer-observation/1.12.3/micrometer-observation-1.12.3.jar:/Users/abdulbasithmohammed/.m2/repository/io/micrometer/micrometer-commons/1.12.3/micrometer-commons-1.12.3.jar:/Users/abdulbasithmohammed/.m2/repository/org/springframework/spring-core/6.1.4/spring-core-6.1.4.jar:/Users/abdulbasithmohammed/.m2/repository/org/springframework/spring-jcl/6.1.4/spring-jcl-6.1.4.jar:/Users/abdulbasithmohammed/.m2/repository/org/springframework/spring-test/6.1.4/spring-test-6.1.4.jar:/Users/abdulbasithmohammed/.m2/repository/org/springframework/boot/spring-boot-starter-data-jpa/3.2.3/spring-boot-starter-data-jpa-3.2.3.jar:/Users/abdulbasithmohammed/.m2/repository/org/springframework/boot/spring-boot-starter-aop/3.2.3/spring-boot-starter-aop-3.2.3.jar:/Users/abdulbasithmohammed/.m2/repository/org/aspectj/aspectjweaver/1.9.21/aspectjweaver-1.9.21.jar:/Users/abdulbasithmohammed/.m2/repository/org/springframework/boot/spring-boot-starter-jdbc/3.2.3/spring-boot-starter-jdbc-3.2.3.jar:/Users/abdulbasithmohammed/.m2/repository/com/zaxxer/HikariCP/5.0.1/HikariCP-5.0.1.jar:/Users/abdulbasithmohammed/.m2/repository/org/springframework/spring-jdbc/6.1.4/spring-jdbc-6.1.4.jar:/Users/abdulbasithmohammed/.m2/repository/org/hibernate/orm/hibernate-core/6.4.4.Final/hibernate-core-6.4.4.Final.jar:/Users/abdulbasithmohammed/.m2/repository/jakarta/persistence/jakarta.persistence-api/3.1.0/jakarta.persistence-api-3.1.0.jar:/Users/abdulbasithmohammed/.m2/repository/jakarta/transaction/jakarta.transaction-api/2.0.1/jakarta.transaction-api-2.0.1.jar:/Users/abdulbasithmohammed/.m2/repository/org/jboss/logging/jboss-logging/3.5.3.Final/jboss-logging-3.5.3.Final.jar:/Users/abdulbasithmohammed/.m2/repository/org/hibernate/common/hibernate-commons-annotations/6.0.6.Final/hibernate-commons-annotations-6.0.6.Final.jar:/Users/abdulbasithmohammed/.m2/repository/io/smallrye/jandex/3.1.2/jandex-3.1.2.jar:/Users/abdulbasithmohammed/.m2/repository/com/fasterxml/classmate/1.6.0/classmate-1.6.0.jar:/Users/abdulbasithmohammed/.m2/repository/net/bytebuddy/byte-buddy/1.14.12/byte-buddy-1.14.12.jar:/Users/abdulbasithmohammed/.m2/repository/org/glassfish/jaxb/jaxb-runtime/4.0.4/jaxb-runtime-4.0.4.jar:/Users/abdulbasithmohammed/.m2/repository/org/glassfish/jaxb/jaxb-core/4.0.4/jaxb-core-4.0.4.jar:/Users/abdulbasithmohammed/.m2/repository/org/eclipse/angus/angus-activation/2.0.1/angus-activation-2.0.1.jar:/Users/abdulbasithmohammed/.m2/repository/org/glassfish/jaxb/txw2/4.0.4/txw2-4.0.4.jar:/Users/abdulbasithmohammed/.m2/repository/com/sun/istack/istack-commons-runtime/4.1.2/istack-commons-runtime-4.1.2.jar:/Users/abdulbasithmohammed/.m2/repository/jakarta/inject/jakarta.inject-api/2.0.1/jakarta.inject-api-2.0.1.jar:/Users/abdulbasithmohammed/.m2/repository/org/antlr/antlr4-runtime/4.13.0/antlr4-runtime-4.13.0.jar:/Users/abdulbasithmohammed/.m2/repository/org/springframework/data/spring-data-jpa/3.2.3/spring-data-jpa-3.2.3.jar:/Users/abdulbasithmohammed/.m2/repository/org/springframework/data/spring-data-commons/3.2.3/spring-data-commons-3.2.3.jar:/Users/abdulbasithmohammed/.m2/repository/org/springframework/spring-orm/6.1.4/spring-orm-6.1.4.jar:/Users/abdulbasithmohammed/.m2/repository/org/springframework/spring-tx/6.1.4/spring-tx-6.1.4.jar:/Users/abdulbasithmohammed/.m2/repository/org/slf4j/slf4j-api/2.0.12/slf4j-api-2.0.12.jar:/Users/abdulbasithmohammed/.m2/repository/org/springframework/spring-aspects/6.1.4/spring-aspects-6.1.4.jar:/Users/abdulbasithmohammed/.m2/repository/org/springframework/boot/spring-boot-starter-web/3.2.3/spring-boot-starter-web-3.2.3.jar:/Users/abdulbasithmohammed/.m2/repository/org/springframework/boot/spring-boot-starter-json/3.2.3/spring-boot-starter-json-3.2.3.jar:/Users/abdulbasithmohammed/.m2/repository/com/fasterxml/jackson/datatype/jackson-datatype-jdk8/2.15.4/jackson-datatype-jdk8-2.15.4.jar:/Users/abdulbasithmohammed/.m2/repository/com/fasterxml/jackson/datatype/jackson-datatype-jsr310/2.15.4/jackson-datatype-jsr310-2.15.4.jar:/Users/abdulbasithmohammed/.m2/repository/com/fasterxml/jackson/module/jackson-module-parameter-names/2.15.4/jackson-module-parameter-names-2.15.4.jar:/Users/abdulbasithmohammed/.m2/repository/org/springframework/boot/spring-boot-starter-tomcat/3.2.3/spring-boot-starter-tomcat-3.2.3.jar:/Users/abdulbasithmohammed/.m2/repository/org/apache/tomcat/embed/tomcat-embed-core/10.1.19/tomcat-embed-core-10.1.19.jar:/Users/abdulbasithmohammed/.m2/repository/org/apache/tomcat/embed/tomcat-embed-el/10.1.19/tomcat-embed-el-10.1.19.jar:/Users/abdulbasithmohammed/.m2/repository/org/apache/tomcat/embed/tomcat-embed-websocket/10.1.19/tomcat-embed-websocket-10.1.19.jar:/Users/abdulbasithmohammed/.m2/repository/org/springframework/spring-web/6.1.4/spring-web-6.1.4.jar:/Users/abdulbasithmohammed/.m2/repository/org/springframework/spring-webmvc/6.1.4/spring-webmvc-6.1.4.jar:/Users/abdulbasithmohammed/.m2/repository/org/springframework/boot/spring-boot-starter-log4j2/3.2.3/spring-boot-starter-log4j2-3.2.3.jar:/Users/abdulbasithmohammed/.m2/repository/org/apache/logging/log4j/log4j-slf4j2-impl/2.21.1/log4j-slf4j2-impl-2.21.1.jar:/Users/abdulbasithmohammed/.m2/repository/org/apache/logging/log4j/log4j-api/2.21.1/log4j-api-2.21.1.jar:/Users/abdulbasithmohammed/.m2/repository/org/apache/logging/log4j/log4j-core/2.21.1/log4j-core-2.21.1.jar:/Users/abdulbasithmohammed/.m2/repository/org/apache/logging/log4j/log4j-jul/2.21.1/log4j-jul-2.21.1.jar:/Users/abdulbasithmohammed/.m2/repository/com/splunk/logging/splunk-library-javalogging/1.8.0/splunk-library-javalogging-1.8.0.jar:/Users/abdulbasithmohammed/.m2/repository/com/squareup/okhttp3/okhttp/4.12.0/okhttp-4.12.0.jar:/Users/abdulbasithmohammed/.m2/repository/com/squareup/okio/okio/3.6.0/okio-3.6.0.jar:/Users/abdulbasithmohammed/.m2/repository/com/squareup/okio/okio-jvm/3.6.0/okio-jvm-3.6.0.jar:/Users/abdulbasithmohammed/.m2/repository/org/jetbrains/kotlin/kotlin-stdlib-common/1.9.22/kotlin-stdlib-common-1.9.22.jar:/Users/abdulbasithmohammed/.m2/repository/org/jetbrains/kotlin/kotlin-stdlib-jdk8/1.9.22/kotlin-stdlib-jdk8-1.9.22.jar:/Users/abdulbasithmohammed/.m2/repository/org/jetbrains/kotlin/kotlin-stdlib/1.9.22/kotlin-stdlib-1.9.22.jar:/Users/abdulbasithmohammed/.m2/repository/org/jetbrains/annotations/13.0/annotations-13.0.jar:/Users/abdulbasithmohammed/.m2/repository/org/jetbrains/kotlin/kotlin-stdlib-jdk7/1.9.22/kotlin-stdlib-jdk7-1.9.22.jar:/Users/abdulbasithmohammed/.m2/repository/com/google/code/gson/gson/2.10.1/gson-2.10.1.jar:/Users/abdulbasithmohammed/.m2/repository/org/postgresql/postgresql/42.6.1/postgresql-42.6.1.jar:/Users/abdulbasithmohammed/.m2/repository/org/checkerframework/checker-qual/3.31.0/checker-qual-3.31.0.jar:/Users/abdulbasithmohammed/.m2/repository/org/projectlombok/lombok/1.18.30/lombok-1.18.30.jar:/Users/abdulbasithmohammed/.m2/repository/org/springframework/boot/spring-boot-starter-test/3.2.3/spring-boot-starter-test-3.2.3.jar:/Users/abdulbasithmohammed/.m2/repository/org/springframework/boot/spring-boot-test/3.2.3/spring-boot-test-3.2.3.jar:/Users/abdulbasithmohammed/.m2/repository/org/springframework/boot/spring-boot-test-autoconfigure/3.2.3/spring-boot-test-autoconfigure-3.2.3.jar:/Users/abdulbasithmohammed/.m2/repository/com/jayway/jsonpath/json-path/2.9.0/json-path-2.9.0.jar:/Users/abdulbasithmohammed/.m2/repository/jakarta/xml/bind/jakarta.xml.bind-api/4.0.1/jakarta.xml.bind-api-4.0.1.jar:/Users/abdulbasithmohammed/.m2/repository/jakarta/activation/jakarta.activation-api/2.1.2/jakarta.activation-api-2.1.2.jar:/Users/abdulbasithmohammed/.m2/repository/net/minidev/json-smart/2.5.0/json-smart-2.5.0.jar:/Users/abdulbasithmohammed/.m2/repository/net/minidev/accessors-smart/2.5.0/accessors-smart-2.5.0.jar:/Users/abdulbasithmohammed/.m2/repository/org/assertj/assertj-core/3.24.2/assertj-core-3.24.2.jar:/Users/abdulbasithmohammed/.m2/repository/org/awaitility/awaitility/4.2.0/awaitility-4.2.0.jar:/Users/abdulbasithmohammed/.m2/repository/org/hamcrest/hamcrest/2.2/hamcrest-2.2.jar:/Users/abdulbasithmohammed/.m2/repository/org/junit/jupiter/junit-jupiter/5.10.2/junit-jupiter-5.10.2.jar:/Users/abdulbasithmohammed/.m2/repository/org/junit/jupiter/junit-jupiter-api/5.10.2/junit-jupiter-api-5.10.2.jar:/Users/abdulbasithmohammed/.m2/repository/org/opentest4j/opentest4j/1.3.0/opentest4j-1.3.0.jar:/Users/abdulbasithmohammed/.m2/repository/org/junit/platform/junit-platform-commons/1.10.2/junit-platform-commons-1.10.2.jar:/Users/abdulbasithmohammed/.m2/repository/org/apiguardian/apiguardian-api/1.1.2/apiguardian-api-1.1.2.jar:/Users/abdulbasithmohammed/.m2/repository/org/junit/jupiter/junit-jupiter-params/5.10.2/junit-jupiter-params-5.10.2.jar:/Users/abdulbasithmohammed/.m2/repository/org/junit/jupiter/junit-jupiter-engine/5.10.2/junit-jupiter-engine-5.10.2.jar:/Users/abdulbasithmohammed/.m2/repository/org/junit/platform/junit-platform-engine/1.10.2/junit-platform-engine-1.10.2.jar:/Users/abdulbasithmohammed/.m2/repository/org/mockito/mockito-core/5.7.0/mockito-core-5.7.0.jar:/Users/abdulbasithmohammed/.m2/repository/net/bytebuddy/byte-buddy-agent/1.14.12/byte-buddy-agent-1.14.12.jar:/Users/abdulbasithmohammed/.m2/repository/org/objenesis/objenesis/3.3/objenesis-3.3.jar:/Users/abdulbasithmohammed/.m2/repository/org/mockito/mockito-junit-jupiter/5.7.0/mockito-junit-jupiter-5.7.0.jar:/Users/abdulbasithmohammed/.m2/repository/org/skyscreamer/jsonassert/1.5.1/jsonassert-1.5.1.jar:/Users/abdulbasithmohammed/.m2/repository/com/vaadin/external/google/android-json/0.0.20131108.vaadin1/android-json-0.0.20131108.vaadin1.jar:/Users/abdulbasithmohammed/.m2/repository/org/xmlunit/xmlunit-core/2.9.1/xmlunit-core-2.9.1.jar:/Users/abdulbasithmohammed/.m2/repository/org/springframework/cloud/spring-cloud-starter-vault-config/4.1.2/spring-cloud-starter-vault-config-4.1.2.jar:/Users/abdulbasithmohammed/.m2/repository/org/apache/httpcomponents/client5/httpclient5/5.2.3/httpclient5-5.2.3.jar:/Users/abdulbasithmohammed/.m2/repository/org/apache/httpcomponents/core5/httpcore5-h2/5.2.4/httpcore5-h2-5.2.4.jar:/Users/abdulbasithmohammed/.m2/repository/org/apache/httpcomponents/core5/httpcore5/5.2.4/httpcore5-5.2.4.jar:/Users/abdulbasithmohammed/.m2/repository/org/springframework/cloud/spring-cloud-starter/4.1.3/spring-cloud-starter-4.1.3.jar:/Users/abdulbasithmohammed/.m2/repository/org/springframework/cloud/spring-cloud-context/4.1.3/spring-cloud-context-4.1.3.jar:/Users/abdulbasithmohammed/.m2/repository/org/springframework/cloud/spring-cloud-commons/4.1.3/spring-cloud-commons-4.1.3.jar:/Users/abdulbasithmohammed/.m2/repository/org/springframework/security/spring-security-rsa/1.1.3/spring-security-rsa-1.1.3.jar:/Users/abdulbasithmohammed/.m2/repository/org/bouncycastle/bcprov-jdk18on/1.78/bcprov-jdk18on-1.78.jar:/Users/abdulbasithmohammed/.m2/repository/org/springframework/cloud/spring-cloud-vault-config/4.1.2/spring-cloud-vault-config-4.1.2.jar:/Users/abdulbasithmohammed/.m2/repository/org/springframework/vault/spring-vault-core/3.1.1/spring-vault-core-3.1.1.jar:/Users/abdulbasithmohammed/.m2/repository/org/jacoco/jacoco-maven-plugin/0.8.11/jacoco-maven-plugin-0.8.11.jar:/Users/abdulbasithmohammed/.m2/repository/org/codehaus/plexus/plexus-utils/3.0.24/plexus-utils-3.0.24.jar:/Users/abdulbasithmohammed/.m2/repository/org/apache/maven/shared/file-management/3.1.0/file-management-3.1.0.jar:/Users/abdulbasithmohammed/.m2/repository/commons-io/commons-io/2.11.0/commons-io-2.11.0.jar:/Users/abdulbasithmohammed/.m2/repository/org/apache/maven/reporting/maven-reporting-api/3.0/maven-reporting-api-3.0.jar:/Users/abdulbasithmohammed/.m2/repository/org/apache/maven/doxia/doxia-sink-api/1.0/doxia-sink-api-1.0.jar:/Users/abdulbasithmohammed/.m2/repository/org/jacoco/org.jacoco.agent/0.8.11/org.jacoco.agent-0.8.11-runtime.jar:/Users/abdulbasithmohammed/.m2/repository/org/jacoco/org.jacoco.core/0.8.11/org.jacoco.core-0.8.11.jar:/Users/abdulbasithmohammed/.m2/repository/org/ow2/asm/asm/9.6/asm-9.6.jar:/Users/abdulbasithmohammed/.m2/repository/org/ow2/asm/asm-commons/9.6/asm-commons-9.6.jar:/Users/abdulbasithmohammed/.m2/repository/org/ow2/asm/asm-tree/9.6/asm-tree-9.6.jar:/Users/abdulbasithmohammed/.m2/repository/org/jacoco/org.jacoco.report/0.8.11/org.jacoco.report-0.8.11.jar:"/>
    <property name="java.vm.vendor" value="Oracle Corporation"/>
    <property name="sun.arch.data.model" value="64"/>
    <property name="splunk.source" value="http-campaign-event-logs"/>
    <property name="splunk.index" value="campaign_service_dev"/>
    <property name="java.vendor.url" value="https://java.oracle.com/"/>
    <property name="user.timezone" value="America/Chicago"/>
    <property name="org.jboss.logging.provider" value="slf4j"/>
    <property name="os.name" value="Mac OS X"/>
    <property name="java.vm.specification.version" value="17"/>
    <property name="sun.java.launcher" value="SUN_STANDARD"/>
    <property name="user.country" value="US"/>
    <property name="sun.boot.library.path" value="/Library/Java/JavaVirtualMachines/jdk-17.jdk/Contents/Home/lib"/>
    <property name="sun.java.command" value="/Users/abdulbasithmohammed/Documents/java_projects/jenkins/campaign-service/target/surefire/surefirebooter-20240716175516568_3.jar /Users/abdulbasithmohammed/Documents/java_projects/jenkins/campaign-service/target/surefire 2024-07-16T17-55-16_536-jvmRun1 surefire-20240716175516568_1tmp surefire_0-20240716175516568_2tmp"/>
    <property name="http.nonProxyHosts" value="local|*.local|169.254/16|*.169.254/16"/>
    <property name="jdk.debug" value="release"/>
    <property name="surefire.test.class.path" value="/Users/abdulbasithmohammed/Documents/java_projects/jenkins/campaign-service/target/test-classes:/Users/abdulbasithmohammed/Documents/java_projects/jenkins/campaign-service/target/classes:/Users/abdulbasithmohammed/.m2/repository/io/jsonwebtoken/jjwt-api/0.11.5/jjwt-api-0.11.5.jar:/Users/abdulbasithmohammed/.m2/repository/io/jsonwebtoken/jjwt-impl/0.11.5/jjwt-impl-0.11.5.jar:/Users/abdulbasithmohammed/.m2/repository/io/jsonwebtoken/jjwt-jackson/0.11.5/jjwt-jackson-0.11.5.jar:/Users/abdulbasithmohammed/.m2/repository/com/fasterxml/jackson/core/jackson-databind/2.15.4/jackson-databind-2.15.4.jar:/Users/abdulbasithmohammed/.m2/repository/com/fasterxml/jackson/core/jackson-annotations/2.15.4/jackson-annotations-2.15.4.jar:/Users/abdulbasithmohammed/.m2/repository/com/fasterxml/jackson/core/jackson-core/2.15.4/jackson-core-2.15.4.jar:/Users/abdulbasithmohammed/.m2/repository/org/springframework/boot/spring-boot-starter-security/3.2.3/spring-boot-starter-security-3.2.3.jar:/Users/abdulbasithmohammed/.m2/repository/org/springframework/boot/spring-boot-starter/3.2.3/spring-boot-starter-3.2.3.jar:/Users/abdulbasithmohammed/.m2/repository/org/springframework/boot/spring-boot/3.2.3/spring-boot-3.2.3.jar:/Users/abdulbasithmohammed/.m2/repository/org/springframework/boot/spring-boot-autoconfigure/3.2.3/spring-boot-autoconfigure-3.2.3.jar:/Users/abdulbasithmohammed/.m2/repository/org/springframework/boot/spring-boot-starter-logging/3.2.3/spring-boot-starter-logging-3.2.3.jar:/Users/abdulbasithmohammed/.m2/repository/ch/qos/logback/logback-classic/1.4.14/logback-classic-1.4.14.jar:/Users/abdulbasithmohammed/.m2/repository/ch/qos/logback/logback-core/1.4.14/logback-core-1.4.14.jar:/Users/abdulbasithmohammed/.m2/repository/org/apache/logging/log4j/log4j-to-slf4j/2.21.1/log4j-to-slf4j-2.21.1.jar:/Users/abdulbasithmohammed/.m2/repository/org/slf4j/jul-to-slf4j/2.0.12/jul-to-slf4j-2.0.12.jar:/Users/abdulbasithmohammed/.m2/repository/jakarta/annotation/jakarta.annotation-api/2.1.1/jakarta.annotation-api-2.1.1.jar:/Users/abdulbasithmohammed/.m2/repository/org/yaml/snakeyaml/2.2/snakeyaml-2.2.jar:/Users/abdulbasithmohammed/.m2/repository/org/springframework/spring-aop/6.1.4/spring-aop-6.1.4.jar:/Users/abdulbasithmohammed/.m2/repository/org/springframework/spring-beans/6.1.4/spring-beans-6.1.4.jar:/Users/abdulbasithmohammed/.m2/repository/org/springframework/security/spring-security-config/6.2.2/spring-security-config-6.2.2.jar:/Users/abdulbasithmohammed/.m2/repository/org/springframework/spring-context/6.1.4/spring-context-6.1.4.jar:/Users/abdulbasithmohammed/.m2/repository/org/springframework/security/spring-security-web/6.2.2/spring-security-web-6.2.2.jar:/Users/abdulbasithmohammed/.m2/repository/org/springframework/spring-expression/6.1.4/spring-expression-6.1.4.jar:/Users/abdulbasithmohammed/.m2/repository/org/springframework/security/spring-security-test/6.2.2/spring-security-test-6.2.2.jar:/Users/abdulbasithmohammed/.m2/repository/org/springframework/security/spring-security-core/6.2.2/spring-security-core-6.2.2.jar:/Users/abdulbasithmohammed/.m2/repository/org/springframework/security/spring-security-crypto/6.2.2/spring-security-crypto-6.2.2.jar:/Users/abdulbasithmohammed/.m2/repository/io/micrometer/micrometer-observation/1.12.3/micrometer-observation-1.12.3.jar:/Users/abdulbasithmohammed/.m2/repository/io/micrometer/micrometer-commons/1.12.3/micrometer-commons-1.12.3.jar:/Users/abdulbasithmohammed/.m2/repository/org/springframework/spring-core/6.1.4/spring-core-6.1.4.jar:/Users/abdulbasithmohammed/.m2/repository/org/springframework/spring-jcl/6.1.4/spring-jcl-6.1.4.jar:/Users/abdulbasithmohammed/.m2/repository/org/springframework/spring-test/6.1.4/spring-test-6.1.4.jar:/Users/abdulbasithmohammed/.m2/repository/org/springframework/boot/spring-boot-starter-data-jpa/3.2.3/spring-boot-starter-data-jpa-3.2.3.jar:/Users/abdulbasithmohammed/.m2/repository/org/springframework/boot/spring-boot-starter-aop/3.2.3/spring-boot-starter-aop-3.2.3.jar:/Users/abdulbasithmohammed/.m2/repository/org/aspectj/aspectjweaver/1.9.21/aspectjweaver-1.9.21.jar:/Users/abdulbasithmohammed/.m2/repository/org/springframework/boot/spring-boot-starter-jdbc/3.2.3/spring-boot-starter-jdbc-3.2.3.jar:/Users/abdulbasithmohammed/.m2/repository/com/zaxxer/HikariCP/5.0.1/HikariCP-5.0.1.jar:/Users/abdulbasithmohammed/.m2/repository/org/springframework/spring-jdbc/6.1.4/spring-jdbc-6.1.4.jar:/Users/abdulbasithmohammed/.m2/repository/org/hibernate/orm/hibernate-core/6.4.4.Final/hibernate-core-6.4.4.Final.jar:/Users/abdulbasithmohammed/.m2/repository/jakarta/persistence/jakarta.persistence-api/3.1.0/jakarta.persistence-api-3.1.0.jar:/Users/abdulbasithmohammed/.m2/repository/jakarta/transaction/jakarta.transaction-api/2.0.1/jakarta.transaction-api-2.0.1.jar:/Users/abdulbasithmohammed/.m2/repository/org/jboss/logging/jboss-logging/3.5.3.Final/jboss-logging-3.5.3.Final.jar:/Users/abdulbasithmohammed/.m2/repository/org/hibernate/common/hibernate-commons-annotations/6.0.6.Final/hibernate-commons-annotations-6.0.6.Final.jar:/Users/abdulbasithmohammed/.m2/repository/io/smallrye/jandex/3.1.2/jandex-3.1.2.jar:/Users/abdulbasithmohammed/.m2/repository/com/fasterxml/classmate/1.6.0/classmate-1.6.0.jar:/Users/abdulbasithmohammed/.m2/repository/net/bytebuddy/byte-buddy/1.14.12/byte-buddy-1.14.12.jar:/Users/abdulbasithmohammed/.m2/repository/org/glassfish/jaxb/jaxb-runtime/4.0.4/jaxb-runtime-4.0.4.jar:/Users/abdulbasithmohammed/.m2/repository/org/glassfish/jaxb/jaxb-core/4.0.4/jaxb-core-4.0.4.jar:/Users/abdulbasithmohammed/.m2/repository/org/eclipse/angus/angus-activation/2.0.1/angus-activation-2.0.1.jar:/Users/abdulbasithmohammed/.m2/repository/org/glassfish/jaxb/txw2/4.0.4/txw2-4.0.4.jar:/Users/abdulbasithmohammed/.m2/repository/com/sun/istack/istack-commons-runtime/4.1.2/istack-commons-runtime-4.1.2.jar:/Users/abdulbasithmohammed/.m2/repository/jakarta/inject/jakarta.inject-api/2.0.1/jakarta.inject-api-2.0.1.jar:/Users/abdulbasithmohammed/.m2/repository/org/antlr/antlr4-runtime/4.13.0/antlr4-runtime-4.13.0.jar:/Users/abdulbasithmohammed/.m2/repository/org/springframework/data/spring-data-jpa/3.2.3/spring-data-jpa-3.2.3.jar:/Users/abdulbasithmohammed/.m2/repository/org/springframework/data/spring-data-commons/3.2.3/spring-data-commons-3.2.3.jar:/Users/abdulbasithmohammed/.m2/repository/org/springframework/spring-orm/6.1.4/spring-orm-6.1.4.jar:/Users/abdulbasithmohammed/.m2/repository/org/springframework/spring-tx/6.1.4/spring-tx-6.1.4.jar:/Users/abdulbasithmohammed/.m2/repository/org/slf4j/slf4j-api/2.0.12/slf4j-api-2.0.12.jar:/Users/abdulbasithmohammed/.m2/repository/org/springframework/spring-aspects/6.1.4/spring-aspects-6.1.4.jar:/Users/abdulbasithmohammed/.m2/repository/org/springframework/boot/spring-boot-starter-web/3.2.3/spring-boot-starter-web-3.2.3.jar:/Users/abdulbasithmohammed/.m2/repository/org/springframework/boot/spring-boot-starter-json/3.2.3/spring-boot-starter-json-3.2.3.jar:/Users/abdulbasithmohammed/.m2/repository/com/fasterxml/jackson/datatype/jackson-datatype-jdk8/2.15.4/jackson-datatype-jdk8-2.15.4.jar:/Users/abdulbasithmohammed/.m2/repository/com/fasterxml/jackson/datatype/jackson-datatype-jsr310/2.15.4/jackson-datatype-jsr310-2.15.4.jar:/Users/abdulbasithmohammed/.m2/repository/com/fasterxml/jackson/module/jackson-module-parameter-names/2.15.4/jackson-module-parameter-names-2.15.4.jar:/Users/abdulbasithmohammed/.m2/repository/org/springframework/boot/spring-boot-starter-tomcat/3.2.3/spring-boot-starter-tomcat-3.2.3.jar:/Users/abdulbasithmohammed/.m2/repository/org/apache/tomcat/embed/tomcat-embed-core/10.1.19/tomcat-embed-core-10.1.19.jar:/Users/abdulbasithmohammed/.m2/repository/org/apache/tomcat/embed/tomcat-embed-el/10.1.19/tomcat-embed-el-10.1.19.jar:/Users/abdulbasithmohammed/.m2/repository/org/apache/tomcat/embed/tomcat-embed-websocket/10.1.19/tomcat-embed-websocket-10.1.19.jar:/Users/abdulbasithmohammed/.m2/repository/org/springframework/spring-web/6.1.4/spring-web-6.1.4.jar:/Users/abdulbasithmohammed/.m2/repository/org/springframework/spring-webmvc/6.1.4/spring-webmvc-6.1.4.jar:/Users/abdulbasithmohammed/.m2/repository/org/springframework/boot/spring-boot-starter-log4j2/3.2.3/spring-boot-starter-log4j2-3.2.3.jar:/Users/abdulbasithmohammed/.m2/repository/org/apache/logging/log4j/log4j-slf4j2-impl/2.21.1/log4j-slf4j2-impl-2.21.1.jar:/Users/abdulbasithmohammed/.m2/repository/org/apache/logging/log4j/log4j-api/2.21.1/log4j-api-2.21.1.jar:/Users/abdulbasithmohammed/.m2/repository/org/apache/logging/log4j/log4j-core/2.21.1/log4j-core-2.21.1.jar:/Users/abdulbasithmohammed/.m2/repository/org/apache/logging/log4j/log4j-jul/2.21.1/log4j-jul-2.21.1.jar:/Users/abdulbasithmohammed/.m2/repository/com/splunk/logging/splunk-library-javalogging/1.8.0/splunk-library-javalogging-1.8.0.jar:/Users/abdulbasithmohammed/.m2/repository/com/squareup/okhttp3/okhttp/4.12.0/okhttp-4.12.0.jar:/Users/abdulbasithmohammed/.m2/repository/com/squareup/okio/okio/3.6.0/okio-3.6.0.jar:/Users/abdulbasithmohammed/.m2/repository/com/squareup/okio/okio-jvm/3.6.0/okio-jvm-3.6.0.jar:/Users/abdulbasithmohammed/.m2/repository/org/jetbrains/kotlin/kotlin-stdlib-common/1.9.22/kotlin-stdlib-common-1.9.22.jar:/Users/abdulbasithmohammed/.m2/repository/org/jetbrains/kotlin/kotlin-stdlib-jdk8/1.9.22/kotlin-stdlib-jdk8-1.9.22.jar:/Users/abdulbasithmohammed/.m2/repository/org/jetbrains/kotlin/kotlin-stdlib/1.9.22/kotlin-stdlib-1.9.22.jar:/Users/abdulbasithmohammed/.m2/repository/org/jetbrains/annotations/13.0/annotations-13.0.jar:/Users/abdulbasithmohammed/.m2/repository/org/jetbrains/kotlin/kotlin-stdlib-jdk7/1.9.22/kotlin-stdlib-jdk7-1.9.22.jar:/Users/abdulbasithmohammed/.m2/repository/com/google/code/gson/gson/2.10.1/gson-2.10.1.jar:/Users/abdulbasithmohammed/.m2/repository/org/postgresql/postgresql/42.6.1/postgresql-42.6.1.jar:/Users/abdulbasithmohammed/.m2/repository/org/checkerframework/checker-qual/3.31.0/checker-qual-3.31.0.jar:/Users/abdulbasithmohammed/.m2/repository/org/projectlombok/lombok/1.18.30/lombok-1.18.30.jar:/Users/abdulbasithmohammed/.m2/repository/org/springframework/boot/spring-boot-starter-test/3.2.3/spring-boot-starter-test-3.2.3.jar:/Users/abdulbasithmohammed/.m2/repository/org/springframework/boot/spring-boot-test/3.2.3/spring-boot-test-3.2.3.jar:/Users/abdulbasithmohammed/.m2/repository/org/springframework/boot/spring-boot-test-autoconfigure/3.2.3/spring-boot-test-autoconfigure-3.2.3.jar:/Users/abdulbasithmohammed/.m2/repository/com/jayway/jsonpath/json-path/2.9.0/json-path-2.9.0.jar:/Users/abdulbasithmohammed/.m2/repository/jakarta/xml/bind/jakarta.xml.bind-api/4.0.1/jakarta.xml.bind-api-4.0.1.jar:/Users/abdulbasithmohammed/.m2/repository/jakarta/activation/jakarta.activation-api/2.1.2/jakarta.activation-api-2.1.2.jar:/Users/abdulbasithmohammed/.m2/repository/net/minidev/json-smart/2.5.0/json-smart-2.5.0.jar:/Users/abdulbasithmohammed/.m2/repository/net/minidev/accessors-smart/2.5.0/accessors-smart-2.5.0.jar:/Users/abdulbasithmohammed/.m2/repository/org/assertj/assertj-core/3.24.2/assertj-core-3.24.2.jar:/Users/abdulbasithmohammed/.m2/repository/org/awaitility/awaitility/4.2.0/awaitility-4.2.0.jar:/Users/abdulbasithmohammed/.m2/repository/org/hamcrest/hamcrest/2.2/hamcrest-2.2.jar:/Users/abdulbasithmohammed/.m2/repository/org/junit/jupiter/junit-jupiter/5.10.2/junit-jupiter-5.10.2.jar:/Users/abdulbasithmohammed/.m2/repository/org/junit/jupiter/junit-jupiter-api/5.10.2/junit-jupiter-api-5.10.2.jar:/Users/abdulbasithmohammed/.m2/repository/org/opentest4j/opentest4j/1.3.0/opentest4j-1.3.0.jar:/Users/abdulbasithmohammed/.m2/repository/org/junit/platform/junit-platform-commons/1.10.2/junit-platform-commons-1.10.2.jar:/Users/abdulbasithmohammed/.m2/repository/org/apiguardian/apiguardian-api/1.1.2/apiguardian-api-1.1.2.jar:/Users/abdulbasithmohammed/.m2/repository/org/junit/jupiter/junit-jupiter-params/5.10.2/junit-jupiter-params-5.10.2.jar:/Users/abdulbasithmohammed/.m2/repository/org/junit/jupiter/junit-jupiter-engine/5.10.2/junit-jupiter-engine-5.10.2.jar:/Users/abdulbasithmohammed/.m2/repository/org/junit/platform/junit-platform-engine/1.10.2/junit-platform-engine-1.10.2.jar:/Users/abdulbasithmohammed/.m2/repository/org/mockito/mockito-core/5.7.0/mockito-core-5.7.0.jar:/Users/abdulbasithmohammed/.m2/repository/net/bytebuddy/byte-buddy-agent/1.14.12/byte-buddy-agent-1.14.12.jar:/Users/abdulbasithmohammed/.m2/repository/org/objenesis/objenesis/3.3/objenesis-3.3.jar:/Users/abdulbasithmohammed/.m2/repository/org/mockito/mockito-junit-jupiter/5.7.0/mockito-junit-jupiter-5.7.0.jar:/Users/abdulbasithmohammed/.m2/repository/org/skyscreamer/jsonassert/1.5.1/jsonassert-1.5.1.jar:/Users/abdulbasithmohammed/.m2/repository/com/vaadin/external/google/android-json/0.0.20131108.vaadin1/android-json-0.0.20131108.vaadin1.jar:/Users/abdulbasithmohammed/.m2/repository/org/xmlunit/xmlunit-core/2.9.1/xmlunit-core-2.9.1.jar:/Users/abdulbasithmohammed/.m2/repository/org/springframework/cloud/spring-cloud-starter-vault-config/4.1.2/spring-cloud-starter-vault-config-4.1.2.jar:/Users/abdulbasithmohammed/.m2/repository/org/apache/httpcomponents/client5/httpclient5/5.2.3/httpclient5-5.2.3.jar:/Users/abdulbasithmohammed/.m2/repository/org/apache/httpcomponents/core5/httpcore5-h2/5.2.4/httpcore5-h2-5.2.4.jar:/Users/abdulbasithmohammed/.m2/repository/org/apache/httpcomponents/core5/httpcore5/5.2.4/httpcore5-5.2.4.jar:/Users/abdulbasithmohammed/.m2/repository/org/springframework/cloud/spring-cloud-starter/4.1.3/spring-cloud-starter-4.1.3.jar:/Users/abdulbasithmohammed/.m2/repository/org/springframework/cloud/spring-cloud-context/4.1.3/spring-cloud-context-4.1.3.jar:/Users/abdulbasithmohammed/.m2/repository/org/springframework/cloud/spring-cloud-commons/4.1.3/spring-cloud-commons-4.1.3.jar:/Users/abdulbasithmohammed/.m2/repository/org/springframework/security/spring-security-rsa/1.1.3/spring-security-rsa-1.1.3.jar:/Users/abdulbasithmohammed/.m2/repository/org/bouncycastle/bcprov-jdk18on/1.78/bcprov-jdk18on-1.78.jar:/Users/abdulbasithmohammed/.m2/repository/org/springframework/cloud/spring-cloud-vault-config/4.1.2/spring-cloud-vault-config-4.1.2.jar:/Users/abdulbasithmohammed/.m2/repository/org/springframework/vault/spring-vault-core/3.1.1/spring-vault-core-3.1.1.jar:/Users/abdulbasithmohammed/.m2/repository/org/jacoco/jacoco-maven-plugin/0.8.11/jacoco-maven-plugin-0.8.11.jar:/Users/abdulbasithmohammed/.m2/repository/org/codehaus/plexus/plexus-utils/3.0.24/plexus-utils-3.0.24.jar:/Users/abdulbasithmohammed/.m2/repository/org/apache/maven/shared/file-management/3.1.0/file-management-3.1.0.jar:/Users/abdulbasithmohammed/.m2/repository/commons-io/commons-io/2.11.0/commons-io-2.11.0.jar:/Users/abdulbasithmohammed/.m2/repository/org/apache/maven/reporting/maven-reporting-api/3.0/maven-reporting-api-3.0.jar:/Users/abdulbasithmohammed/.m2/repository/org/apache/maven/doxia/doxia-sink-api/1.0/doxia-sink-api-1.0.jar:/Users/abdulbasithmohammed/.m2/repository/org/jacoco/org.jacoco.agent/0.8.11/org.jacoco.agent-0.8.11-runtime.jar:/Users/abdulbasithmohammed/.m2/repository/org/jacoco/org.jacoco.core/0.8.11/org.jacoco.core-0.8.11.jar:/Users/abdulbasithmohammed/.m2/repository/org/ow2/asm/asm/9.6/asm-9.6.jar:/Users/abdulbasithmohammed/.m2/repository/org/ow2/asm/asm-commons/9.6/asm-commons-9.6.jar:/Users/abdulbasithmohammed/.m2/repository/org/ow2/asm/asm-tree/9.6/asm-tree-9.6.jar:/Users/abdulbasithmohammed/.m2/repository/org/jacoco/org.jacoco.report/0.8.11/org.jacoco.report-0.8.11.jar:"/>
    <property name="sun.cpu.endian" value="little"/>
    <property name="user.home" value="/Users/abdulbasithmohammed"/>
    <property name="user.language" value="en"/>
    <property name="java.specification.vendor" value="Oracle Corporation"/>
    <property name="java.version.date" value="2024-01-16"/>
    <property name="java.home" value="/Library/Java/JavaVirtualMachines/jdk-17.jdk/Contents/Home"/>
    <property name="file.separator" value="/"/>
    <property name="basedir" value="/Users/abdulbasithmohammed/Documents/java_projects/jenkins/campaign-service"/>
    <property name="java.vm.compressedOopsMode" value="Zero based"/>
    <property name="splunk.url" value="http://localhost:8088"/>
    <property name="line.separator" value="&#10;"/>
    <property name="java.vm.specification.vendor" value="Oracle Corporation"/>
    <property name="java.specification.name" value="Java Platform API Specification"/>
    <property name="FILE_LOG_CHARSET" value="UTF-8"/>
    <property name="java.awt.headless" value="true"/>
    <property name="surefire.real.class.path" value="/Users/abdulbasithmohammed/Documents/java_projects/jenkins/campaign-service/target/surefire/surefirebooter-20240716175516568_3.jar"/>
    <property name="sun.management.compiler" value="HotSpot 64-Bit Tiered Compilers"/>
    <property name="ftp.nonProxyHosts" value="local|*.local|169.254/16|*.169.254/16"/>
    <property name="java.runtime.version" value="17.0.10+11-LTS-240"/>
    <property name="user.name" value="abdulbasithmohammed"/>
    <property name="path.separator" value=":"/>
    <property name="os.version" value="14.4"/>
    <property name="java.runtime.name" value="Java(TM) SE Runtime Environment"/>
    <property name="file.encoding" value="UTF-8"/>
    <property name="java.vm.name" value="Java HotSpot(TM) 64-Bit Server VM"/>
    <property name="localRepository" value="/Users/abdulbasithmohammed/.m2/repository"/>
    <property name="java.vendor.url.bug" value="https://bugreport.java.com/bugreport/"/>
    <property name="java.io.tmpdir" value="/var/folders/fr/s4wd8gn174x6z6wl5yz440sr0000gn/T/"/>
    <property name="com.zaxxer.hikari.pool_number" value="1"/>
    <property name="java.version" value="17.0.10"/>
    <property name="user.dir" value="/Users/abdulbasithmohammed/Documents/java_projects/jenkins/campaign-service"/>
    <property name="os.arch" value="aarch64"/>
    <property name="java.vm.specification.name" value="Java Virtual Machine Specification"/>
    <property name="PID" value="87839"/>
    <property name="CONSOLE_LOG_CHARSET" value="UTF-8"/>
    <property name="native.encoding" value="UTF-8"/>
    <property name="java.library.path" value="/Users/abdulbasithmohammed/Library/Java/Extensions:/Library/Java/Extensions:/Network/Library/Java/Extensions:/System/Library/Java/Extensions:/usr/lib/java:."/>
    <property name="java.vm.info" value="mixed mode, sharing"/>
    <property name="java.vendor" value="Oracle Corporation"/>
    <property name="java.vm.version" value="17.0.10+11-LTS-240"/>
    <property name="sun.io.unicode.encoding" value="UnicodeBig"/>
    <property name="socksNonProxyHosts" value="local|*.local|169.254/16|*.169.254/16"/>
    <property name="java.class.version" value="61.0"/>
    <property name="LOGGED_APPLICATION_NAME" value="[campaign-dev] "/>
  </properties>
  <testcase name="testDeleteCampaignByIdPresent" classname="com.campaign.service.impl.CampaignServiceImplTest" time="0.076">
    <system-out><![CDATA[2024-07-16T17:55:22.906-05:00  INFO 87839 --- [campaign-dev] [           main] c.c.service.impl.CampaignServiceImpl     : CampaignServiceImpl: deleteCampaignById invoked, id : 1
2024-07-16T17:55:22.907-05:00  INFO 87839 --- [campaign-dev] [           main] c.c.service.impl.CampaignServiceImpl     : CampaignServiceImpl: deleteCampaignById reponse object: deleted the campaign with id :1 successfully !! 
]]></system-out>
  </testcase>
  <testcase name="testUpdateCampaignCampaignNotPresent" classname="com.campaign.service.impl.CampaignServiceImplTest" time="0.004"/>
  <testcase name="testCreateCampaignSuccessFull" classname="com.campaign.service.impl.CampaignServiceImplTest" time="0.003">
    <system-out><![CDATA[2024-07-16T17:55:22.914-05:00  INFO 87839 --- [campaign-dev] [           main] c.c.service.impl.CampaignServiceImpl     : CampaignServiceImpl: createCampaign invoked, request object {"id":2,"campaignName":"test campaign","description":"description","purpose":"some purpose","goalAmount":66300.0,"currentAmount":52.5}
]]></system-out>
  </testcase>
  <testcase name="testUpdateCampaignSuccessFull" classname="com.campaign.service.impl.CampaignServiceImplTest" time="0.001"/>
  <testcase name="testDeleteCampaignByIdNotPresent" classname="com.campaign.service.impl.CampaignServiceImplTest" time="0.008">
    <system-out><![CDATA[2024-07-16T17:55:22.916-05:00  INFO 87839 --- [campaign-dev] [           main] c.c.service.impl.CampaignServiceImpl     : CampaignServiceImpl: deleteCampaignById invoked, id : 10
2024-07-16T17:55:22.923-05:00 ERROR 87839 --- [campaign-dev] [           main] c.c.service.impl.CampaignServiceImpl     : CampaignServiceImpl: deleteCampaignById : encountered errors while fecthing data {"cause":null,"stackTrace":[{"classLoaderName":"app","moduleName":null,"moduleVersion":null,"methodName":"deleteCampaignById","fileName":"CampaignServiceImpl.java","lineNumber":108,"nativeMethod":false,"className":"com.campaign.service.impl.CampaignServiceImpl"},{"classLoaderName":"app","moduleName":null,"moduleVersion":null,"methodName":"lambda$testDeleteCampaignByIdNotPresent$5","fileName":"CampaignServiceImplTest.java","lineNumber":181,"nativeMethod":false,"className":"com.campaign.service.impl.CampaignServiceImplTest"},{"classLoaderName":"app","moduleName":null,"moduleVersion":null,"methodName":"assertThrows","fileName":"AssertThrows.java","lineNumber":53,"nativeMethod":false,"className":"org.junit.jupiter.api.AssertThrows"},{"classLoaderName":"app","moduleName":null,"moduleVersion":null,"methodName":"assertThrows","fileName":"AssertThrows.java","lineNumber":35,"nativeMethod":false,"className":"org.junit.jupiter.api.AssertThrows"},{"classLoaderName":"app","moduleName":null,"moduleVersion":null,"methodName":"assertThrows","fileName":"Assertions.java","lineNumber":3115,"nativeMethod":false,"className":"org.junit.jupiter.api.Assertions"},{"classLoaderName":"app","moduleName":null,"moduleVersion":null,"methodName":"testDeleteCampaignByIdNotPresent","fileName":"CampaignServiceImplTest.java","lineNumber":181,"nativeMethod":false,"className":"com.campaign.service.impl.CampaignServiceImplTest"},{"classLoaderName":null,"moduleName":"java.base","moduleVersion":"17.0.10","methodName":"invoke0","fileName":"NativeMethodAccessorImpl.java","lineNumber":-2,"nativeMethod":true,"className":"jdk.internal.reflect.NativeMethodAccessorImpl"},{"classLoaderName":null,"moduleName":"java.base","moduleVersion":"17.0.10","methodName":"invoke","fileName":"NativeMethodAccessorImpl.java","lineNumber":77,"nativeMethod":false,"className":"jdk.internal.reflect.NativeMethodAccessorImpl"},{"classLoaderName":null,"moduleName":"java.base","moduleVersion":"17.0.10","methodName":"invoke","fileName":"DelegatingMethodAccessorImpl.java","lineNumber":43,"nativeMethod":false,"className":"jdk.internal.reflect.DelegatingMethodAccessorImpl"},{"classLoaderName":null,"moduleName":"java.base","moduleVersion":"17.0.10","methodName":"invoke","fileName":"Method.java","lineNumber":568,"nativeMethod":false,"className":"java.lang.reflect.Method"},{"classLoaderName":"app","moduleName":null,"moduleVersion":null,"methodName":"invokeMethod","fileName":"ReflectionUtils.java","lineNumber":728,"nativeMethod":false,"className":"org.junit.platform.commons.util.ReflectionUtils"},{"classLoaderName":"app","moduleName":null,"moduleVersion":null,"methodName":"proceed","fileName":"MethodInvocation.java","lineNumber":60,"nativeMethod":false,"className":"org.junit.jupiter.engine.execution.MethodInvocation"},{"classLoaderName":"app","moduleName":null,"moduleVersion":null,"methodName":"proceed","fileName":"InvocationInterceptorChain.java","lineNumber":131,"nativeMethod":false,"className":"org.junit.jupiter.engine.execution.InvocationInterceptorChain$ValidatingInvocation"},{"classLoaderName":"app","moduleName":null,"moduleVersion":null,"methodName":"intercept","fileName":"TimeoutExtension.java","lineNumber":156,"nativeMethod":false,"className":"org.junit.jupiter.engine.extension.TimeoutExtension"},{"classLoaderName":"app","moduleName":null,"moduleVersion":null,"methodName":"interceptTestableMethod","fileName":"TimeoutExtension.java","lineNumber":147,"nativeMethod":false,"className":"org.junit.jupiter.engine.extension.TimeoutExtension"},{"classLoaderName":"app","moduleName":null,"moduleVersion":null,"methodName":"interceptTestMethod","fileName":"TimeoutExtension.java","lineNumber":86,"nativeMethod":false,"className":"org.junit.jupiter.engine.extension.TimeoutExtension"},{"classLoaderName":"app","moduleName":null,"moduleVersion":null,"methodName":"lambda$ofVoidMethod$0","fileName":"InterceptingExecutableInvoker.java","lineNumber":103,"nativeMethod":false,"className":"org.junit.jupiter.engine.execution.InterceptingExecutableInvoker$ReflectiveInterceptorCall"},{"classLoaderName":"app","moduleName":null,"moduleVersion":null,"methodName":"lambda$invoke$0","fileName":"InterceptingExecutableInvoker.java","lineNumber":93,"nativeMethod":false,"className":"org.junit.jupiter.engine.execution.InterceptingExecutableInvoker"},{"classLoaderName":"app","moduleName":null,"moduleVersion":null,"methodName":"proceed","fileName":"InvocationInterceptorChain.java","lineNumber":106,"nativeMethod":false,"className":"org.junit.jupiter.engine.execution.InvocationInterceptorChain$InterceptedInvocation"},{"classLoaderName":"app","moduleName":null,"moduleVersion":null,"methodName":"proceed","fileName":"InvocationInterceptorChain.java","lineNumber":64,"nativeMethod":false,"className":"org.junit.jupiter.engine.execution.InvocationInterceptorChain"},{"classLoaderName":"app","moduleName":null,"moduleVersion":null,"methodName":"chainAndInvoke","fileName":"InvocationInterceptorChain.java","lineNumber":45,"nativeMethod":false,"className":"org.junit.jupiter.engine.execution.InvocationInterceptorChain"},{"classLoaderName":"app","moduleName":null,"moduleVersion":null,"methodName":"invoke","fileName":"InvocationInterceptorChain.java","lineNumber":37,"nativeMethod":false,"className":"org.junit.jupiter.engine.execution.InvocationInterceptorChain"},{"classLoaderName":"app","moduleName":null,"moduleVersion":null,"methodName":"invoke","fileName":"InterceptingExecutableInvoker.java","lineNumber":92,"nativeMethod":false,"className":"org.junit.jupiter.engine.execution.InterceptingExecutableInvoker"},{"classLoaderName":"app","moduleName":null,"moduleVersion":null,"methodName":"invoke","fileName":"InterceptingExecutableInvoker.java","lineNumber":86,"nativeMethod":false,"className":"org.junit.jupiter.engine.execution.InterceptingExecutableInvoker"},{"classLoaderName":"app","moduleName":null,"moduleVersion":null,"methodName":"lambda$invokeTestMethod$7","fileName":"TestMethodTestDescriptor.java","lineNumber":218,"nativeMethod":false,"className":"org.junit.jupiter.engine.descriptor.TestMethodTestDescriptor"},{"classLoaderName":"app","moduleName":null,"moduleVersion":null,"methodName":"execute","fileName":"ThrowableCollector.java","lineNumber":73,"nativeMethod":false,"className":"org.junit.platform.engine.support.hierarchical.ThrowableCollector"},{"classLoaderName":"app","moduleName":null,"moduleVersion":null,"methodName":"invokeTestMethod","fileName":"TestMethodTestDescriptor.java","lineNumber":214,"nativeMethod":false,"className":"org.junit.jupiter.engine.descriptor.TestMethodTestDescriptor"},{"classLoaderName":"app","moduleName":null,"moduleVersion":null,"methodName":"execute","fileName":"TestMethodTestDescriptor.java","lineNumber":139,"nativeMethod":false,"className":"org.junit.jupiter.engine.descriptor.TestMethodTestDescriptor"},{"classLoaderName":"app","moduleName":null,"moduleVersion":null,"methodName":"execute","fileName":"TestMethodTestDescriptor.java","lineNumber":69,"nativeMethod":false,"className":"org.junit.jupiter.engine.descriptor.TestMethodTestDescriptor"},{"classLoaderName":"app","moduleName":null,"moduleVersion":null,"methodName":"lambda$executeRecursively$6","fileName":"NodeTestTask.java","lineNumber":151,"nativeMethod":false,"className":"org.junit.platform.engine.support.hierarchical.NodeTestTask"},{"classLoaderName":"app","moduleName":null,"moduleVersion":null,"methodName":"execute","fileName":"ThrowableCollector.java","lineNumber":73,"nativeMethod":false,"className":"org.junit.platform.engine.support.hierarchical.ThrowableCollector"},{"classLoaderName":"app","moduleName":null,"moduleVersion":null,"methodName":"lambda$executeRecursively$8","fileName":"NodeTestTask.java","lineNumber":141,"nativeMethod":false,"className":"org.junit.platform.engine.support.hierarchical.NodeTestTask"},{"classLoaderName":"app","moduleName":null,"moduleVersion":null,"methodName":"around","fileName":"Node.java","lineNumber":137,"nativeMethod":false,"className":"org.junit.platform.engine.support.hierarchical.Node"},{"classLoaderName":"app","moduleName":null,"moduleVersion":null,"methodName":"lambda$executeRecursively$9","fileName":"NodeTestTask.java","lineNumber":139,"nativeMethod":false,"className":"org.junit.platform.engine.support.hierarchical.NodeTestTask"},{"classLoaderName":"app","moduleName":null,"moduleVersion":null,"methodName":"execute","fileName":"ThrowableCollector.java","lineNumber":73,"nativeMethod":false,"className":"org.junit.platform.engine.support.hierarchical.ThrowableCollector"},{"classLoaderName":"app","moduleName":null,"moduleVersion":null,"methodName":"executeRecursively","fileName":"NodeTestTask.java","lineNumber":138,"nativeMethod":false,"className":"org.junit.platform.engine.support.hierarchical.NodeTestTask"},{"classLoaderName":"app","moduleName":null,"moduleVersion":null,"methodName":"execute","fileName":"NodeTestTask.java","lineNumber":95,"nativeMethod":false,"className":"org.junit.platform.engine.support.hierarchical.NodeTestTask"},{"classLoaderName":null,"moduleName":"java.base","moduleVersion":"17.0.10","methodName":"forEach","fileName":"ArrayList.java","lineNumber":1511,"nativeMethod":false,"className":"java.util.ArrayList"},{"classLoaderName":"app","moduleName":null,"moduleVersion":null,"methodName":"invokeAll","fileName":"SameThreadHierarchicalTestExecutorService.java","lineNumber":41,"nativeMethod":false,"className":"org.junit.platform.engine.support.hierarchical.SameThreadHierarchicalTestExecutorService"},{"classLoaderName":"app","moduleName":null,"moduleVersion":null,"methodName":"lambda$executeRecursively$6","fileName":"NodeTestTask.java","lineNumber":155,"nativeMethod":false,"className":"org.junit.platform.engine.support.hierarchical.NodeTestTask"},{"classLoaderName":"app","moduleName":null,"moduleVersion":null,"methodName":"execute","fileName":"ThrowableCollector.java","lineNumber":73,"nativeMethod":false,"className":"org.junit.platform.engine.support.hierarchical.ThrowableCollector"},{"classLoaderName":"app","moduleName":null,"moduleVersion":null,"methodName":"lambda$executeRecursively$8","fileName":"NodeTestTask.java","lineNumber":141,"nativeMethod":false,"className":"org.junit.platform.engine.support.hierarchical.NodeTestTask"},{"classLoaderName":"app","moduleName":null,"moduleVersion":null,"methodName":"around","fileName":"Node.java","lineNumber":137,"nativeMethod":false,"className":"org.junit.platform.engine.support.hierarchical.Node"},{"classLoaderName":"app","moduleName":null,"moduleVersion":null,"methodName":"lambda$executeRecursively$9","fileName":"NodeTestTask.java","lineNumber":139,"nativeMethod":false,"className":"org.junit.platform.engine.support.hierarchical.NodeTestTask"},{"classLoaderName":"app","moduleName":null,"moduleVersion":null,"methodName":"execute","fileName":"ThrowableCollector.java","lineNumber":73,"nativeMethod":false,"className":"org.junit.platform.engine.support.hierarchical.ThrowableCollector"},{"classLoaderName":"app","moduleName":null,"moduleVersion":null,"methodName":"executeRecursively","fileName":"NodeTestTask.java","lineNumber":138,"nativeMethod":false,"className":"org.junit.platform.engine.support.hierarchical.NodeTestTask"},{"classLoaderName":"app","moduleName":null,"moduleVersion":null,"methodName":"execute","fileName":"NodeTestTask.java","lineNumber":95,"nativeMethod":false,"className":"org.junit.platform.engine.support.hierarchical.NodeTestTask"},{"classLoaderName":null,"moduleName":"java.base","moduleVersion":"17.0.10","methodName":"forEach","fileName":"ArrayList.java","lineNumber":1511,"nativeMethod":false,"className":"java.util.ArrayList"},{"classLoaderName":"app","moduleName":null,"moduleVersion":null,"methodName":"invokeAll","fileName":"SameThreadHierarchicalTestExecutorService.java","lineNumber":41,"nativeMethod":false,"className":"org.junit.platform.engine.support.hierarchical.SameThreadHierarchicalTestExecutorService"},{"classLoaderName":"app","moduleName":null,"moduleVersion":null,"methodName":"lambda$executeRecursively$6","fileName":"NodeTestTask.java","lineNumber":155,"nativeMethod":false,"className":"org.junit.platform.engine.support.hierarchical.NodeTestTask"},{"classLoaderName":"app","moduleName":null,"moduleVersion":null,"methodName":"execute","fileName":"ThrowableCollector.java","lineNumber":73,"nativeMethod":false,"className":"org.junit.platform.engine.support.hierarchical.ThrowableCollector"},{"classLoaderName":"app","moduleName":null,"moduleVersion":null,"methodName":"lambda$executeRecursively$8","fileName":"NodeTestTask.java","lineNumber":141,"nativeMethod":false,"className":"org.junit.platform.engine.support.hierarchical.NodeTestTask"},{"classLoaderName":"app","moduleName":null,"moduleVersion":null,"methodName":"around","fileName":"Node.java","lineNumber":137,"nativeMethod":false,"className":"org.junit.platform.engine.support.hierarchical.Node"},{"classLoaderName":"app","moduleName":null,"moduleVersion":null,"methodName":"lambda$executeRecursively$9","fileName":"NodeTestTask.java","lineNumber":139,"nativeMethod":false,"className":"org.junit.platform.engine.support.hierarchical.NodeTestTask"},{"classLoaderName":"app","moduleName":null,"moduleVersion":null,"methodName":"execute","fileName":"ThrowableCollector.java","lineNumber":73,"nativeMethod":false,"className":"org.junit.platform.engine.support.hierarchical.ThrowableCollector"},{"classLoaderName":"app","moduleName":null,"moduleVersion":null,"methodName":"executeRecursively","fileName":"NodeTestTask.java","lineNumber":138,"nativeMethod":false,"className":"org.junit.platform.engine.support.hierarchical.NodeTestTask"},{"classLoaderName":"app","moduleName":null,"moduleVersion":null,"methodName":"execute","fileName":"NodeTestTask.java","lineNumber":95,"nativeMethod":false,"className":"org.junit.platform.engine.support.hierarchical.NodeTestTask"},{"classLoaderName":"app","moduleName":null,"moduleVersion":null,"methodName":"submit","fileName":"SameThreadHierarchicalTestExecutorService.java","lineNumber":35,"nativeMethod":false,"className":"org.junit.platform.engine.support.hierarchical.SameThreadHierarchicalTestExecutorService"},{"classLoaderName":"app","moduleName":null,"moduleVersion":null,"methodName":"execute","fileName":"HierarchicalTestExecutor.java","lineNumber":57,"nativeMethod":false,"className":"org.junit.platform.engine.support.hierarchical.HierarchicalTestExecutor"},{"classLoaderName":"app","moduleName":null,"moduleVersion":null,"methodName":"execute","fileName":"HierarchicalTestEngine.java","lineNumber":54,"nativeMethod":false,"className":"org.junit.platform.engine.support.hierarchical.HierarchicalTestEngine"},{"classLoaderName":"app","moduleName":null,"moduleVersion":null,"methodName":"execute","fileName":"EngineExecutionOrchestrator.java","lineNumber":198,"nativeMethod":false,"className":"org.junit.platform.launcher.core.EngineExecutionOrchestrator"},{"classLoaderName":"app","moduleName":null,"moduleVersion":null,"methodName":"execute","fileName":"EngineExecutionOrchestrator.java","lineNumber":169,"nativeMethod":false,"className":"org.junit.platform.launcher.core.EngineExecutionOrchestrator"},{"classLoaderName":"app","moduleName":null,"moduleVersion":null,"methodName":"execute","fileName":"EngineExecutionOrchestrator.java","lineNumber":93,"nativeMethod":false,"className":"org.junit.platform.launcher.core.EngineExecutionOrchestrator"},{"classLoaderName":"app","moduleName":null,"moduleVersion":null,"methodName":"lambda$execute$0","fileName":"EngineExecutionOrchestrator.java","lineNumber":58,"nativeMethod":false,"className":"org.junit.platform.launcher.core.EngineExecutionOrchestrator"},{"classLoaderName":"app","moduleName":null,"moduleVersion":null,"methodName":"withInterceptedStreams","fileName":"EngineExecutionOrchestrator.java","lineNumber":141,"nativeMethod":false,"className":"org.junit.platform.launcher.core.EngineExecutionOrchestrator"},{"classLoaderName":"app","moduleName":null,"moduleVersion":null,"methodName":"execute","fileName":"EngineExecutionOrchestrator.java","lineNumber":57,"nativeMethod":false,"className":"org.junit.platform.launcher.core.EngineExecutionOrchestrator"},{"classLoaderName":"app","moduleName":null,"moduleVersion":null,"methodName":"execute","fileName":"DefaultLauncher.java","lineNumber":103,"nativeMethod":false,"className":"org.junit.platform.launcher.core.DefaultLauncher"},{"classLoaderName":"app","moduleName":null,"moduleVersion":null,"methodName":"execute","fileName":"DefaultLauncher.java","lineNumber":85,"nativeMethod":false,"className":"org.junit.platform.launcher.core.DefaultLauncher"},{"classLoaderName":"app","moduleName":null,"moduleVersion":null,"methodName":"execute","fileName":"DelegatingLauncher.java","lineNumber":47,"nativeMethod":false,"className":"org.junit.platform.launcher.core.DelegatingLauncher"},{"classLoaderName":"app","moduleName":null,"moduleVersion":null,"methodName":"execute","fileName":"LazyLauncher.java","lineNumber":56,"nativeMethod":false,"className":"org.apache.maven.surefire.junitplatform.LazyLauncher"},{"classLoaderName":"app","moduleName":null,"moduleVersion":null,"methodName":"execute","fileName":"JUnitPlatformProvider.java","lineNumber":184,"nativeMethod":false,"className":"org.apache.maven.surefire.junitplatform.JUnitPlatformProvider"},{"classLoaderName":"app","moduleName":null,"moduleVersion":null,"methodName":"invokeAllTests","fileName":"JUnitPlatformProvider.java","lineNumber":148,"nativeMethod":false,"className":"org.apache.maven.surefire.junitplatform.JUnitPlatformProvider"},{"classLoaderName":"app","moduleName":null,"moduleVersion":null,"methodName":"invoke","fileName":"JUnitPlatformProvider.java","lineNumber":122,"nativeMethod":false,"className":"org.apache.maven.surefire.junitplatform.JUnitPlatformProvider"},{"classLoaderName":"app","moduleName":null,"moduleVersion":null,"methodName":"runSuitesInProcess","fileName":"ForkedBooter.java","lineNumber":385,"nativeMethod":false,"className":"org.apache.maven.surefire.booter.ForkedBooter"},{"classLoaderName":"app","moduleName":null,"moduleVersion":null,"methodName":"execute","fileName":"ForkedBooter.java","lineNumber":162,"nativeMethod":false,"className":"org.apache.maven.surefire.booter.ForkedBooter"},{"classLoaderName":"app","moduleName":null,"moduleVersion":null,"methodName":"run","fileName":"ForkedBooter.java","lineNumber":507,"nativeMethod":false,"className":"org.apache.maven.surefire.booter.ForkedBooter"},{"classLoaderName":"app","moduleName":null,"moduleVersion":null,"methodName":"main","fileName":"ForkedBooter.java","lineNumber":495,"nativeMethod":false,"className":"org.apache.maven.surefire.booter.ForkedBooter"}],"message":"Campaign not found with id: 10","suppressed":[],"localizedMessage":"Campaign not found with id: 10"}
]]></system-out>
  </testcase>
  <testcase name="testGetCampaignByIdNotPresent" classname="com.campaign.service.impl.CampaignServiceImplTest" time="0.006">
    <system-out><![CDATA[2024-07-16T17:55:22.924-05:00  INFO 87839 --- [campaign-dev] [           main] c.c.service.impl.CampaignServiceImpl     : CampaignServiceImpl: getCampaignById invoked, id : 1
2024-07-16T17:55:22.926-05:00 ERROR 87839 --- [campaign-dev] [           main] c.c.service.impl.CampaignServiceImpl     : CampaignServiceImpl: getCampaignById : encountered errors while fecthing data {"cause":null,"stackTrace":[{"classLoaderName":"app","moduleName":null,"moduleVersion":null,"methodName":"getCampaignById","fileName":"CampaignServiceImpl.java","lineNumber":92,"nativeMethod":false,"className":"com.campaign.service.impl.CampaignServiceImpl"},{"classLoaderName":"app","moduleName":null,"moduleVersion":null,"methodName":"lambda$testGetCampaignByIdNotPresent$3","fileName":"CampaignServiceImplTest.java","lineNumber":156,"nativeMethod":false,"className":"com.campaign.service.impl.CampaignServiceImplTest"},{"classLoaderName":"app","moduleName":null,"moduleVersion":null,"methodName":"catchThrowable","fileName":"ThrowableAssert.java","lineNumber":63,"nativeMethod":false,"className":"org.assertj.core.api.ThrowableAssert"},{"classLoaderName":"app","moduleName":null,"moduleVersion":null,"methodName":"isThrownBy","fileName":"ThrowableTypeAssert.java","lineNumber":59,"nativeMethod":false,"className":"org.assertj.core.api.ThrowableTypeAssert"},{"classLoaderName":"app","moduleName":null,"moduleVersion":null,"methodName":"testGetCampaignByIdNotPresent","fileName":"CampaignServiceImplTest.java","lineNumber":156,"nativeMethod":false,"className":"com.campaign.service.impl.CampaignServiceImplTest"},{"classLoaderName":null,"moduleName":"java.base","moduleVersion":"17.0.10","methodName":"invoke0","fileName":"NativeMethodAccessorImpl.java","lineNumber":-2,"nativeMethod":true,"className":"jdk.internal.reflect.NativeMethodAccessorImpl"},{"classLoaderName":null,"moduleName":"java.base","moduleVersion":"17.0.10","methodName":"invoke","fileName":"NativeMethodAccessorImpl.java","lineNumber":77,"nativeMethod":false,"className":"jdk.internal.reflect.NativeMethodAccessorImpl"},{"classLoaderName":null,"moduleName":"java.base","moduleVersion":"17.0.10","methodName":"invoke","fileName":"DelegatingMethodAccessorImpl.java","lineNumber":43,"nativeMethod":false,"className":"jdk.internal.reflect.DelegatingMethodAccessorImpl"},{"classLoaderName":null,"moduleName":"java.base","moduleVersion":"17.0.10","methodName":"invoke","fileName":"Method.java","lineNumber":568,"nativeMethod":false,"className":"java.lang.reflect.Method"},{"classLoaderName":"app","moduleName":null,"moduleVersion":null,"methodName":"invokeMethod","fileName":"ReflectionUtils.java","lineNumber":728,"nativeMethod":false,"className":"org.junit.platform.commons.util.ReflectionUtils"},{"classLoaderName":"app","moduleName":null,"moduleVersion":null,"methodName":"proceed","fileName":"MethodInvocation.java","lineNumber":60,"nativeMethod":false,"className":"org.junit.jupiter.engine.execution.MethodInvocation"},{"classLoaderName":"app","moduleName":null,"moduleVersion":null,"methodName":"proceed","fileName":"InvocationInterceptorChain.java","lineNumber":131,"nativeMethod":false,"className":"org.junit.jupiter.engine.execution.InvocationInterceptorChain$ValidatingInvocation"},{"classLoaderName":"app","moduleName":null,"moduleVersion":null,"methodName":"intercept","fileName":"TimeoutExtension.java","lineNumber":156,"nativeMethod":false,"className":"org.junit.jupiter.engine.extension.TimeoutExtension"},{"classLoaderName":"app","moduleName":null,"moduleVersion":null,"methodName":"interceptTestableMethod","fileName":"TimeoutExtension.java","lineNumber":147,"nativeMethod":false,"className":"org.junit.jupiter.engine.extension.TimeoutExtension"},{"classLoaderName":"app","moduleName":null,"moduleVersion":null,"methodName":"interceptTestMethod","fileName":"TimeoutExtension.java","lineNumber":86,"nativeMethod":false,"className":"org.junit.jupiter.engine.extension.TimeoutExtension"},{"classLoaderName":"app","moduleName":null,"moduleVersion":null,"methodName":"lambda$ofVoidMethod$0","fileName":"InterceptingExecutableInvoker.java","lineNumber":103,"nativeMethod":false,"className":"org.junit.jupiter.engine.execution.InterceptingExecutableInvoker$ReflectiveInterceptorCall"},{"classLoaderName":"app","moduleName":null,"moduleVersion":null,"methodName":"lambda$invoke$0","fileName":"InterceptingExecutableInvoker.java","lineNumber":93,"nativeMethod":false,"className":"org.junit.jupiter.engine.execution.InterceptingExecutableInvoker"},{"classLoaderName":"app","moduleName":null,"moduleVersion":null,"methodName":"proceed","fileName":"InvocationInterceptorChain.java","lineNumber":106,"nativeMethod":false,"className":"org.junit.jupiter.engine.execution.InvocationInterceptorChain$InterceptedInvocation"},{"classLoaderName":"app","moduleName":null,"moduleVersion":null,"methodName":"proceed","fileName":"InvocationInterceptorChain.java","lineNumber":64,"nativeMethod":false,"className":"org.junit.jupiter.engine.execution.InvocationInterceptorChain"},{"classLoaderName":"app","moduleName":null,"moduleVersion":null,"methodName":"chainAndInvoke","fileName":"InvocationInterceptorChain.java","lineNumber":45,"nativeMethod":false,"className":"org.junit.jupiter.engine.execution.InvocationInterceptorChain"},{"classLoaderName":"app","moduleName":null,"moduleVersion":null,"methodName":"invoke","fileName":"InvocationInterceptorChain.java","lineNumber":37,"nativeMethod":false,"className":"org.junit.jupiter.engine.execution.InvocationInterceptorChain"},{"classLoaderName":"app","moduleName":null,"moduleVersion":null,"methodName":"invoke","fileName":"InterceptingExecutableInvoker.java","lineNumber":92,"nativeMethod":false,"className":"org.junit.jupiter.engine.execution.InterceptingExecutableInvoker"},{"classLoaderName":"app","moduleName":null,"moduleVersion":null,"methodName":"invoke","fileName":"InterceptingExecutableInvoker.java","lineNumber":86,"nativeMethod":false,"className":"org.junit.jupiter.engine.execution.InterceptingExecutableInvoker"},{"classLoaderName":"app","moduleName":null,"moduleVersion":null,"methodName":"lambda$invokeTestMethod$7","fileName":"TestMethodTestDescriptor.java","lineNumber":218,"nativeMethod":false,"className":"org.junit.jupiter.engine.descriptor.TestMethodTestDescriptor"},{"classLoaderName":"app","moduleName":null,"moduleVersion":null,"methodName":"execute","fileName":"ThrowableCollector.java","lineNumber":73,"nativeMethod":false,"className":"org.junit.platform.engine.support.hierarchical.ThrowableCollector"},{"classLoaderName":"app","moduleName":null,"moduleVersion":null,"methodName":"invokeTestMethod","fileName":"TestMethodTestDescriptor.java","lineNumber":214,"nativeMethod":false,"className":"org.junit.jupiter.engine.descriptor.TestMethodTestDescriptor"},{"classLoaderName":"app","moduleName":null,"moduleVersion":null,"methodName":"execute","fileName":"TestMethodTestDescriptor.java","lineNumber":139,"nativeMethod":false,"className":"org.junit.jupiter.engine.descriptor.TestMethodTestDescriptor"},{"classLoaderName":"app","moduleName":null,"moduleVersion":null,"methodName":"execute","fileName":"TestMethodTestDescriptor.java","lineNumber":69,"nativeMethod":false,"className":"org.junit.jupiter.engine.descriptor.TestMethodTestDescriptor"},{"classLoaderName":"app","moduleName":null,"moduleVersion":null,"methodName":"lambda$executeRecursively$6","fileName":"NodeTestTask.java","lineNumber":151,"nativeMethod":false,"className":"org.junit.platform.engine.support.hierarchical.NodeTestTask"},{"classLoaderName":"app","moduleName":null,"moduleVersion":null,"methodName":"execute","fileName":"ThrowableCollector.java","lineNumber":73,"nativeMethod":false,"className":"org.junit.platform.engine.support.hierarchical.ThrowableCollector"},{"classLoaderName":"app","moduleName":null,"moduleVersion":null,"methodName":"lambda$executeRecursively$8","fileName":"NodeTestTask.java","lineNumber":141,"nativeMethod":false,"className":"org.junit.platform.engine.support.hierarchical.NodeTestTask"},{"classLoaderName":"app","moduleName":null,"moduleVersion":null,"methodName":"around","fileName":"Node.java","lineNumber":137,"nativeMethod":false,"className":"org.junit.platform.engine.support.hierarchical.Node"},{"classLoaderName":"app","moduleName":null,"moduleVersion":null,"methodName":"lambda$executeRecursively$9","fileName":"NodeTestTask.java","lineNumber":139,"nativeMethod":false,"className":"org.junit.platform.engine.support.hierarchical.NodeTestTask"},{"classLoaderName":"app","moduleName":null,"moduleVersion":null,"methodName":"execute","fileName":"ThrowableCollector.java","lineNumber":73,"nativeMethod":false,"className":"org.junit.platform.engine.support.hierarchical.ThrowableCollector"},{"classLoaderName":"app","moduleName":null,"moduleVersion":null,"methodName":"executeRecursively","fileName":"NodeTestTask.java","lineNumber":138,"nativeMethod":false,"className":"org.junit.platform.engine.support.hierarchical.NodeTestTask"},{"classLoaderName":"app","moduleName":null,"moduleVersion":null,"methodName":"execute","fileName":"NodeTestTask.java","lineNumber":95,"nativeMethod":false,"className":"org.junit.platform.engine.support.hierarchical.NodeTestTask"},{"classLoaderName":null,"moduleName":"java.base","moduleVersion":"17.0.10","methodName":"forEach","fileName":"ArrayList.java","lineNumber":1511,"nativeMethod":false,"className":"java.util.ArrayList"},{"classLoaderName":"app","moduleName":null,"moduleVersion":null,"methodName":"invokeAll","fileName":"SameThreadHierarchicalTestExecutorService.java","lineNumber":41,"nativeMethod":false,"className":"org.junit.platform.engine.support.hierarchical.SameThreadHierarchicalTestExecutorService"},{"classLoaderName":"app","moduleName":null,"moduleVersion":null,"methodName":"lambda$executeRecursively$6","fileName":"NodeTestTask.java","lineNumber":155,"nativeMethod":false,"className":"org.junit.platform.engine.support.hierarchical.NodeTestTask"},{"classLoaderName":"app","moduleName":null,"moduleVersion":null,"methodName":"execute","fileName":"ThrowableCollector.java","lineNumber":73,"nativeMethod":false,"className":"org.junit.platform.engine.support.hierarchical.ThrowableCollector"},{"classLoaderName":"app","moduleName":null,"moduleVersion":null,"methodName":"lambda$executeRecursively$8","fileName":"NodeTestTask.java","lineNumber":141,"nativeMethod":false,"className":"org.junit.platform.engine.support.hierarchical.NodeTestTask"},{"classLoaderName":"app","moduleName":null,"moduleVersion":null,"methodName":"around","fileName":"Node.java","lineNumber":137,"nativeMethod":false,"className":"org.junit.platform.engine.support.hierarchical.Node"},{"classLoaderName":"app","moduleName":null,"moduleVersion":null,"methodName":"lambda$executeRecursively$9","fileName":"NodeTestTask.java","lineNumber":139,"nativeMethod":false,"className":"org.junit.platform.engine.support.hierarchical.NodeTestTask"},{"classLoaderName":"app","moduleName":null,"moduleVersion":null,"methodName":"execute","fileName":"ThrowableCollector.java","lineNumber":73,"nativeMethod":false,"className":"org.junit.platform.engine.support.hierarchical.ThrowableCollector"},{"classLoaderName":"app","moduleName":null,"moduleVersion":null,"methodName":"executeRecursively","fileName":"NodeTestTask.java","lineNumber":138,"nativeMethod":false,"className":"org.junit.platform.engine.support.hierarchical.NodeTestTask"},{"classLoaderName":"app","moduleName":null,"moduleVersion":null,"methodName":"execute","fileName":"NodeTestTask.java","lineNumber":95,"nativeMethod":false,"className":"org.junit.platform.engine.support.hierarchical.NodeTestTask"},{"classLoaderName":null,"moduleName":"java.base","moduleVersion":"17.0.10","methodName":"forEach","fileName":"ArrayList.java","lineNumber":1511,"nativeMethod":false,"className":"java.util.ArrayList"},{"classLoaderName":"app","moduleName":null,"moduleVersion":null,"methodName":"invokeAll","fileName":"SameThreadHierarchicalTestExecutorService.java","lineNumber":41,"nativeMethod":false,"className":"org.junit.platform.engine.support.hierarchical.SameThreadHierarchicalTestExecutorService"},{"classLoaderName":"app","moduleName":null,"moduleVersion":null,"methodName":"lambda$executeRecursively$6","fileName":"NodeTestTask.java","lineNumber":155,"nativeMethod":false,"className":"org.junit.platform.engine.support.hierarchical.NodeTestTask"},{"classLoaderName":"app","moduleName":null,"moduleVersion":null,"methodName":"execute","fileName":"ThrowableCollector.java","lineNumber":73,"nativeMethod":false,"className":"org.junit.platform.engine.support.hierarchical.ThrowableCollector"},{"classLoaderName":"app","moduleName":null,"moduleVersion":null,"methodName":"lambda$executeRecursively$8","fileName":"NodeTestTask.java","lineNumber":141,"nativeMethod":false,"className":"org.junit.platform.engine.support.hierarchical.NodeTestTask"},{"classLoaderName":"app","moduleName":null,"moduleVersion":null,"methodName":"around","fileName":"Node.java","lineNumber":137,"nativeMethod":false,"className":"org.junit.platform.engine.support.hierarchical.Node"},{"classLoaderName":"app","moduleName":null,"moduleVersion":null,"methodName":"lambda$executeRecursively$9","fileName":"NodeTestTask.java","lineNumber":139,"nativeMethod":false,"className":"org.junit.platform.engine.support.hierarchical.NodeTestTask"},{"classLoaderName":"app","moduleName":null,"moduleVersion":null,"methodName":"execute","fileName":"ThrowableCollector.java","lineNumber":73,"nativeMethod":false,"className":"org.junit.platform.engine.support.hierarchical.ThrowableCollector"},{"classLoaderName":"app","moduleName":null,"moduleVersion":null,"methodName":"executeRecursively","fileName":"NodeTestTask.java","lineNumber":138,"nativeMethod":false,"className":"org.junit.platform.engine.support.hierarchical.NodeTestTask"},{"classLoaderName":"app","moduleName":null,"moduleVersion":null,"methodName":"execute","fileName":"NodeTestTask.java","lineNumber":95,"nativeMethod":false,"className":"org.junit.platform.engine.support.hierarchical.NodeTestTask"},{"classLoaderName":"app","moduleName":null,"moduleVersion":null,"methodName":"submit","fileName":"SameThreadHierarchicalTestExecutorService.java","lineNumber":35,"nativeMethod":false,"className":"org.junit.platform.engine.support.hierarchical.SameThreadHierarchicalTestExecutorService"},{"classLoaderName":"app","moduleName":null,"moduleVersion":null,"methodName":"execute","fileName":"HierarchicalTestExecutor.java","lineNumber":57,"nativeMethod":false,"className":"org.junit.platform.engine.support.hierarchical.HierarchicalTestExecutor"},{"classLoaderName":"app","moduleName":null,"moduleVersion":null,"methodName":"execute","fileName":"HierarchicalTestEngine.java","lineNumber":54,"nativeMethod":false,"className":"org.junit.platform.engine.support.hierarchical.HierarchicalTestEngine"},{"classLoaderName":"app","moduleName":null,"moduleVersion":null,"methodName":"execute","fileName":"EngineExecutionOrchestrator.java","lineNumber":198,"nativeMethod":false,"className":"org.junit.platform.launcher.core.EngineExecutionOrchestrator"},{"classLoaderName":"app","moduleName":null,"moduleVersion":null,"methodName":"execute","fileName":"EngineExecutionOrchestrator.java","lineNumber":169,"nativeMethod":false,"className":"org.junit.platform.launcher.core.EngineExecutionOrchestrator"},{"classLoaderName":"app","moduleName":null,"moduleVersion":null,"methodName":"execute","fileName":"EngineExecutionOrchestrator.java","lineNumber":93,"nativeMethod":false,"className":"org.junit.platform.launcher.core.EngineExecutionOrchestrator"},{"classLoaderName":"app","moduleName":null,"moduleVersion":null,"methodName":"lambda$execute$0","fileName":"EngineExecutionOrchestrator.java","lineNumber":58,"nativeMethod":false,"className":"org.junit.platform.launcher.core.EngineExecutionOrchestrator"},{"classLoaderName":"app","moduleName":null,"moduleVersion":null,"methodName":"withInterceptedStreams","fileName":"EngineExecutionOrchestrator.java","lineNumber":141,"nativeMethod":false,"className":"org.junit.platform.launcher.core.EngineExecutionOrchestrator"},{"classLoaderName":"app","moduleName":null,"moduleVersion":null,"methodName":"execute","fileName":"EngineExecutionOrchestrator.java","lineNumber":57,"nativeMethod":false,"className":"org.junit.platform.launcher.core.EngineExecutionOrchestrator"},{"classLoaderName":"app","moduleName":null,"moduleVersion":null,"methodName":"execute","fileName":"DefaultLauncher.java","lineNumber":103,"nativeMethod":false,"className":"org.junit.platform.launcher.core.DefaultLauncher"},{"classLoaderName":"app","moduleName":null,"moduleVersion":null,"methodName":"execute","fileName":"DefaultLauncher.java","lineNumber":85,"nativeMethod":false,"className":"org.junit.platform.launcher.core.DefaultLauncher"},{"classLoaderName":"app","moduleName":null,"moduleVersion":null,"methodName":"execute","fileName":"DelegatingLauncher.java","lineNumber":47,"nativeMethod":false,"className":"org.junit.platform.launcher.core.DelegatingLauncher"},{"classLoaderName":"app","moduleName":null,"moduleVersion":null,"methodName":"execute","fileName":"LazyLauncher.java","lineNumber":56,"nativeMethod":false,"className":"org.apache.maven.surefire.junitplatform.LazyLauncher"},{"classLoaderName":"app","moduleName":null,"moduleVersion":null,"methodName":"execute","fileName":"JUnitPlatformProvider.java","lineNumber":184,"nativeMethod":false,"className":"org.apache.maven.surefire.junitplatform.JUnitPlatformProvider"},{"classLoaderName":"app","moduleName":null,"moduleVersion":null,"methodName":"invokeAllTests","fileName":"JUnitPlatformProvider.java","lineNumber":148,"nativeMethod":false,"className":"org.apache.maven.surefire.junitplatform.JUnitPlatformProvider"},{"classLoaderName":"app","moduleName":null,"moduleVersion":null,"methodName":"invoke","fileName":"JUnitPlatformProvider.java","lineNumber":122,"nativeMethod":false,"className":"org.apache.maven.surefire.junitplatform.JUnitPlatformProvider"},{"classLoaderName":"app","moduleName":null,"moduleVersion":null,"methodName":"runSuitesInProcess","fileName":"ForkedBooter.java","lineNumber":385,"nativeMethod":false,"className":"org.apache.maven.surefire.booter.ForkedBooter"},{"classLoaderName":"app","moduleName":null,"moduleVersion":null,"methodName":"execute","fileName":"ForkedBooter.java","lineNumber":162,"nativeMethod":false,"className":"org.apache.maven.surefire.booter.ForkedBooter"},{"classLoaderName":"app","moduleName":null,"moduleVersion":null,"methodName":"run","fileName":"ForkedBooter.java","lineNumber":507,"nativeMethod":false,"className":"org.apache.maven.surefire.booter.ForkedBooter"},{"classLoaderName":"app","moduleName":null,"moduleVersion":null,"methodName":"main","fileName":"ForkedBooter.java","lineNumber":495,"nativeMethod":false,"className":"org.apache.maven.surefire.booter.ForkedBooter"}],"message":"Campaign not found with id: 1","suppressed":[],"localizedMessage":"Campaign not found with id: 1"}
2024-07-16T17:55:22.927-05:00  INFO 87839 --- [campaign-dev] [           main] c.c.service.impl.CampaignServiceImpl     : CampaignServiceImpl: getCampaignById invoked, id : 1
2024-07-16T17:55:22.929-05:00 ERROR 87839 --- [campaign-dev] [           main] c.c.service.impl.CampaignServiceImpl     : CampaignServiceImpl: getCampaignById : encountered errors while fecthing data {"cause":null,"stackTrace":[{"classLoaderName":"app","moduleName":null,"moduleVersion":null,"methodName":"getCampaignById","fileName":"CampaignServiceImpl.java","lineNumber":92,"nativeMethod":false,"className":"com.campaign.service.impl.CampaignServiceImpl"},{"classLoaderName":"app","moduleName":null,"moduleVersion":null,"methodName":"lambda$testGetCampaignByIdNotPresent$4","fileName":"CampaignServiceImplTest.java","lineNumber":159,"nativeMethod":false,"className":"com.campaign.service.impl.CampaignServiceImplTest"},{"classLoaderName":"app","moduleName":null,"moduleVersion":null,"methodName":"assertThrows","fileName":"AssertThrows.java","lineNumber":53,"nativeMethod":false,"className":"org.junit.jupiter.api.AssertThrows"},{"classLoaderName":"app","moduleName":null,"moduleVersion":null,"methodName":"assertThrows","fileName":"AssertThrows.java","lineNumber":35,"nativeMethod":false,"className":"org.junit.jupiter.api.AssertThrows"},{"classLoaderName":"app","moduleName":null,"moduleVersion":null,"methodName":"assertThrows","fileName":"Assertions.java","lineNumber":3115,"nativeMethod":false,"className":"org.junit.jupiter.api.Assertions"},{"classLoaderName":"app","moduleName":null,"moduleVersion":null,"methodName":"testGetCampaignByIdNotPresent","fileName":"CampaignServiceImplTest.java","lineNumber":158,"nativeMethod":false,"className":"com.campaign.service.impl.CampaignServiceImplTest"},{"classLoaderName":null,"moduleName":"java.base","moduleVersion":"17.0.10","methodName":"invoke0","fileName":"NativeMethodAccessorImpl.java","lineNumber":-2,"nativeMethod":true,"className":"jdk.internal.reflect.NativeMethodAccessorImpl"},{"classLoaderName":null,"moduleName":"java.base","moduleVersion":"17.0.10","methodName":"invoke","fileName":"NativeMethodAccessorImpl.java","lineNumber":77,"nativeMethod":false,"className":"jdk.internal.reflect.NativeMethodAccessorImpl"},{"classLoaderName":null,"moduleName":"java.base","moduleVersion":"17.0.10","methodName":"invoke","fileName":"DelegatingMethodAccessorImpl.java","lineNumber":43,"nativeMethod":false,"className":"jdk.internal.reflect.DelegatingMethodAccessorImpl"},{"classLoaderName":null,"moduleName":"java.base","moduleVersion":"17.0.10","methodName":"invoke","fileName":"Method.java","lineNumber":568,"nativeMethod":false,"className":"java.lang.reflect.Method"},{"classLoaderName":"app","moduleName":null,"moduleVersion":null,"methodName":"invokeMethod","fileName":"ReflectionUtils.java","lineNumber":728,"nativeMethod":false,"className":"org.junit.platform.commons.util.ReflectionUtils"},{"classLoaderName":"app","moduleName":null,"moduleVersion":null,"methodName":"proceed","fileName":"MethodInvocation.java","lineNumber":60,"nativeMethod":false,"className":"org.junit.jupiter.engine.execution.MethodInvocation"},{"classLoaderName":"app","moduleName":null,"moduleVersion":null,"methodName":"proceed","fileName":"InvocationInterceptorChain.java","lineNumber":131,"nativeMethod":false,"className":"org.junit.jupiter.engine.execution.InvocationInterceptorChain$ValidatingInvocation"},{"classLoaderName":"app","moduleName":null,"moduleVersion":null,"methodName":"intercept","fileName":"TimeoutExtension.java","lineNumber":156,"nativeMethod":false,"className":"org.junit.jupiter.engine.extension.TimeoutExtension"},{"classLoaderName":"app","moduleName":null,"moduleVersion":null,"methodName":"interceptTestableMethod","fileName":"TimeoutExtension.java","lineNumber":147,"nativeMethod":false,"className":"org.junit.jupiter.engine.extension.TimeoutExtension"},{"classLoaderName":"app","moduleName":null,"moduleVersion":null,"methodName":"interceptTestMethod","fileName":"TimeoutExtension.java","lineNumber":86,"nativeMethod":false,"className":"org.junit.jupiter.engine.extension.TimeoutExtension"},{"classLoaderName":"app","moduleName":null,"moduleVersion":null,"methodName":"lambda$ofVoidMethod$0","fileName":"InterceptingExecutableInvoker.java","lineNumber":103,"nativeMethod":false,"className":"org.junit.jupiter.engine.execution.InterceptingExecutableInvoker$ReflectiveInterceptorCall"},{"classLoaderName":"app","moduleName":null,"moduleVersion":null,"methodName":"lambda$invoke$0","fileName":"InterceptingExecutableInvoker.java","lineNumber":93,"nativeMethod":false,"className":"org.junit.jupiter.engine.execution.InterceptingExecutableInvoker"},{"classLoaderName":"app","moduleName":null,"moduleVersion":null,"methodName":"proceed","fileName":"InvocationInterceptorChain.java","lineNumber":106,"nativeMethod":false,"className":"org.junit.jupiter.engine.execution.InvocationInterceptorChain$InterceptedInvocation"},{"classLoaderName":"app","moduleName":null,"moduleVersion":null,"methodName":"proceed","fileName":"InvocationInterceptorChain.java","lineNumber":64,"nativeMethod":false,"className":"org.junit.jupiter.engine.execution.InvocationInterceptorChain"},{"classLoaderName":"app","moduleName":null,"moduleVersion":null,"methodName":"chainAndInvoke","fileName":"InvocationInterceptorChain.java","lineNumber":45,"nativeMethod":false,"className":"org.junit.jupiter.engine.execution.InvocationInterceptorChain"},{"classLoaderName":"app","moduleName":null,"moduleVersion":null,"methodName":"invoke","fileName":"InvocationInterceptorChain.java","lineNumber":37,"nativeMethod":false,"className":"org.junit.jupiter.engine.execution.InvocationInterceptorChain"},{"classLoaderName":"app","moduleName":null,"moduleVersion":null,"methodName":"invoke","fileName":"InterceptingExecutableInvoker.java","lineNumber":92,"nativeMethod":false,"className":"org.junit.jupiter.engine.execution.InterceptingExecutableInvoker"},{"classLoaderName":"app","moduleName":null,"moduleVersion":null,"methodName":"invoke","fileName":"InterceptingExecutableInvoker.java","lineNumber":86,"nativeMethod":false,"className":"org.junit.jupiter.engine.execution.InterceptingExecutableInvoker"},{"classLoaderName":"app","moduleName":null,"moduleVersion":null,"methodName":"lambda$invokeTestMethod$7","fileName":"TestMethodTestDescriptor.java","lineNumber":218,"nativeMethod":false,"className":"org.junit.jupiter.engine.descriptor.TestMethodTestDescriptor"},{"classLoaderName":"app","moduleName":null,"moduleVersion":null,"methodName":"execute","fileName":"ThrowableCollector.java","lineNumber":73,"nativeMethod":false,"className":"org.junit.platform.engine.support.hierarchical.ThrowableCollector"},{"classLoaderName":"app","moduleName":null,"moduleVersion":null,"methodName":"invokeTestMethod","fileName":"TestMethodTestDescriptor.java","lineNumber":214,"nativeMethod":false,"className":"org.junit.jupiter.engine.descriptor.TestMethodTestDescriptor"},{"classLoaderName":"app","moduleName":null,"moduleVersion":null,"methodName":"execute","fileName":"TestMethodTestDescriptor.java","lineNumber":139,"nativeMethod":false,"className":"org.junit.jupiter.engine.descriptor.TestMethodTestDescriptor"},{"classLoaderName":"app","moduleName":null,"moduleVersion":null,"methodName":"execute","fileName":"TestMethodTestDescriptor.java","lineNumber":69,"nativeMethod":false,"className":"org.junit.jupiter.engine.descriptor.TestMethodTestDescriptor"},{"classLoaderName":"app","moduleName":null,"moduleVersion":null,"methodName":"lambda$executeRecursively$6","fileName":"NodeTestTask.java","lineNumber":151,"nativeMethod":false,"className":"org.junit.platform.engine.support.hierarchical.NodeTestTask"},{"classLoaderName":"app","moduleName":null,"moduleVersion":null,"methodName":"execute","fileName":"ThrowableCollector.java","lineNumber":73,"nativeMethod":false,"className":"org.junit.platform.engine.support.hierarchical.ThrowableCollector"},{"classLoaderName":"app","moduleName":null,"moduleVersion":null,"methodName":"lambda$executeRecursively$8","fileName":"NodeTestTask.java","lineNumber":141,"nativeMethod":false,"className":"org.junit.platform.engine.support.hierarchical.NodeTestTask"},{"classLoaderName":"app","moduleName":null,"moduleVersion":null,"methodName":"around","fileName":"Node.java","lineNumber":137,"nativeMethod":false,"className":"org.junit.platform.engine.support.hierarchical.Node"},{"classLoaderName":"app","moduleName":null,"moduleVersion":null,"methodName":"lambda$executeRecursively$9","fileName":"NodeTestTask.java","lineNumber":139,"nativeMethod":false,"className":"org.junit.platform.engine.support.hierarchical.NodeTestTask"},{"classLoaderName":"app","moduleName":null,"moduleVersion":null,"methodName":"execute","fileName":"ThrowableCollector.java","lineNumber":73,"nativeMethod":false,"className":"org.junit.platform.engine.support.hierarchical.ThrowableCollector"},{"classLoaderName":"app","moduleName":null,"moduleVersion":null,"methodName":"executeRecursively","fileName":"NodeTestTask.java","lineNumber":138,"nativeMethod":false,"className":"org.junit.platform.engine.support.hierarchical.NodeTestTask"},{"classLoaderName":"app","moduleName":null,"moduleVersion":null,"methodName":"execute","fileName":"NodeTestTask.java","lineNumber":95,"nativeMethod":false,"className":"org.junit.platform.engine.support.hierarchical.NodeTestTask"},{"classLoaderName":null,"moduleName":"java.base","moduleVersion":"17.0.10","methodName":"forEach","fileName":"ArrayList.java","lineNumber":1511,"nativeMethod":false,"className":"java.util.ArrayList"},{"classLoaderName":"app","moduleName":null,"moduleVersion":null,"methodName":"invokeAll","fileName":"SameThreadHierarchicalTestExecutorService.java","lineNumber":41,"nativeMethod":false,"className":"org.junit.platform.engine.support.hierarchical.SameThreadHierarchicalTestExecutorService"},{"classLoaderName":"app","moduleName":null,"moduleVersion":null,"methodName":"lambda$executeRecursively$6","fileName":"NodeTestTask.java","lineNumber":155,"nativeMethod":false,"className":"org.junit.platform.engine.support.hierarchical.NodeTestTask"},{"classLoaderName":"app","moduleName":null,"moduleVersion":null,"methodName":"execute","fileName":"ThrowableCollector.java","lineNumber":73,"nativeMethod":false,"className":"org.junit.platform.engine.support.hierarchical.ThrowableCollector"},{"classLoaderName":"app","moduleName":null,"moduleVersion":null,"methodName":"lambda$executeRecursively$8","fileName":"NodeTestTask.java","lineNumber":141,"nativeMethod":false,"className":"org.junit.platform.engine.support.hierarchical.NodeTestTask"},{"classLoaderName":"app","moduleName":null,"moduleVersion":null,"methodName":"around","fileName":"Node.java","lineNumber":137,"nativeMethod":false,"className":"org.junit.platform.engine.support.hierarchical.Node"},{"classLoaderName":"app","moduleName":null,"moduleVersion":null,"methodName":"lambda$executeRecursively$9","fileName":"NodeTestTask.java","lineNumber":139,"nativeMethod":false,"className":"org.junit.platform.engine.support.hierarchical.NodeTestTask"},{"classLoaderName":"app","moduleName":null,"moduleVersion":null,"methodName":"execute","fileName":"ThrowableCollector.java","lineNumber":73,"nativeMethod":false,"className":"org.junit.platform.engine.support.hierarchical.ThrowableCollector"},{"classLoaderName":"app","moduleName":null,"moduleVersion":null,"methodName":"executeRecursively","fileName":"NodeTestTask.java","lineNumber":138,"nativeMethod":false,"className":"org.junit.platform.engine.support.hierarchical.NodeTestTask"},{"classLoaderName":"app","moduleName":null,"moduleVersion":null,"methodName":"execute","fileName":"NodeTestTask.java","lineNumber":95,"nativeMethod":false,"className":"org.junit.platform.engine.support.hierarchical.NodeTestTask"},{"classLoaderName":null,"moduleName":"java.base","moduleVersion":"17.0.10","methodName":"forEach","fileName":"ArrayList.java","lineNumber":1511,"nativeMethod":false,"className":"java.util.ArrayList"},{"classLoaderName":"app","moduleName":null,"moduleVersion":null,"methodName":"invokeAll","fileName":"SameThreadHierarchicalTestExecutorService.java","lineNumber":41,"nativeMethod":false,"className":"org.junit.platform.engine.support.hierarchical.SameThreadHierarchicalTestExecutorService"},{"classLoaderName":"app","moduleName":null,"moduleVersion":null,"methodName":"lambda$executeRecursively$6","fileName":"NodeTestTask.java","lineNumber":155,"nativeMethod":false,"className":"org.junit.platform.engine.support.hierarchical.NodeTestTask"},{"classLoaderName":"app","moduleName":null,"moduleVersion":null,"methodName":"execute","fileName":"ThrowableCollector.java","lineNumber":73,"nativeMethod":false,"className":"org.junit.platform.engine.support.hierarchical.ThrowableCollector"},{"classLoaderName":"app","moduleName":null,"moduleVersion":null,"methodName":"lambda$executeRecursively$8","fileName":"NodeTestTask.java","lineNumber":141,"nativeMethod":false,"className":"org.junit.platform.engine.support.hierarchical.NodeTestTask"},{"classLoaderName":"app","moduleName":null,"moduleVersion":null,"methodName":"around","fileName":"Node.java","lineNumber":137,"nativeMethod":false,"className":"org.junit.platform.engine.support.hierarchical.Node"},{"classLoaderName":"app","moduleName":null,"moduleVersion":null,"methodName":"lambda$executeRecursively$9","fileName":"NodeTestTask.java","lineNumber":139,"nativeMethod":false,"className":"org.junit.platform.engine.support.hierarchical.NodeTestTask"},{"classLoaderName":"app","moduleName":null,"moduleVersion":null,"methodName":"execute","fileName":"ThrowableCollector.java","lineNumber":73,"nativeMethod":false,"className":"org.junit.platform.engine.support.hierarchical.ThrowableCollector"},{"classLoaderName":"app","moduleName":null,"moduleVersion":null,"methodName":"executeRecursively","fileName":"NodeTestTask.java","lineNumber":138,"nativeMethod":false,"className":"org.junit.platform.engine.support.hierarchical.NodeTestTask"},{"classLoaderName":"app","moduleName":null,"moduleVersion":null,"methodName":"execute","fileName":"NodeTestTask.java","lineNumber":95,"nativeMethod":false,"className":"org.junit.platform.engine.support.hierarchical.NodeTestTask"},{"classLoaderName":"app","moduleName":null,"moduleVersion":null,"methodName":"submit","fileName":"SameThreadHierarchicalTestExecutorService.java","lineNumber":35,"nativeMethod":false,"className":"org.junit.platform.engine.support.hierarchical.SameThreadHierarchicalTestExecutorService"},{"classLoaderName":"app","moduleName":null,"moduleVersion":null,"methodName":"execute","fileName":"HierarchicalTestExecutor.java","lineNumber":57,"nativeMethod":false,"className":"org.junit.platform.engine.support.hierarchical.HierarchicalTestExecutor"},{"classLoaderName":"app","moduleName":null,"moduleVersion":null,"methodName":"execute","fileName":"HierarchicalTestEngine.java","lineNumber":54,"nativeMethod":false,"className":"org.junit.platform.engine.support.hierarchical.HierarchicalTestEngine"},{"classLoaderName":"app","moduleName":null,"moduleVersion":null,"methodName":"execute","fileName":"EngineExecutionOrchestrator.java","lineNumber":198,"nativeMethod":false,"className":"org.junit.platform.launcher.core.EngineExecutionOrchestrator"},{"classLoaderName":"app","moduleName":null,"moduleVersion":null,"methodName":"execute","fileName":"EngineExecutionOrchestrator.java","lineNumber":169,"nativeMethod":false,"className":"org.junit.platform.launcher.core.EngineExecutionOrchestrator"},{"classLoaderName":"app","moduleName":null,"moduleVersion":null,"methodName":"execute","fileName":"EngineExecutionOrchestrator.java","lineNumber":93,"nativeMethod":false,"className":"org.junit.platform.launcher.core.EngineExecutionOrchestrator"},{"classLoaderName":"app","moduleName":null,"moduleVersion":null,"methodName":"lambda$execute$0","fileName":"EngineExecutionOrchestrator.java","lineNumber":58,"nativeMethod":false,"className":"org.junit.platform.launcher.core.EngineExecutionOrchestrator"},{"classLoaderName":"app","moduleName":null,"moduleVersion":null,"methodName":"withInterceptedStreams","fileName":"EngineExecutionOrchestrator.java","lineNumber":141,"nativeMethod":false,"className":"org.junit.platform.launcher.core.EngineExecutionOrchestrator"},{"classLoaderName":"app","moduleName":null,"moduleVersion":null,"methodName":"execute","fileName":"EngineExecutionOrchestrator.java","lineNumber":57,"nativeMethod":false,"className":"org.junit.platform.launcher.core.EngineExecutionOrchestrator"},{"classLoaderName":"app","moduleName":null,"moduleVersion":null,"methodName":"execute","fileName":"DefaultLauncher.java","lineNumber":103,"nativeMethod":false,"className":"org.junit.platform.launcher.core.DefaultLauncher"},{"classLoaderName":"app","moduleName":null,"moduleVersion":null,"methodName":"execute","fileName":"DefaultLauncher.java","lineNumber":85,"nativeMethod":false,"className":"org.junit.platform.launcher.core.DefaultLauncher"},{"classLoaderName":"app","moduleName":null,"moduleVersion":null,"methodName":"execute","fileName":"DelegatingLauncher.java","lineNumber":47,"nativeMethod":false,"className":"org.junit.platform.launcher.core.DelegatingLauncher"},{"classLoaderName":"app","moduleName":null,"moduleVersion":null,"methodName":"execute","fileName":"LazyLauncher.java","lineNumber":56,"nativeMethod":false,"className":"org.apache.maven.surefire.junitplatform.LazyLauncher"},{"classLoaderName":"app","moduleName":null,"moduleVersion":null,"methodName":"execute","fileName":"JUnitPlatformProvider.java","lineNumber":184,"nativeMethod":false,"className":"org.apache.maven.surefire.junitplatform.JUnitPlatformProvider"},{"classLoaderName":"app","moduleName":null,"moduleVersion":null,"methodName":"invokeAllTests","fileName":"JUnitPlatformProvider.java","lineNumber":148,"nativeMethod":false,"className":"org.apache.maven.surefire.junitplatform.JUnitPlatformProvider"},{"classLoaderName":"app","moduleName":null,"moduleVersion":null,"methodName":"invoke","fileName":"JUnitPlatformProvider.java","lineNumber":122,"nativeMethod":false,"className":"org.apache.maven.surefire.junitplatform.JUnitPlatformProvider"},{"classLoaderName":"app","moduleName":null,"moduleVersion":null,"methodName":"runSuitesInProcess","fileName":"ForkedBooter.java","lineNumber":385,"nativeMethod":false,"className":"org.apache.maven.surefire.booter.ForkedBooter"},{"classLoaderName":"app","moduleName":null,"moduleVersion":null,"methodName":"execute","fileName":"ForkedBooter.java","lineNumber":162,"nativeMethod":false,"className":"org.apache.maven.surefire.booter.ForkedBooter"},{"classLoaderName":"app","moduleName":null,"moduleVersion":null,"methodName":"run","fileName":"ForkedBooter.java","lineNumber":507,"nativeMethod":false,"className":"org.apache.maven.surefire.booter.ForkedBooter"},{"classLoaderName":"app","moduleName":null,"moduleVersion":null,"methodName":"main","fileName":"ForkedBooter.java","lineNumber":495,"nativeMethod":false,"className":"org.apache.maven.surefire.booter.ForkedBooter"}],"message":"Campaign not found with id: 1","suppressed":[],"localizedMessage":"Campaign not found with id: 1"}
]]></system-out>
  </testcase>
  <testcase name="testGetCampaignByIdPresent" classname="com.campaign.service.impl.CampaignServiceImplTest" time="0.002">
    <system-out><![CDATA[2024-07-16T17:55:22.930-05:00  INFO 87839 --- [campaign-dev] [           main] c.c.service.impl.CampaignServiceImpl     : CampaignServiceImpl: getCampaignById invoked, id : 1
2024-07-16T17:55:22.931-05:00  INFO 87839 --- [campaign-dev] [           main] c.c.service.impl.CampaignServiceImpl     : CampaignServiceImpl: getCampaignById reponse object: {"id":2,"campaignName":"test campaign","description":"description","purpose":"some purpose","goalAmount":66300.0,"currentAmount":52.5}
]]></system-out>
  </testcase>
  <testcase name="testGetCampaignFail" classname="com.campaign.service.impl.CampaignServiceImplTest" time="0.006">
    <system-out><![CDATA[2024-07-16T17:55:22.932-05:00  INFO 87839 --- [campaign-dev] [           main] c.c.service.impl.CampaignServiceImpl     : CampaignServiceImpl: getCampaigns invoked
2024-07-16T17:55:22.934-05:00 ERROR 87839 --- [campaign-dev] [           main] c.c.service.impl.CampaignServiceImpl     : CampaignServiceImpl: getCampaigns : encountered errors while fecthing data {"cause":null,"stackTrace":[{"classLoaderName":"app","moduleName":null,"moduleVersion":null,"methodName":"getCampaigns","fileName":"CampaignServiceImpl.java","lineNumber":44,"nativeMethod":false,"className":"com.campaign.service.impl.CampaignServiceImpl"},{"classLoaderName":"app","moduleName":null,"moduleVersion":null,"methodName":"lambda$testGetCampaignFail$0","fileName":"CampaignServiceImplTest.java","lineNumber":94,"nativeMethod":false,"className":"com.campaign.service.impl.CampaignServiceImplTest"},{"classLoaderName":"app","moduleName":null,"moduleVersion":null,"methodName":"catchThrowable","fileName":"ThrowableAssert.java","lineNumber":63,"nativeMethod":false,"className":"org.assertj.core.api.ThrowableAssert"},{"classLoaderName":"app","moduleName":null,"moduleVersion":null,"methodName":"isThrownBy","fileName":"ThrowableTypeAssert.java","lineNumber":59,"nativeMethod":false,"className":"org.assertj.core.api.ThrowableTypeAssert"},{"classLoaderName":"app","moduleName":null,"moduleVersion":null,"methodName":"testGetCampaignFail","fileName":"CampaignServiceImplTest.java","lineNumber":94,"nativeMethod":false,"className":"com.campaign.service.impl.CampaignServiceImplTest"},{"classLoaderName":null,"moduleName":"java.base","moduleVersion":"17.0.10","methodName":"invoke0","fileName":"NativeMethodAccessorImpl.java","lineNumber":-2,"nativeMethod":true,"className":"jdk.internal.reflect.NativeMethodAccessorImpl"},{"classLoaderName":null,"moduleName":"java.base","moduleVersion":"17.0.10","methodName":"invoke","fileName":"NativeMethodAccessorImpl.java","lineNumber":77,"nativeMethod":false,"className":"jdk.internal.reflect.NativeMethodAccessorImpl"},{"classLoaderName":null,"moduleName":"java.base","moduleVersion":"17.0.10","methodName":"invoke","fileName":"DelegatingMethodAccessorImpl.java","lineNumber":43,"nativeMethod":false,"className":"jdk.internal.reflect.DelegatingMethodAccessorImpl"},{"classLoaderName":null,"moduleName":"java.base","moduleVersion":"17.0.10","methodName":"invoke","fileName":"Method.java","lineNumber":568,"nativeMethod":false,"className":"java.lang.reflect.Method"},{"classLoaderName":"app","moduleName":null,"moduleVersion":null,"methodName":"invokeMethod","fileName":"ReflectionUtils.java","lineNumber":728,"nativeMethod":false,"className":"org.junit.platform.commons.util.ReflectionUtils"},{"classLoaderName":"app","moduleName":null,"moduleVersion":null,"methodName":"proceed","fileName":"MethodInvocation.java","lineNumber":60,"nativeMethod":false,"className":"org.junit.jupiter.engine.execution.MethodInvocation"},{"classLoaderName":"app","moduleName":null,"moduleVersion":null,"methodName":"proceed","fileName":"InvocationInterceptorChain.java","lineNumber":131,"nativeMethod":false,"className":"org.junit.jupiter.engine.execution.InvocationInterceptorChain$ValidatingInvocation"},{"classLoaderName":"app","moduleName":null,"moduleVersion":null,"methodName":"intercept","fileName":"TimeoutExtension.java","lineNumber":156,"nativeMethod":false,"className":"org.junit.jupiter.engine.extension.TimeoutExtension"},{"classLoaderName":"app","moduleName":null,"moduleVersion":null,"methodName":"interceptTestableMethod","fileName":"TimeoutExtension.java","lineNumber":147,"nativeMethod":false,"className":"org.junit.jupiter.engine.extension.TimeoutExtension"},{"classLoaderName":"app","moduleName":null,"moduleVersion":null,"methodName":"interceptTestMethod","fileName":"TimeoutExtension.java","lineNumber":86,"nativeMethod":false,"className":"org.junit.jupiter.engine.extension.TimeoutExtension"},{"classLoaderName":"app","moduleName":null,"moduleVersion":null,"methodName":"lambda$ofVoidMethod$0","fileName":"InterceptingExecutableInvoker.java","lineNumber":103,"nativeMethod":false,"className":"org.junit.jupiter.engine.execution.InterceptingExecutableInvoker$ReflectiveInterceptorCall"},{"classLoaderName":"app","moduleName":null,"moduleVersion":null,"methodName":"lambda$invoke$0","fileName":"InterceptingExecutableInvoker.java","lineNumber":93,"nativeMethod":false,"className":"org.junit.jupiter.engine.execution.InterceptingExecutableInvoker"},{"classLoaderName":"app","moduleName":null,"moduleVersion":null,"methodName":"proceed","fileName":"InvocationInterceptorChain.java","lineNumber":106,"nativeMethod":false,"className":"org.junit.jupiter.engine.execution.InvocationInterceptorChain$InterceptedInvocation"},{"classLoaderName":"app","moduleName":null,"moduleVersion":null,"methodName":"proceed","fileName":"InvocationInterceptorChain.java","lineNumber":64,"nativeMethod":false,"className":"org.junit.jupiter.engine.execution.InvocationInterceptorChain"},{"classLoaderName":"app","moduleName":null,"moduleVersion":null,"methodName":"chainAndInvoke","fileName":"InvocationInterceptorChain.java","lineNumber":45,"nativeMethod":false,"className":"org.junit.jupiter.engine.execution.InvocationInterceptorChain"},{"classLoaderName":"app","moduleName":null,"moduleVersion":null,"methodName":"invoke","fileName":"InvocationInterceptorChain.java","lineNumber":37,"nativeMethod":false,"className":"org.junit.jupiter.engine.execution.InvocationInterceptorChain"},{"classLoaderName":"app","moduleName":null,"moduleVersion":null,"methodName":"invoke","fileName":"InterceptingExecutableInvoker.java","lineNumber":92,"nativeMethod":false,"className":"org.junit.jupiter.engine.execution.InterceptingExecutableInvoker"},{"classLoaderName":"app","moduleName":null,"moduleVersion":null,"methodName":"invoke","fileName":"InterceptingExecutableInvoker.java","lineNumber":86,"nativeMethod":false,"className":"org.junit.jupiter.engine.execution.InterceptingExecutableInvoker"},{"classLoaderName":"app","moduleName":null,"moduleVersion":null,"methodName":"lambda$invokeTestMethod$7","fileName":"TestMethodTestDescriptor.java","lineNumber":218,"nativeMethod":false,"className":"org.junit.jupiter.engine.descriptor.TestMethodTestDescriptor"},{"classLoaderName":"app","moduleName":null,"moduleVersion":null,"methodName":"execute","fileName":"ThrowableCollector.java","lineNumber":73,"nativeMethod":false,"className":"org.junit.platform.engine.support.hierarchical.ThrowableCollector"},{"classLoaderName":"app","moduleName":null,"moduleVersion":null,"methodName":"invokeTestMethod","fileName":"TestMethodTestDescriptor.java","lineNumber":214,"nativeMethod":false,"className":"org.junit.jupiter.engine.descriptor.TestMethodTestDescriptor"},{"classLoaderName":"app","moduleName":null,"moduleVersion":null,"methodName":"execute","fileName":"TestMethodTestDescriptor.java","lineNumber":139,"nativeMethod":false,"className":"org.junit.jupiter.engine.descriptor.TestMethodTestDescriptor"},{"classLoaderName":"app","moduleName":null,"moduleVersion":null,"methodName":"execute","fileName":"TestMethodTestDescriptor.java","lineNumber":69,"nativeMethod":false,"className":"org.junit.jupiter.engine.descriptor.TestMethodTestDescriptor"},{"classLoaderName":"app","moduleName":null,"moduleVersion":null,"methodName":"lambda$executeRecursively$6","fileName":"NodeTestTask.java","lineNumber":151,"nativeMethod":false,"className":"org.junit.platform.engine.support.hierarchical.NodeTestTask"},{"classLoaderName":"app","moduleName":null,"moduleVersion":null,"methodName":"execute","fileName":"ThrowableCollector.java","lineNumber":73,"nativeMethod":false,"className":"org.junit.platform.engine.support.hierarchical.ThrowableCollector"},{"classLoaderName":"app","moduleName":null,"moduleVersion":null,"methodName":"lambda$executeRecursively$8","fileName":"NodeTestTask.java","lineNumber":141,"nativeMethod":false,"className":"org.junit.platform.engine.support.hierarchical.NodeTestTask"},{"classLoaderName":"app","moduleName":null,"moduleVersion":null,"methodName":"around","fileName":"Node.java","lineNumber":137,"nativeMethod":false,"className":"org.junit.platform.engine.support.hierarchical.Node"},{"classLoaderName":"app","moduleName":null,"moduleVersion":null,"methodName":"lambda$executeRecursively$9","fileName":"NodeTestTask.java","lineNumber":139,"nativeMethod":false,"className":"org.junit.platform.engine.support.hierarchical.NodeTestTask"},{"classLoaderName":"app","moduleName":null,"moduleVersion":null,"methodName":"execute","fileName":"ThrowableCollector.java","lineNumber":73,"nativeMethod":false,"className":"org.junit.platform.engine.support.hierarchical.ThrowableCollector"},{"classLoaderName":"app","moduleName":null,"moduleVersion":null,"methodName":"executeRecursively","fileName":"NodeTestTask.java","lineNumber":138,"nativeMethod":false,"className":"org.junit.platform.engine.support.hierarchical.NodeTestTask"},{"classLoaderName":"app","moduleName":null,"moduleVersion":null,"methodName":"execute","fileName":"NodeTestTask.java","lineNumber":95,"nativeMethod":false,"className":"org.junit.platform.engine.support.hierarchical.NodeTestTask"},{"classLoaderName":null,"moduleName":"java.base","moduleVersion":"17.0.10","methodName":"forEach","fileName":"ArrayList.java","lineNumber":1511,"nativeMethod":false,"className":"java.util.ArrayList"},{"classLoaderName":"app","moduleName":null,"moduleVersion":null,"methodName":"invokeAll","fileName":"SameThreadHierarchicalTestExecutorService.java","lineNumber":41,"nativeMethod":false,"className":"org.junit.platform.engine.support.hierarchical.SameThreadHierarchicalTestExecutorService"},{"classLoaderName":"app","moduleName":null,"moduleVersion":null,"methodName":"lambda$executeRecursively$6","fileName":"NodeTestTask.java","lineNumber":155,"nativeMethod":false,"className":"org.junit.platform.engine.support.hierarchical.NodeTestTask"},{"classLoaderName":"app","moduleName":null,"moduleVersion":null,"methodName":"execute","fileName":"ThrowableCollector.java","lineNumber":73,"nativeMethod":false,"className":"org.junit.platform.engine.support.hierarchical.ThrowableCollector"},{"classLoaderName":"app","moduleName":null,"moduleVersion":null,"methodName":"lambda$executeRecursively$8","fileName":"NodeTestTask.java","lineNumber":141,"nativeMethod":false,"className":"org.junit.platform.engine.support.hierarchical.NodeTestTask"},{"classLoaderName":"app","moduleName":null,"moduleVersion":null,"methodName":"around","fileName":"Node.java","lineNumber":137,"nativeMethod":false,"className":"org.junit.platform.engine.support.hierarchical.Node"},{"classLoaderName":"app","moduleName":null,"moduleVersion":null,"methodName":"lambda$executeRecursively$9","fileName":"NodeTestTask.java","lineNumber":139,"nativeMethod":false,"className":"org.junit.platform.engine.support.hierarchical.NodeTestTask"},{"classLoaderName":"app","moduleName":null,"moduleVersion":null,"methodName":"execute","fileName":"ThrowableCollector.java","lineNumber":73,"nativeMethod":false,"className":"org.junit.platform.engine.support.hierarchical.ThrowableCollector"},{"classLoaderName":"app","moduleName":null,"moduleVersion":null,"methodName":"executeRecursively","fileName":"NodeTestTask.java","lineNumber":138,"nativeMethod":false,"className":"org.junit.platform.engine.support.hierarchical.NodeTestTask"},{"classLoaderName":"app","moduleName":null,"moduleVersion":null,"methodName":"execute","fileName":"NodeTestTask.java","lineNumber":95,"nativeMethod":false,"className":"org.junit.platform.engine.support.hierarchical.NodeTestTask"},{"classLoaderName":null,"moduleName":"java.base","moduleVersion":"17.0.10","methodName":"forEach","fileName":"ArrayList.java","lineNumber":1511,"nativeMethod":false,"className":"java.util.ArrayList"},{"classLoaderName":"app","moduleName":null,"moduleVersion":null,"methodName":"invokeAll","fileName":"SameThreadHierarchicalTestExecutorService.java","lineNumber":41,"nativeMethod":false,"className":"org.junit.platform.engine.support.hierarchical.SameThreadHierarchicalTestExecutorService"},{"classLoaderName":"app","moduleName":null,"moduleVersion":null,"methodName":"lambda$executeRecursively$6","fileName":"NodeTestTask.java","lineNumber":155,"nativeMethod":false,"className":"org.junit.platform.engine.support.hierarchical.NodeTestTask"},{"classLoaderName":"app","moduleName":null,"moduleVersion":null,"methodName":"execute","fileName":"ThrowableCollector.java","lineNumber":73,"nativeMethod":false,"className":"org.junit.platform.engine.support.hierarchical.ThrowableCollector"},{"classLoaderName":"app","moduleName":null,"moduleVersion":null,"methodName":"lambda$executeRecursively$8","fileName":"NodeTestTask.java","lineNumber":141,"nativeMethod":false,"className":"org.junit.platform.engine.support.hierarchical.NodeTestTask"},{"classLoaderName":"app","moduleName":null,"moduleVersion":null,"methodName":"around","fileName":"Node.java","lineNumber":137,"nativeMethod":false,"className":"org.junit.platform.engine.support.hierarchical.Node"},{"classLoaderName":"app","moduleName":null,"moduleVersion":null,"methodName":"lambda$executeRecursively$9","fileName":"NodeTestTask.java","lineNumber":139,"nativeMethod":false,"className":"org.junit.platform.engine.support.hierarchical.NodeTestTask"},{"classLoaderName":"app","moduleName":null,"moduleVersion":null,"methodName":"execute","fileName":"ThrowableCollector.java","lineNumber":73,"nativeMethod":false,"className":"org.junit.platform.engine.support.hierarchical.ThrowableCollector"},{"classLoaderName":"app","moduleName":null,"moduleVersion":null,"methodName":"executeRecursively","fileName":"NodeTestTask.java","lineNumber":138,"nativeMethod":false,"className":"org.junit.platform.engine.support.hierarchical.NodeTestTask"},{"classLoaderName":"app","moduleName":null,"moduleVersion":null,"methodName":"execute","fileName":"NodeTestTask.java","lineNumber":95,"nativeMethod":false,"className":"org.junit.platform.engine.support.hierarchical.NodeTestTask"},{"classLoaderName":"app","moduleName":null,"moduleVersion":null,"methodName":"submit","fileName":"SameThreadHierarchicalTestExecutorService.java","lineNumber":35,"nativeMethod":false,"className":"org.junit.platform.engine.support.hierarchical.SameThreadHierarchicalTestExecutorService"},{"classLoaderName":"app","moduleName":null,"moduleVersion":null,"methodName":"execute","fileName":"HierarchicalTestExecutor.java","lineNumber":57,"nativeMethod":false,"className":"org.junit.platform.engine.support.hierarchical.HierarchicalTestExecutor"},{"classLoaderName":"app","moduleName":null,"moduleVersion":null,"methodName":"execute","fileName":"HierarchicalTestEngine.java","lineNumber":54,"nativeMethod":false,"className":"org.junit.platform.engine.support.hierarchical.HierarchicalTestEngine"},{"classLoaderName":"app","moduleName":null,"moduleVersion":null,"methodName":"execute","fileName":"EngineExecutionOrchestrator.java","lineNumber":198,"nativeMethod":false,"className":"org.junit.platform.launcher.core.EngineExecutionOrchestrator"},{"classLoaderName":"app","moduleName":null,"moduleVersion":null,"methodName":"execute","fileName":"EngineExecutionOrchestrator.java","lineNumber":169,"nativeMethod":false,"className":"org.junit.platform.launcher.core.EngineExecutionOrchestrator"},{"classLoaderName":"app","moduleName":null,"moduleVersion":null,"methodName":"execute","fileName":"EngineExecutionOrchestrator.java","lineNumber":93,"nativeMethod":false,"className":"org.junit.platform.launcher.core.EngineExecutionOrchestrator"},{"classLoaderName":"app","moduleName":null,"moduleVersion":null,"methodName":"lambda$execute$0","fileName":"EngineExecutionOrchestrator.java","lineNumber":58,"nativeMethod":false,"className":"org.junit.platform.launcher.core.EngineExecutionOrchestrator"},{"classLoaderName":"app","moduleName":null,"moduleVersion":null,"methodName":"withInterceptedStreams","fileName":"EngineExecutionOrchestrator.java","lineNumber":141,"nativeMethod":false,"className":"org.junit.platform.launcher.core.EngineExecutionOrchestrator"},{"classLoaderName":"app","moduleName":null,"moduleVersion":null,"methodName":"execute","fileName":"EngineExecutionOrchestrator.java","lineNumber":57,"nativeMethod":false,"className":"org.junit.platform.launcher.core.EngineExecutionOrchestrator"},{"classLoaderName":"app","moduleName":null,"moduleVersion":null,"methodName":"execute","fileName":"DefaultLauncher.java","lineNumber":103,"nativeMethod":false,"className":"org.junit.platform.launcher.core.DefaultLauncher"},{"classLoaderName":"app","moduleName":null,"moduleVersion":null,"methodName":"execute","fileName":"DefaultLauncher.java","lineNumber":85,"nativeMethod":false,"className":"org.junit.platform.launcher.core.DefaultLauncher"},{"classLoaderName":"app","moduleName":null,"moduleVersion":null,"methodName":"execute","fileName":"DelegatingLauncher.java","lineNumber":47,"nativeMethod":false,"className":"org.junit.platform.launcher.core.DelegatingLauncher"},{"classLoaderName":"app","moduleName":null,"moduleVersion":null,"methodName":"execute","fileName":"LazyLauncher.java","lineNumber":56,"nativeMethod":false,"className":"org.apache.maven.surefire.junitplatform.LazyLauncher"},{"classLoaderName":"app","moduleName":null,"moduleVersion":null,"methodName":"execute","fileName":"JUnitPlatformProvider.java","lineNumber":184,"nativeMethod":false,"className":"org.apache.maven.surefire.junitplatform.JUnitPlatformProvider"},{"classLoaderName":"app","moduleName":null,"moduleVersion":null,"methodName":"invokeAllTests","fileName":"JUnitPlatformProvider.java","lineNumber":148,"nativeMethod":false,"className":"org.apache.maven.surefire.junitplatform.JUnitPlatformProvider"},{"classLoaderName":"app","moduleName":null,"moduleVersion":null,"methodName":"invoke","fileName":"JUnitPlatformProvider.java","lineNumber":122,"nativeMethod":false,"className":"org.apache.maven.surefire.junitplatform.JUnitPlatformProvider"},{"classLoaderName":"app","moduleName":null,"moduleVersion":null,"methodName":"runSuitesInProcess","fileName":"ForkedBooter.java","lineNumber":385,"nativeMethod":false,"className":"org.apache.maven.surefire.booter.ForkedBooter"},{"classLoaderName":"app","moduleName":null,"moduleVersion":null,"methodName":"execute","fileName":"ForkedBooter.java","lineNumber":162,"nativeMethod":false,"className":"org.apache.maven.surefire.booter.ForkedBooter"},{"classLoaderName":"app","moduleName":null,"moduleVersion":null,"methodName":"run","fileName":"ForkedBooter.java","lineNumber":507,"nativeMethod":false,"className":"org.apache.maven.surefire.booter.ForkedBooter"},{"classLoaderName":"app","moduleName":null,"moduleVersion":null,"methodName":"main","fileName":"ForkedBooter.java","lineNumber":495,"nativeMethod":false,"className":"org.apache.maven.surefire.booter.ForkedBooter"}],"message":"No Campaigns Present !!","suppressed":[],"localizedMessage":"No Campaigns Present !!"}
2024-07-16T17:55:22.935-05:00  INFO 87839 --- [campaign-dev] [           main] c.c.service.impl.CampaignServiceImpl     : CampaignServiceImpl: getCampaigns invoked
2024-07-16T17:55:22.936-05:00 ERROR 87839 --- [campaign-dev] [           main] c.c.service.impl.CampaignServiceImpl     : CampaignServiceImpl: getCampaigns : encountered errors while fecthing data {"cause":null,"stackTrace":[{"classLoaderName":"app","moduleName":null,"moduleVersion":null,"methodName":"getCampaigns","fileName":"CampaignServiceImpl.java","lineNumber":44,"nativeMethod":false,"className":"com.campaign.service.impl.CampaignServiceImpl"},{"classLoaderName":"app","moduleName":null,"moduleVersion":null,"methodName":"lambda$testGetCampaignFail$1","fileName":"CampaignServiceImplTest.java","lineNumber":95,"nativeMethod":false,"className":"com.campaign.service.impl.CampaignServiceImplTest"},{"classLoaderName":"app","moduleName":null,"moduleVersion":null,"methodName":"assertThrows","fileName":"AssertThrows.java","lineNumber":53,"nativeMethod":false,"className":"org.junit.jupiter.api.AssertThrows"},{"classLoaderName":"app","moduleName":null,"moduleVersion":null,"methodName":"assertThrows","fileName":"AssertThrows.java","lineNumber":35,"nativeMethod":false,"className":"org.junit.jupiter.api.AssertThrows"},{"classLoaderName":"app","moduleName":null,"moduleVersion":null,"methodName":"assertThrows","fileName":"Assertions.java","lineNumber":3115,"nativeMethod":false,"className":"org.junit.jupiter.api.Assertions"},{"classLoaderName":"app","moduleName":null,"moduleVersion":null,"methodName":"testGetCampaignFail","fileName":"CampaignServiceImplTest.java","lineNumber":95,"nativeMethod":false,"className":"com.campaign.service.impl.CampaignServiceImplTest"},{"classLoaderName":null,"moduleName":"java.base","moduleVersion":"17.0.10","methodName":"invoke0","fileName":"NativeMethodAccessorImpl.java","lineNumber":-2,"nativeMethod":true,"className":"jdk.internal.reflect.NativeMethodAccessorImpl"},{"classLoaderName":null,"moduleName":"java.base","moduleVersion":"17.0.10","methodName":"invoke","fileName":"NativeMethodAccessorImpl.java","lineNumber":77,"nativeMethod":false,"className":"jdk.internal.reflect.NativeMethodAccessorImpl"},{"classLoaderName":null,"moduleName":"java.base","moduleVersion":"17.0.10","methodName":"invoke","fileName":"DelegatingMethodAccessorImpl.java","lineNumber":43,"nativeMethod":false,"className":"jdk.internal.reflect.DelegatingMethodAccessorImpl"},{"classLoaderName":null,"moduleName":"java.base","moduleVersion":"17.0.10","methodName":"invoke","fileName":"Method.java","lineNumber":568,"nativeMethod":false,"className":"java.lang.reflect.Method"},{"classLoaderName":"app","moduleName":null,"moduleVersion":null,"methodName":"invokeMethod","fileName":"ReflectionUtils.java","lineNumber":728,"nativeMethod":false,"className":"org.junit.platform.commons.util.ReflectionUtils"},{"classLoaderName":"app","moduleName":null,"moduleVersion":null,"methodName":"proceed","fileName":"MethodInvocation.java","lineNumber":60,"nativeMethod":false,"className":"org.junit.jupiter.engine.execution.MethodInvocation"},{"classLoaderName":"app","moduleName":null,"moduleVersion":null,"methodName":"proceed","fileName":"InvocationInterceptorChain.java","lineNumber":131,"nativeMethod":false,"className":"org.junit.jupiter.engine.execution.InvocationInterceptorChain$ValidatingInvocation"},{"classLoaderName":"app","moduleName":null,"moduleVersion":null,"methodName":"intercept","fileName":"TimeoutExtension.java","lineNumber":156,"nativeMethod":false,"className":"org.junit.jupiter.engine.extension.TimeoutExtension"},{"classLoaderName":"app","moduleName":null,"moduleVersion":null,"methodName":"interceptTestableMethod","fileName":"TimeoutExtension.java","lineNumber":147,"nativeMethod":false,"className":"org.junit.jupiter.engine.extension.TimeoutExtension"},{"classLoaderName":"app","moduleName":null,"moduleVersion":null,"methodName":"interceptTestMethod","fileName":"TimeoutExtension.java","lineNumber":86,"nativeMethod":false,"className":"org.junit.jupiter.engine.extension.TimeoutExtension"},{"classLoaderName":"app","moduleName":null,"moduleVersion":null,"methodName":"lambda$ofVoidMethod$0","fileName":"InterceptingExecutableInvoker.java","lineNumber":103,"nativeMethod":false,"className":"org.junit.jupiter.engine.execution.InterceptingExecutableInvoker$ReflectiveInterceptorCall"},{"classLoaderName":"app","moduleName":null,"moduleVersion":null,"methodName":"lambda$invoke$0","fileName":"InterceptingExecutableInvoker.java","lineNumber":93,"nativeMethod":false,"className":"org.junit.jupiter.engine.execution.InterceptingExecutableInvoker"},{"classLoaderName":"app","moduleName":null,"moduleVersion":null,"methodName":"proceed","fileName":"InvocationInterceptorChain.java","lineNumber":106,"nativeMethod":false,"className":"org.junit.jupiter.engine.execution.InvocationInterceptorChain$InterceptedInvocation"},{"classLoaderName":"app","moduleName":null,"moduleVersion":null,"methodName":"proceed","fileName":"InvocationInterceptorChain.java","lineNumber":64,"nativeMethod":false,"className":"org.junit.jupiter.engine.execution.InvocationInterceptorChain"},{"classLoaderName":"app","moduleName":null,"moduleVersion":null,"methodName":"chainAndInvoke","fileName":"InvocationInterceptorChain.java","lineNumber":45,"nativeMethod":false,"className":"org.junit.jupiter.engine.execution.InvocationInterceptorChain"},{"classLoaderName":"app","moduleName":null,"moduleVersion":null,"methodName":"invoke","fileName":"InvocationInterceptorChain.java","lineNumber":37,"nativeMethod":false,"className":"org.junit.jupiter.engine.execution.InvocationInterceptorChain"},{"classLoaderName":"app","moduleName":null,"moduleVersion":null,"methodName":"invoke","fileName":"InterceptingExecutableInvoker.java","lineNumber":92,"nativeMethod":false,"className":"org.junit.jupiter.engine.execution.InterceptingExecutableInvoker"},{"classLoaderName":"app","moduleName":null,"moduleVersion":null,"methodName":"invoke","fileName":"InterceptingExecutableInvoker.java","lineNumber":86,"nativeMethod":false,"className":"org.junit.jupiter.engine.execution.InterceptingExecutableInvoker"},{"classLoaderName":"app","moduleName":null,"moduleVersion":null,"methodName":"lambda$invokeTestMethod$7","fileName":"TestMethodTestDescriptor.java","lineNumber":218,"nativeMethod":false,"className":"org.junit.jupiter.engine.descriptor.TestMethodTestDescriptor"},{"classLoaderName":"app","moduleName":null,"moduleVersion":null,"methodName":"execute","fileName":"ThrowableCollector.java","lineNumber":73,"nativeMethod":false,"className":"org.junit.platform.engine.support.hierarchical.ThrowableCollector"},{"classLoaderName":"app","moduleName":null,"moduleVersion":null,"methodName":"invokeTestMethod","fileName":"TestMethodTestDescriptor.java","lineNumber":214,"nativeMethod":false,"className":"org.junit.jupiter.engine.descriptor.TestMethodTestDescriptor"},{"classLoaderName":"app","moduleName":null,"moduleVersion":null,"methodName":"execute","fileName":"TestMethodTestDescriptor.java","lineNumber":139,"nativeMethod":false,"className":"org.junit.jupiter.engine.descriptor.TestMethodTestDescriptor"},{"classLoaderName":"app","moduleName":null,"moduleVersion":null,"methodName":"execute","fileName":"TestMethodTestDescriptor.java","lineNumber":69,"nativeMethod":false,"className":"org.junit.jupiter.engine.descriptor.TestMethodTestDescriptor"},{"classLoaderName":"app","moduleName":null,"moduleVersion":null,"methodName":"lambda$executeRecursively$6","fileName":"NodeTestTask.java","lineNumber":151,"nativeMethod":false,"className":"org.junit.platform.engine.support.hierarchical.NodeTestTask"},{"classLoaderName":"app","moduleName":null,"moduleVersion":null,"methodName":"execute","fileName":"ThrowableCollector.java","lineNumber":73,"nativeMethod":false,"className":"org.junit.platform.engine.support.hierarchical.ThrowableCollector"},{"classLoaderName":"app","moduleName":null,"moduleVersion":null,"methodName":"lambda$executeRecursively$8","fileName":"NodeTestTask.java","lineNumber":141,"nativeMethod":false,"className":"org.junit.platform.engine.support.hierarchical.NodeTestTask"},{"classLoaderName":"app","moduleName":null,"moduleVersion":null,"methodName":"around","fileName":"Node.java","lineNumber":137,"nativeMethod":false,"className":"org.junit.platform.engine.support.hierarchical.Node"},{"classLoaderName":"app","moduleName":null,"moduleVersion":null,"methodName":"lambda$executeRecursively$9","fileName":"NodeTestTask.java","lineNumber":139,"nativeMethod":false,"className":"org.junit.platform.engine.support.hierarchical.NodeTestTask"},{"classLoaderName":"app","moduleName":null,"moduleVersion":null,"methodName":"execute","fileName":"ThrowableCollector.java","lineNumber":73,"nativeMethod":false,"className":"org.junit.platform.engine.support.hierarchical.ThrowableCollector"},{"classLoaderName":"app","moduleName":null,"moduleVersion":null,"methodName":"executeRecursively","fileName":"NodeTestTask.java","lineNumber":138,"nativeMethod":false,"className":"org.junit.platform.engine.support.hierarchical.NodeTestTask"},{"classLoaderName":"app","moduleName":null,"moduleVersion":null,"methodName":"execute","fileName":"NodeTestTask.java","lineNumber":95,"nativeMethod":false,"className":"org.junit.platform.engine.support.hierarchical.NodeTestTask"},{"classLoaderName":null,"moduleName":"java.base","moduleVersion":"17.0.10","methodName":"forEach","fileName":"ArrayList.java","lineNumber":1511,"nativeMethod":false,"className":"java.util.ArrayList"},{"classLoaderName":"app","moduleName":null,"moduleVersion":null,"methodName":"invokeAll","fileName":"SameThreadHierarchicalTestExecutorService.java","lineNumber":41,"nativeMethod":false,"className":"org.junit.platform.engine.support.hierarchical.SameThreadHierarchicalTestExecutorService"},{"classLoaderName":"app","moduleName":null,"moduleVersion":null,"methodName":"lambda$executeRecursively$6","fileName":"NodeTestTask.java","lineNumber":155,"nativeMethod":false,"className":"org.junit.platform.engine.support.hierarchical.NodeTestTask"},{"classLoaderName":"app","moduleName":null,"moduleVersion":null,"methodName":"execute","fileName":"ThrowableCollector.java","lineNumber":73,"nativeMethod":false,"className":"org.junit.platform.engine.support.hierarchical.ThrowableCollector"},{"classLoaderName":"app","moduleName":null,"moduleVersion":null,"methodName":"lambda$executeRecursively$8","fileName":"NodeTestTask.java","lineNumber":141,"nativeMethod":false,"className":"org.junit.platform.engine.support.hierarchical.NodeTestTask"},{"classLoaderName":"app","moduleName":null,"moduleVersion":null,"methodName":"around","fileName":"Node.java","lineNumber":137,"nativeMethod":false,"className":"org.junit.platform.engine.support.hierarchical.Node"},{"classLoaderName":"app","moduleName":null,"moduleVersion":null,"methodName":"lambda$executeRecursively$9","fileName":"NodeTestTask.java","lineNumber":139,"nativeMethod":false,"className":"org.junit.platform.engine.support.hierarchical.NodeTestTask"},{"classLoaderName":"app","moduleName":null,"moduleVersion":null,"methodName":"execute","fileName":"ThrowableCollector.java","lineNumber":73,"nativeMethod":false,"className":"org.junit.platform.engine.support.hierarchical.ThrowableCollector"},{"classLoaderName":"app","moduleName":null,"moduleVersion":null,"methodName":"executeRecursively","fileName":"NodeTestTask.java","lineNumber":138,"nativeMethod":false,"className":"org.junit.platform.engine.support.hierarchical.NodeTestTask"},{"classLoaderName":"app","moduleName":null,"moduleVersion":null,"methodName":"execute","fileName":"NodeTestTask.java","lineNumber":95,"nativeMethod":false,"className":"org.junit.platform.engine.support.hierarchical.NodeTestTask"},{"classLoaderName":null,"moduleName":"java.base","moduleVersion":"17.0.10","methodName":"forEach","fileName":"ArrayList.java","lineNumber":1511,"nativeMethod":false,"className":"java.util.ArrayList"},{"classLoaderName":"app","moduleName":null,"moduleVersion":null,"methodName":"invokeAll","fileName":"SameThreadHierarchicalTestExecutorService.java","lineNumber":41,"nativeMethod":false,"className":"org.junit.platform.engine.support.hierarchical.SameThreadHierarchicalTestExecutorService"},{"classLoaderName":"app","moduleName":null,"moduleVersion":null,"methodName":"lambda$executeRecursively$6","fileName":"NodeTestTask.java","lineNumber":155,"nativeMethod":false,"className":"org.junit.platform.engine.support.hierarchical.NodeTestTask"},{"classLoaderName":"app","moduleName":null,"moduleVersion":null,"methodName":"execute","fileName":"ThrowableCollector.java","lineNumber":73,"nativeMethod":false,"className":"org.junit.platform.engine.support.hierarchical.ThrowableCollector"},{"classLoaderName":"app","moduleName":null,"moduleVersion":null,"methodName":"lambda$executeRecursively$8","fileName":"NodeTestTask.java","lineNumber":141,"nativeMethod":false,"className":"org.junit.platform.engine.support.hierarchical.NodeTestTask"},{"classLoaderName":"app","moduleName":null,"moduleVersion":null,"methodName":"around","fileName":"Node.java","lineNumber":137,"nativeMethod":false,"className":"org.junit.platform.engine.support.hierarchical.Node"},{"classLoaderName":"app","moduleName":null,"moduleVersion":null,"methodName":"lambda$executeRecursively$9","fileName":"NodeTestTask.java","lineNumber":139,"nativeMethod":false,"className":"org.junit.platform.engine.support.hierarchical.NodeTestTask"},{"classLoaderName":"app","moduleName":null,"moduleVersion":null,"methodName":"execute","fileName":"ThrowableCollector.java","lineNumber":73,"nativeMethod":false,"className":"org.junit.platform.engine.support.hierarchical.ThrowableCollector"},{"classLoaderName":"app","moduleName":null,"moduleVersion":null,"methodName":"executeRecursively","fileName":"NodeTestTask.java","lineNumber":138,"nativeMethod":false,"className":"org.junit.platform.engine.support.hierarchical.NodeTestTask"},{"classLoaderName":"app","moduleName":null,"moduleVersion":null,"methodName":"execute","fileName":"NodeTestTask.java","lineNumber":95,"nativeMethod":false,"className":"org.junit.platform.engine.support.hierarchical.NodeTestTask"},{"classLoaderName":"app","moduleName":null,"moduleVersion":null,"methodName":"submit","fileName":"SameThreadHierarchicalTestExecutorService.java","lineNumber":35,"nativeMethod":false,"className":"org.junit.platform.engine.support.hierarchical.SameThreadHierarchicalTestExecutorService"},{"classLoaderName":"app","moduleName":null,"moduleVersion":null,"methodName":"execute","fileName":"HierarchicalTestExecutor.java","lineNumber":57,"nativeMethod":false,"className":"org.junit.platform.engine.support.hierarchical.HierarchicalTestExecutor"},{"classLoaderName":"app","moduleName":null,"moduleVersion":null,"methodName":"execute","fileName":"HierarchicalTestEngine.java","lineNumber":54,"nativeMethod":false,"className":"org.junit.platform.engine.support.hierarchical.HierarchicalTestEngine"},{"classLoaderName":"app","moduleName":null,"moduleVersion":null,"methodName":"execute","fileName":"EngineExecutionOrchestrator.java","lineNumber":198,"nativeMethod":false,"className":"org.junit.platform.launcher.core.EngineExecutionOrchestrator"},{"classLoaderName":"app","moduleName":null,"moduleVersion":null,"methodName":"execute","fileName":"EngineExecutionOrchestrator.java","lineNumber":169,"nativeMethod":false,"className":"org.junit.platform.launcher.core.EngineExecutionOrchestrator"},{"classLoaderName":"app","moduleName":null,"moduleVersion":null,"methodName":"execute","fileName":"EngineExecutionOrchestrator.java","lineNumber":93,"nativeMethod":false,"className":"org.junit.platform.launcher.core.EngineExecutionOrchestrator"},{"classLoaderName":"app","moduleName":null,"moduleVersion":null,"methodName":"lambda$execute$0","fileName":"EngineExecutionOrchestrator.java","lineNumber":58,"nativeMethod":false,"className":"org.junit.platform.launcher.core.EngineExecutionOrchestrator"},{"classLoaderName":"app","moduleName":null,"moduleVersion":null,"methodName":"withInterceptedStreams","fileName":"EngineExecutionOrchestrator.java","lineNumber":141,"nativeMethod":false,"className":"org.junit.platform.launcher.core.EngineExecutionOrchestrator"},{"classLoaderName":"app","moduleName":null,"moduleVersion":null,"methodName":"execute","fileName":"EngineExecutionOrchestrator.java","lineNumber":57,"nativeMethod":false,"className":"org.junit.platform.launcher.core.EngineExecutionOrchestrator"},{"classLoaderName":"app","moduleName":null,"moduleVersion":null,"methodName":"execute","fileName":"DefaultLauncher.java","lineNumber":103,"nativeMethod":false,"className":"org.junit.platform.launcher.core.DefaultLauncher"},{"classLoaderName":"app","moduleName":null,"moduleVersion":null,"methodName":"execute","fileName":"DefaultLauncher.java","lineNumber":85,"nativeMethod":false,"className":"org.junit.platform.launcher.core.DefaultLauncher"},{"classLoaderName":"app","moduleName":null,"moduleVersion":null,"methodName":"execute","fileName":"DelegatingLauncher.java","lineNumber":47,"nativeMethod":false,"className":"org.junit.platform.launcher.core.DelegatingLauncher"},{"classLoaderName":"app","moduleName":null,"moduleVersion":null,"methodName":"execute","fileName":"LazyLauncher.java","lineNumber":56,"nativeMethod":false,"className":"org.apache.maven.surefire.junitplatform.LazyLauncher"},{"classLoaderName":"app","moduleName":null,"moduleVersion":null,"methodName":"execute","fileName":"JUnitPlatformProvider.java","lineNumber":184,"nativeMethod":false,"className":"org.apache.maven.surefire.junitplatform.JUnitPlatformProvider"},{"classLoaderName":"app","moduleName":null,"moduleVersion":null,"methodName":"invokeAllTests","fileName":"JUnitPlatformProvider.java","lineNumber":148,"nativeMethod":false,"className":"org.apache.maven.surefire.junitplatform.JUnitPlatformProvider"},{"classLoaderName":"app","moduleName":null,"moduleVersion":null,"methodName":"invoke","fileName":"JUnitPlatformProvider.java","lineNumber":122,"nativeMethod":false,"className":"org.apache.maven.surefire.junitplatform.JUnitPlatformProvider"},{"classLoaderName":"app","moduleName":null,"moduleVersion":null,"methodName":"runSuitesInProcess","fileName":"ForkedBooter.java","lineNumber":385,"nativeMethod":false,"className":"org.apache.maven.surefire.booter.ForkedBooter"},{"classLoaderName":"app","moduleName":null,"moduleVersion":null,"methodName":"execute","fileName":"ForkedBooter.java","lineNumber":162,"nativeMethod":false,"className":"org.apache.maven.surefire.booter.ForkedBooter"},{"classLoaderName":"app","moduleName":null,"moduleVersion":null,"methodName":"run","fileName":"ForkedBooter.java","lineNumber":507,"nativeMethod":false,"className":"org.apache.maven.surefire.booter.ForkedBooter"},{"classLoaderName":"app","moduleName":null,"moduleVersion":null,"methodName":"main","fileName":"ForkedBooter.java","lineNumber":495,"nativeMethod":false,"className":"org.apache.maven.surefire.booter.ForkedBooter"}],"message":"No Campaigns Present !!","suppressed":[],"localizedMessage":"No Campaigns Present !!"}
]]></system-out>
  </testcase>
  <testcase name="testGetCampaignSuccessFull" classname="com.campaign.service.impl.CampaignServiceImplTest" time="0.008">
    <system-out><![CDATA[2024-07-16T17:55:22.944-05:00  INFO 87839 --- [campaign-dev] [           main] c.c.service.impl.CampaignServiceImpl     : CampaignServiceImpl: getCampaigns invoked
2024-07-16T17:55:22.945-05:00  INFO 87839 --- [campaign-dev] [           main] c.c.service.impl.CampaignServiceImpl     : CampaignServiceImpl: getCampaigns reponse object: [{"id":2,"campaignName":"test campaign","description":"description","purpose":"some purpose","goalAmount":66300.0,"currentAmount":52.5},{"id":0,"campaignName":"test1 campaign","description":"description 1","purpose":"some purpose 1","goalAmount":677000.0,"currentAmount":566.5}]
]]></system-out>
  </testcase>
</testsuite>